<?xml version="1.0" encoding="UTF-8"?>
<testsuites name="deno test" tests="1189" failures="0" errors="0" time="15.571">
    <testsuite name="./tests/e2e/generated/raw-rest-client-tests/gitlab/19.3.1/generated-raw-rest-client-e2e_test.ts" tests="1" disabled="0" errors="0" failures="0">
        <testcase name="gitlab 19.3.1 generated raw REST-client E2E" classname="./tests/e2e/generated/raw-rest-client-tests/gitlab/19.3.1/generated-raw-rest-client-e2e_test.ts" time="15.551" line="5" col="6">
        </testcase>
    </testsuite>
    <testsuite name="./tests/e2e/runner/run-generated-raw-rest-client-test.ts" tests="1188" disabled="0" errors="0" failures="0">
        <testcase name="gitlab 19.3.1 generated raw REST-client E2E &gt; Private project lifecycle through generated GitLab methods: getApiV4Metadata" classname="./tests/e2e/runner/run-generated-raw-rest-client-test.ts" time="0.032" line="261" col="17">
        </testcase>
        <testcase name="gitlab 19.3.1 generated raw REST-client E2E &gt; Private project lifecycle through generated GitLab methods: postApiV4Projects" classname="./tests/e2e/runner/run-generated-raw-rest-client-test.ts" time="0.276" line="261" col="17">
        </testcase>
        <testcase name="gitlab 19.3.1 generated raw REST-client E2E &gt; Private project lifecycle through generated GitLab methods: getApiV4ProjectsId" classname="./tests/e2e/runner/run-generated-raw-rest-client-test.ts" time="0.057" line="261" col="17">
        </testcase>
        <testcase name="gitlab 19.3.1 generated raw REST-client E2E &gt; Private project lifecycle through generated GitLab methods: postApiV4ProjectsIdRepositoryBranches" classname="./tests/e2e/runner/run-generated-raw-rest-client-test.ts" time="0.114" line="261" col="17">
        </testcase>
        <testcase name="gitlab 19.3.1 generated raw REST-client E2E &gt; Private project lifecycle through generated GitLab methods: getApiV4ProjectsIdRepositoryBranchesBranch" classname="./tests/e2e/runner/run-generated-raw-rest-client-test.ts" time="0.034" line="261" col="17">
        </testcase>
        <testcase name="gitlab 19.3.1 generated raw REST-client E2E &gt; Private project lifecycle through generated GitLab methods: postApiV4ProjectsIdRepositoryCommits" classname="./tests/e2e/runner/run-generated-raw-rest-client-test.ts" time="0.138" line="261" col="17">
        </testcase>
        <testcase name="gitlab 19.3.1 generated raw REST-client E2E &gt; Private project lifecycle through generated GitLab methods: getApiV4ProjectsIdRepositoryFilesFilePath" classname="./tests/e2e/runner/run-generated-raw-rest-client-test.ts" time="0.031" line="261" col="17">
        </testcase>
        <testcase name="gitlab 19.3.1 generated raw REST-client E2E &gt; Private project lifecycle through generated GitLab methods: getApiV4ProjectsIdRepositoryCommitsSha" classname="./tests/e2e/runner/run-generated-raw-rest-client-test.ts" time="0.029" line="261" col="17">
        </testcase>
        <testcase name="gitlab 19.3.1 generated raw REST-client E2E &gt; Private project lifecycle through generated GitLab methods: postApiV4ProjectsIdIssues" classname="./tests/e2e/runner/run-generated-raw-rest-client-test.ts" time="0.204" line="261" col="17">
        </testcase>
        <testcase name="gitlab 19.3.1 generated raw REST-client E2E &gt; Private project lifecycle through generated GitLab methods: getApiV4ProjectsIdIssuesIssueIid" classname="./tests/e2e/runner/run-generated-raw-rest-client-test.ts" time="0.046" line="261" col="17">
        </testcase>
        <testcase name="gitlab 19.3.1 generated raw REST-client E2E &gt; Private project lifecycle through generated GitLab methods: putApiV4ProjectsId" classname="./tests/e2e/runner/run-generated-raw-rest-client-test.ts" time="0.080" line="261" col="17">
        </testcase>
        <testcase name="gitlab 19.3.1 generated raw REST-client E2E &gt; Private project lifecycle through generated GitLab methods: getApiV4ProjectsIdRepositoryBranches" classname="./tests/e2e/runner/run-generated-raw-rest-client-test.ts" time="0.056" line="261" col="17">
        </testcase>
        <testcase name="gitlab 19.3.1 generated raw REST-client E2E &gt; Private project lifecycle through generated GitLab methods: getApiV4ProjectsIdRepositoryCommits" classname="./tests/e2e/runner/run-generated-raw-rest-client-test.ts" time="0.028" line="261" col="17">
        </testcase>
        <testcase name="gitlab 19.3.1 generated raw REST-client E2E &gt; Private project lifecycle through generated GitLab methods: getApiV4ProjectsIdRepositoryCommitsShaDiff" classname="./tests/e2e/runner/run-generated-raw-rest-client-test.ts" time="0.028" line="261" col="17">
        </testcase>
        <testcase name="gitlab 19.3.1 generated raw REST-client E2E &gt; Private project lifecycle through generated GitLab methods: getApiV4ProjectsIdRepositoryCommitsShaRefs" classname="./tests/e2e/runner/run-generated-raw-rest-client-test.ts" time="0.028" line="261" col="17">
        </testcase>
        <testcase name="gitlab 19.3.1 generated raw REST-client E2E &gt; Private project lifecycle through generated GitLab methods: getApiV4ProjectsIdRepositoryCompare" classname="./tests/e2e/runner/run-generated-raw-rest-client-test.ts" time="0.038" line="261" col="17">
        </testcase>
        <testcase name="gitlab 19.3.1 generated raw REST-client E2E &gt; Private project lifecycle through generated GitLab methods: getApiV4ProjectsIdRepositoryTree" classname="./tests/e2e/runner/run-generated-raw-rest-client-test.ts" time="0.034" line="261" col="17">
        </testcase>
        <testcase name="gitlab 19.3.1 generated raw REST-client E2E &gt; Private project lifecycle through generated GitLab methods: postApiV4ProjectsIdRepositoryTags" classname="./tests/e2e/runner/run-generated-raw-rest-client-test.ts" time="0.102" line="261" col="17">
        </testcase>
        <testcase name="gitlab 19.3.1 generated raw REST-client E2E &gt; Private project lifecycle through generated GitLab methods: getApiV4ProjectsIdRepositoryTagsTagName" classname="./tests/e2e/runner/run-generated-raw-rest-client-test.ts" time="0.029" line="261" col="17">
        </testcase>
        <testcase name="gitlab 19.3.1 generated raw REST-client E2E &gt; Private project lifecycle through generated GitLab methods: getApiV4ProjectsIdRepositoryTags" classname="./tests/e2e/runner/run-generated-raw-rest-client-test.ts" time="0.031" line="261" col="17">
        </testcase>
        <testcase name="gitlab 19.3.1 generated raw REST-client E2E &gt; Private project lifecycle through generated GitLab methods: postApiV4ProjectsIdStatusesSha" classname="./tests/e2e/runner/run-generated-raw-rest-client-test.ts" time="0.108" line="261" col="17">
        </testcase>
        <testcase name="gitlab 19.3.1 generated raw REST-client E2E &gt; Private project lifecycle through generated GitLab methods: getApiV4ProjectsIdRepositoryCommitsShaStatuses" classname="./tests/e2e/runner/run-generated-raw-rest-client-test.ts" time="0.087" line="261" col="17">
        </testcase>
        <testcase name="gitlab 19.3.1 generated raw REST-client E2E &gt; Private project lifecycle through generated GitLab methods: putApiV4ProjectsIdIssuesIssueIid" classname="./tests/e2e/runner/run-generated-raw-rest-client-test.ts" time="0.114" line="261" col="17">
        </testcase>
        <testcase name="gitlab 19.3.1 generated raw REST-client E2E &gt; Private project lifecycle through generated GitLab methods: getApiV4ProjectsIdIssues" classname="./tests/e2e/runner/run-generated-raw-rest-client-test.ts" time="0.081" line="261" col="17">
        </testcase>
        <testcase name="gitlab 19.3.1 generated raw REST-client E2E &gt; Private project lifecycle through generated GitLab methods: postApiV4ProjectsIdMergeRequests" classname="./tests/e2e/runner/run-generated-raw-rest-client-test.ts" time="0.106" line="261" col="17">
        </testcase>
        <testcase name="gitlab 19.3.1 generated raw REST-client E2E &gt; Private project lifecycle through generated GitLab methods: getApiV4ProjectsIdMergeRequestsMergeRequestIid" classname="./tests/e2e/runner/run-generated-raw-rest-client-test.ts" time="0.047" line="261" col="17">
        </testcase>
        <testcase name="gitlab 19.3.1 generated raw REST-client E2E &gt; Private project lifecycle through generated GitLab methods: putApiV4ProjectsIdMergeRequestsMergeRequestIid" classname="./tests/e2e/runner/run-generated-raw-rest-client-test.ts" time="0.107" line="261" col="17">
        </testcase>
        <testcase name="gitlab 19.3.1 generated raw REST-client E2E &gt; Private project lifecycle through generated GitLab methods: getApiV4ProjectsIdMergeRequests" classname="./tests/e2e/runner/run-generated-raw-rest-client-test.ts" time="0.056" line="261" col="17">
        </testcase>
        <testcase name="gitlab 19.3.1 generated raw REST-client E2E &gt; Private project lifecycle through generated GitLab methods: postApiV4ProjectsIdReleases" classname="./tests/e2e/runner/run-generated-raw-rest-client-test.ts" time="0.066" line="261" col="17">
        </testcase>
        <testcase name="gitlab 19.3.1 generated raw REST-client E2E &gt; Private project lifecycle through generated GitLab methods: getApiV4ProjectsIdReleasesTagName" classname="./tests/e2e/runner/run-generated-raw-rest-client-test.ts" time="0.035" line="261" col="17">
        </testcase>
        <testcase name="gitlab 19.3.1 generated raw REST-client E2E &gt; Private project lifecycle through generated GitLab methods: putApiV4ProjectsIdReleasesTagName" classname="./tests/e2e/runner/run-generated-raw-rest-client-test.ts" time="0.048" line="261" col="17">
        </testcase>
        <testcase name="gitlab 19.3.1 generated raw REST-client E2E &gt; Private project lifecycle through generated GitLab methods: getApiV4ProjectsIdReleases" classname="./tests/e2e/runner/run-generated-raw-rest-client-test.ts" time="0.092" line="261" col="17">
        </testcase>
        <testcase name="gitlab 19.3.1 generated raw REST-client E2E &gt; Private project lifecycle through generated GitLab methods: postApiV4ProjectsIdReleasesTagNameAssetsLinks" classname="./tests/e2e/runner/run-generated-raw-rest-client-test.ts" time="0.040" line="261" col="17">
        </testcase>
        <testcase name="gitlab 19.3.1 generated raw REST-client E2E &gt; Private project lifecycle through generated GitLab methods: getApiV4ProjectsIdReleasesTagNameAssetsLinksLinkId" classname="./tests/e2e/runner/run-generated-raw-rest-client-test.ts" time="0.027" line="261" col="17">
        </testcase>
        <testcase name="gitlab 19.3.1 generated raw REST-client E2E &gt; Private project lifecycle through generated GitLab methods: putApiV4ProjectsIdReleasesTagNameAssetsLinksLinkId" classname="./tests/e2e/runner/run-generated-raw-rest-client-test.ts" time="0.036" line="261" col="17">
        </testcase>
        <testcase name="gitlab 19.3.1 generated raw REST-client E2E &gt; Private project lifecycle through generated GitLab methods: getApiV4ProjectsIdReleasesTagNameAssetsLinks" classname="./tests/e2e/runner/run-generated-raw-rest-client-test.ts" time="0.026" line="261" col="17">
        </testcase>
        <testcase name="gitlab 19.3.1 generated raw REST-client E2E &gt; Private project lifecycle through generated GitLab methods: deleteApiV4ProjectsIdReleasesTagNameAssetsLinksLinkId" classname="./tests/e2e/runner/run-generated-raw-rest-client-test.ts" time="0.029" line="261" col="17">
        </testcase>
        <testcase name="gitlab 19.3.1 generated raw REST-client E2E &gt; Private project lifecycle through generated GitLab methods: getApiV4ProjectsIdReleasesTagNameAssetsLinksLinkId" classname="./tests/e2e/runner/run-generated-raw-rest-client-test.ts" time="0.021" line="261" col="17">
        </testcase>
        <testcase name="gitlab 19.3.1 generated raw REST-client E2E &gt; Private project lifecycle through generated GitLab methods: deleteApiV4ProjectsIdReleasesTagName" classname="./tests/e2e/runner/run-generated-raw-rest-client-test.ts" time="0.040" line="261" col="17">
        </testcase>
        <testcase name="gitlab 19.3.1 generated raw REST-client E2E &gt; Private project lifecycle through generated GitLab methods: deleteApiV4ProjectsIdRepositoryTagsTagName" classname="./tests/e2e/runner/run-generated-raw-rest-client-test.ts" time="0.087" line="261" col="17">
        </testcase>
        <testcase name="gitlab 19.3.1 generated raw REST-client E2E &gt; Private project lifecycle through generated GitLab methods: postApiV4ProjectsIdHooks" classname="./tests/e2e/runner/run-generated-raw-rest-client-test.ts" time="0.046" line="261" col="17">
        </testcase>
        <testcase name="gitlab 19.3.1 generated raw REST-client E2E &gt; Private project lifecycle through generated GitLab methods: getApiV4ProjectsIdHooksHookId" classname="./tests/e2e/runner/run-generated-raw-rest-client-test.ts" time="0.022" line="261" col="17">
        </testcase>
        <testcase name="gitlab 19.3.1 generated raw REST-client E2E &gt; Private project lifecycle through generated GitLab methods: putApiV4ProjectsIdHooksHookId" classname="./tests/e2e/runner/run-generated-raw-rest-client-test.ts" time="0.021" line="261" col="17">
        </testcase>
        <testcase name="gitlab 19.3.1 generated raw REST-client E2E &gt; Private project lifecycle through generated GitLab methods: getApiV4ProjectsIdHooks" classname="./tests/e2e/runner/run-generated-raw-rest-client-test.ts" time="0.019" line="261" col="17">
        </testcase>
        <testcase name="gitlab 19.3.1 generated raw REST-client E2E &gt; Private project lifecycle through generated GitLab methods: deleteApiV4ProjectsIdHooksHookId" classname="./tests/e2e/runner/run-generated-raw-rest-client-test.ts" time="0.020" line="261" col="17">
        </testcase>
        <testcase name="gitlab 19.3.1 generated raw REST-client E2E &gt; Private project lifecycle through generated GitLab methods: postApiV4ProjectsIdProtectedBranches" classname="./tests/e2e/runner/run-generated-raw-rest-client-test.ts" time="0.036" line="261" col="17">
        </testcase>
        <testcase name="gitlab 19.3.1 generated raw REST-client E2E &gt; Private project lifecycle through generated GitLab methods: getApiV4ProjectsIdProtectedBranchesName" classname="./tests/e2e/runner/run-generated-raw-rest-client-test.ts" time="0.024" line="261" col="17">
        </testcase>
        <testcase name="gitlab 19.3.1 generated raw REST-client E2E &gt; Private project lifecycle through generated GitLab methods: patchApiV4ProjectsIdProtectedBranchesName" classname="./tests/e2e/runner/run-generated-raw-rest-client-test.ts" time="0.024" line="261" col="17">
        </testcase>
        <testcase name="gitlab 19.3.1 generated raw REST-client E2E &gt; Private project lifecycle through generated GitLab methods: getApiV4ProjectsIdProtectedBranches" classname="./tests/e2e/runner/run-generated-raw-rest-client-test.ts" time="0.025" line="261" col="17">
        </testcase>
        <testcase name="gitlab 19.3.1 generated raw REST-client E2E &gt; Private project lifecycle through generated GitLab methods: deleteApiV4ProjectsIdProtectedBranchesName" classname="./tests/e2e/runner/run-generated-raw-rest-client-test.ts" time="0.028" line="261" col="17">
        </testcase>
        <testcase name="gitlab 19.3.1 generated raw REST-client E2E &gt; Private project lifecycle through generated GitLab methods: deleteApiV4ProjectsId" classname="./tests/e2e/runner/run-generated-raw-rest-client-test.ts" time="0.092" line="261" col="17">
        </testcase>
        <testcase name="gitlab 19.3.1 generated raw REST-client E2E &gt; Public discovery and package protocol metadata: getApiV4BroadcastMessages" classname="./tests/e2e/runner/run-generated-raw-rest-client-test.ts" time="0.014" line="261" col="17">
        </testcase>
        <testcase name="gitlab 19.3.1 generated raw REST-client E2E &gt; Public discovery and package protocol metadata: getApiV4Groups" classname="./tests/e2e/runner/run-generated-raw-rest-client-test.ts" time="0.016" line="261" col="17">
        </testcase>
        <testcase name="gitlab 19.3.1 generated raw REST-client E2E &gt; Public discovery and package protocol metadata: getApiV4GroupsIdPackagesNugetV2$metadata" classname="./tests/e2e/runner/run-generated-raw-rest-client-test.ts" time="0.051" line="261" col="17">
        </testcase>
        <testcase name="gitlab 19.3.1 generated raw REST-client E2E &gt; Public discovery and package protocol metadata: getApiV4PackagesConanV1Ping" classname="./tests/e2e/runner/run-generated-raw-rest-client-test.ts" time="0.012" line="261" col="17">
        </testcase>
        <testcase name="gitlab 19.3.1 generated raw REST-client E2E &gt; Public discovery and package protocol metadata: getApiV4Projects" classname="./tests/e2e/runner/run-generated-raw-rest-client-test.ts" time="0.018" line="261" col="17">
        </testcase>
        <testcase name="gitlab 19.3.1 generated raw REST-client E2E &gt; Public discovery and package protocol metadata: getApiV4ProjectsIdPackagesConanV1Ping" classname="./tests/e2e/runner/run-generated-raw-rest-client-test.ts" time="0.012" line="261" col="17">
        </testcase>
        <testcase name="gitlab 19.3.1 generated raw REST-client E2E &gt; Public discovery and package protocol metadata: getApiV4ProjectsIdPackagesNugetV2$metadata" classname="./tests/e2e/runner/run-generated-raw-rest-client-test.ts" time="0.010" line="261" col="17">
        </testcase>
        <testcase name="gitlab 19.3.1 generated raw REST-client E2E &gt; Public discovery and package protocol metadata: getApiV4Topics" classname="./tests/e2e/runner/run-generated-raw-rest-client-test.ts" time="0.015" line="261" col="17">
        </testcase>
        <testcase name="gitlab 19.3.1 generated raw REST-client E2E &gt; Public discovery and package protocol metadata: getApiV4UsageDataMetricDefinitions" classname="./tests/e2e/runner/run-generated-raw-rest-client-test.ts" time="0.407" line="261" col="17">
        </testcase>
        <testcase name="gitlab 19.3.1 generated raw REST-client E2E &gt; negative: deleteApiV4AdminCiVariablesKey" classname="./tests/e2e/runner/run-generated-raw-rest-client-test.ts" time="0.013" line="268" col="15">
        </testcase>
        <testcase name="gitlab 19.3.1 generated raw REST-client E2E &gt; negative: deleteApiV4AdminClustersClusterId" classname="./tests/e2e/runner/run-generated-raw-rest-client-test.ts" time="0.009" line="268" col="15">
        </testcase>
        <testcase name="gitlab 19.3.1 generated raw REST-client E2E &gt; negative: deleteApiV4ApplicationsId" classname="./tests/e2e/runner/run-generated-raw-rest-client-test.ts" time="0.008" line="268" col="15">
        </testcase>
        <testcase name="gitlab 19.3.1 generated raw REST-client E2E &gt; negative: deleteApiV4BroadcastMessagesId" classname="./tests/e2e/runner/run-generated-raw-rest-client-test.ts" time="0.011" line="268" col="15">
        </testcase>
        <testcase name="gitlab 19.3.1 generated raw REST-client E2E &gt; negative: deleteApiV4FeaturesName" classname="./tests/e2e/runner/run-generated-raw-rest-client-test.ts" time="0.008" line="268" col="15">
        </testcase>
        <testcase name="gitlab 19.3.1 generated raw REST-client E2E &gt; negative: deleteApiV4GroupsId" classname="./tests/e2e/runner/run-generated-raw-rest-client-test.ts" time="0.007" line="268" col="15">
        </testcase>
        <testcase name="gitlab 19.3.1 generated raw REST-client E2E &gt; negative: deleteApiV4GroupsIdAccessRequestsUserId" classname="./tests/e2e/runner/run-generated-raw-rest-client-test.ts" time="0.007" line="268" col="15">
        </testcase>
        <testcase name="gitlab 19.3.1 generated raw REST-client E2E &gt; negative: deleteApiV4GroupsIdBadgesBadgeId" classname="./tests/e2e/runner/run-generated-raw-rest-client-test.ts" time="0.007" line="268" col="15">
        </testcase>
        <testcase name="gitlab 19.3.1 generated raw REST-client E2E &gt; negative: deleteApiV4GroupsIdBillableMembersUserId" classname="./tests/e2e/runner/run-generated-raw-rest-client-test.ts" time="0.008" line="268" col="15">
        </testcase>
        <testcase name="gitlab 19.3.1 generated raw REST-client E2E &gt; negative: deleteApiV4GroupsIdClustersClusterId" classname="./tests/e2e/runner/run-generated-raw-rest-client-test.ts" time="0.007" line="268" col="15">
        </testcase>
        <testcase name="gitlab 19.3.1 generated raw REST-client E2E &gt; negative: deleteApiV4GroupsIdCustomAttributesKey" classname="./tests/e2e/runner/run-generated-raw-rest-client-test.ts" time="0.007" line="268" col="15">
        </testcase>
        <testcase name="gitlab 19.3.1 generated raw REST-client E2E &gt; negative: deleteApiV4GroupsIdDebianDistributionsCodename" classname="./tests/e2e/runner/run-generated-raw-rest-client-test.ts" time="0.012" line="268" col="15">
        </testcase>
        <testcase name="gitlab 19.3.1 generated raw REST-client E2E &gt; negative: deleteApiV4GroupsIdDependencyProxyCache" classname="./tests/e2e/runner/run-generated-raw-rest-client-test.ts" time="0.009" line="268" col="15">
        </testcase>
        <testcase name="gitlab 19.3.1 generated raw REST-client E2E &gt; negative: deleteApiV4GroupsIdDeployTokensTokenId" classname="./tests/e2e/runner/run-generated-raw-rest-client-test.ts" time="0.008" line="268" col="15">
        </testcase>
        <testcase name="gitlab 19.3.1 generated raw REST-client E2E &gt; negative: deleteApiV4GroupsIdEpicsEpicIidAwardEmojiAwardId" classname="./tests/e2e/runner/run-generated-raw-rest-client-test.ts" time="0.009" line="268" col="15">
        </testcase>
        <testcase name="gitlab 19.3.1 generated raw REST-client E2E &gt; negative: deleteApiV4GroupsIdEpicsEpicIidNotesNoteIdAwardEmojiAwardId" classname="./tests/e2e/runner/run-generated-raw-rest-client-test.ts" time="0.009" line="268" col="15">
        </testcase>
        <testcase name="gitlab 19.3.1 generated raw REST-client E2E &gt; negative: deleteApiV4GroupsIdIntegrationsSlug" classname="./tests/e2e/runner/run-generated-raw-rest-client-test.ts" time="0.010" line="268" col="15">
        </testcase>
        <testcase name="gitlab 19.3.1 generated raw REST-client E2E &gt; negative: deleteApiV4GroupsIdInvitationsEmail" classname="./tests/e2e/runner/run-generated-raw-rest-client-test.ts" time="0.007" line="268" col="15">
        </testcase>
        <testcase name="gitlab 19.3.1 generated raw REST-client E2E &gt; negative: deleteApiV4GroupsIdMembersUserId" classname="./tests/e2e/runner/run-generated-raw-rest-client-test.ts" time="0.008" line="268" col="15">
        </testcase>
        <testcase name="gitlab 19.3.1 generated raw REST-client E2E &gt; negative: deleteApiV4GroupsIdMembersUserIdOverride" classname="./tests/e2e/runner/run-generated-raw-rest-client-test.ts" time="0.007" line="268" col="15">
        </testcase>
        <testcase name="gitlab 19.3.1 generated raw REST-client E2E &gt; negative: deleteApiV4GroupsIdPackagesNpmPackage*packageNameDistTagsTag" classname="./tests/e2e/runner/run-generated-raw-rest-client-test.ts" time="0.007" line="268" col="15">
        </testcase>
        <testcase name="gitlab 19.3.1 generated raw REST-client E2E &gt; negative: deleteApiV4GroupsIdShareGroupId" classname="./tests/e2e/runner/run-generated-raw-rest-client-test.ts" time="0.009" line="268" col="15">
        </testcase>
        <testcase name="gitlab 19.3.1 generated raw REST-client E2E &gt; negative: deleteApiV4GroupsIdSharedProjectsProjectId" classname="./tests/e2e/runner/run-generated-raw-rest-client-test.ts" time="0.008" line="268" col="15">
        </testcase>
        <testcase name="gitlab 19.3.1 generated raw REST-client E2E &gt; negative: deleteApiV4GroupsIdSshCertificatesSshCertificatesId" classname="./tests/e2e/runner/run-generated-raw-rest-client-test.ts" time="0.008" line="268" col="15">
        </testcase>
        <testcase name="gitlab 19.3.1 generated raw REST-client E2E &gt; negative: deleteApiV4GroupsIdUploadsSecretFilename" classname="./tests/e2e/runner/run-generated-raw-rest-client-test.ts" time="0.008" line="268" col="15">
        </testcase>
        <testcase name="gitlab 19.3.1 generated raw REST-client E2E &gt; negative: deleteApiV4GroupsIdUploadsUploadId" classname="./tests/e2e/runner/run-generated-raw-rest-client-test.ts" time="0.008" line="268" col="15">
        </testcase>
        <testcase name="gitlab 19.3.1 generated raw REST-client E2E &gt; negative: deleteApiV4GroupsIdVariablesKey" classname="./tests/e2e/runner/run-generated-raw-rest-client-test.ts" time="0.007" line="268" col="15">
        </testcase>
        <testcase name="gitlab 19.3.1 generated raw REST-client E2E &gt; negative: deleteApiV4GroupsIdWikisSlug" classname="./tests/e2e/runner/run-generated-raw-rest-client-test.ts" time="0.010" line="268" col="15">
        </testcase>
        <testcase name="gitlab 19.3.1 generated raw REST-client E2E &gt; negative: deleteApiV4HooksHookId" classname="./tests/e2e/runner/run-generated-raw-rest-client-test.ts" time="0.008" line="268" col="15">
        </testcase>
        <testcase name="gitlab 19.3.1 generated raw REST-client E2E &gt; negative: deleteApiV4HooksHookIdCustomHeadersKey" classname="./tests/e2e/runner/run-generated-raw-rest-client-test.ts" time="0.008" line="268" col="15">
        </testcase>
        <testcase name="gitlab 19.3.1 generated raw REST-client E2E &gt; negative: deleteApiV4HooksHookIdUrlVariablesKey" classname="./tests/e2e/runner/run-generated-raw-rest-client-test.ts" time="0.008" line="268" col="15">
        </testcase>
        <testcase name="gitlab 19.3.1 generated raw REST-client E2E &gt; negative: deleteApiV4IntegrationsJiraForgeSubscriptionsId" classname="./tests/e2e/runner/run-generated-raw-rest-client-test.ts" time="0.009" line="268" col="15">
        </testcase>
        <testcase name="gitlab 19.3.1 generated raw REST-client E2E &gt; negative: deleteApiV4NamespacesIdStorageLimitExclusion" classname="./tests/e2e/runner/run-generated-raw-rest-client-test.ts" time="0.008" line="268" col="15">
        </testcase>
        <testcase name="gitlab 19.3.1 generated raw REST-client E2E &gt; negative: deleteApiV4OrganizationsId" classname="./tests/e2e/runner/run-generated-raw-rest-client-test.ts" time="0.008" line="268" col="15">
        </testcase>
        <testcase name="gitlab 19.3.1 generated raw REST-client E2E &gt; negative: deleteApiV4PackagesConanV1ConansPackageNamePackageVersionPackageUsernamePackageChannel" classname="./tests/e2e/runner/run-generated-raw-rest-client-test.ts" time="0.010" line="268" col="15">
        </testcase>
        <testcase name="gitlab 19.3.1 generated raw REST-client E2E &gt; negative: deleteApiV4PackagesNpmPackage*packageNameDistTagsTag" classname="./tests/e2e/runner/run-generated-raw-rest-client-test.ts" time="0.008" line="268" col="15">
        </testcase>
        <testcase name="gitlab 19.3.1 generated raw REST-client E2E &gt; negative: deleteApiV4PersonalAccessTokensId" classname="./tests/e2e/runner/run-generated-raw-rest-client-test.ts" time="0.007" line="268" col="15">
        </testcase>
        <testcase name="gitlab 19.3.1 generated raw REST-client E2E &gt; negative: deleteApiV4PersonalAccessTokensSelf" classname="./tests/e2e/runner/run-generated-raw-rest-client-test.ts" time="0.008" line="268" col="15">
        </testcase>
        <testcase name="gitlab 19.3.1 generated raw REST-client E2E &gt; negative: deleteApiV4ProjectsIdAccessRequestsUserId" classname="./tests/e2e/runner/run-generated-raw-rest-client-test.ts" time="0.007" line="268" col="15">
        </testcase>
        <testcase name="gitlab 19.3.1 generated raw REST-client E2E &gt; negative: deleteApiV4ProjectsIdAlertManagementAlertsAlertIidMetricImagesMetricImageId" classname="./tests/e2e/runner/run-generated-raw-rest-client-test.ts" time="0.011" line="268" col="15">
        </testcase>
        <testcase name="gitlab 19.3.1 generated raw REST-client E2E &gt; negative: deleteApiV4ProjectsIdArtifacts" classname="./tests/e2e/runner/run-generated-raw-rest-client-test.ts" time="0.008" line="268" col="15">
        </testcase>
        <testcase name="gitlab 19.3.1 generated raw REST-client E2E &gt; negative: deleteApiV4ProjectsIdBadgesBadgeId" classname="./tests/e2e/runner/run-generated-raw-rest-client-test.ts" time="0.009" line="268" col="15">
        </testcase>
        <testcase name="gitlab 19.3.1 generated raw REST-client E2E &gt; negative: deleteApiV4ProjectsIdClusterAgentsAgentId" classname="./tests/e2e/runner/run-generated-raw-rest-client-test.ts" time="0.008" line="268" col="15">
        </testcase>
        <testcase name="gitlab 19.3.1 generated raw REST-client E2E &gt; negative: deleteApiV4ProjectsIdClusterAgentsAgentIdTokensTokenId" classname="./tests/e2e/runner/run-generated-raw-rest-client-test.ts" time="0.008" line="268" col="15">
        </testcase>
        <testcase name="gitlab 19.3.1 generated raw REST-client E2E &gt; negative: deleteApiV4ProjectsIdClustersClusterId" classname="./tests/e2e/runner/run-generated-raw-rest-client-test.ts" time="0.008" line="268" col="15">
        </testcase>
        <testcase name="gitlab 19.3.1 generated raw REST-client E2E &gt; negative: deleteApiV4ProjectsIdCustomAttributesKey" classname="./tests/e2e/runner/run-generated-raw-rest-client-test.ts" time="0.009" line="268" col="15">
        </testcase>
        <testcase name="gitlab 19.3.1 generated raw REST-client E2E &gt; negative: deleteApiV4ProjectsIdDebianDistributionsCodename" classname="./tests/e2e/runner/run-generated-raw-rest-client-test.ts" time="0.010" line="268" col="15">
        </testcase>
        <testcase name="gitlab 19.3.1 generated raw REST-client E2E &gt; negative: deleteApiV4ProjectsIdDeployKeysKeyId" classname="./tests/e2e/runner/run-generated-raw-rest-client-test.ts" time="0.009" line="268" col="15">
        </testcase>
        <testcase name="gitlab 19.3.1 generated raw REST-client E2E &gt; negative: deleteApiV4ProjectsIdDeployTokensTokenId" classname="./tests/e2e/runner/run-generated-raw-rest-client-test.ts" time="0.010" line="268" col="15">
        </testcase>
        <testcase name="gitlab 19.3.1 generated raw REST-client E2E &gt; negative: deleteApiV4ProjectsIdDeploymentsDeploymentId" classname="./tests/e2e/runner/run-generated-raw-rest-client-test.ts" time="0.008" line="268" col="15">
        </testcase>
        <testcase name="gitlab 19.3.1 generated raw REST-client E2E &gt; negative: deleteApiV4ProjectsIdEnvironmentsEnvironmentId" classname="./tests/e2e/runner/run-generated-raw-rest-client-test.ts" time="0.009" line="268" col="15">
        </testcase>
        <testcase name="gitlab 19.3.1 generated raw REST-client E2E &gt; negative: deleteApiV4ProjectsIdEnvironmentsReviewApps" classname="./tests/e2e/runner/run-generated-raw-rest-client-test.ts" time="0.067" line="268" col="15">
        </testcase>
        <testcase name="gitlab 19.3.1 generated raw REST-client E2E &gt; negative: deleteApiV4ProjectsIdErrorTrackingClientKeysKeyId" classname="./tests/e2e/runner/run-generated-raw-rest-client-test.ts" time="0.011" line="268" col="15">
        </testcase>
        <testcase name="gitlab 19.3.1 generated raw REST-client E2E &gt; negative: deleteApiV4ProjectsIdFeatureFlagsFeatureFlagName" classname="./tests/e2e/runner/run-generated-raw-rest-client-test.ts" time="0.011" line="268" col="15">
        </testcase>
        <testcase name="gitlab 19.3.1 generated raw REST-client E2E &gt; negative: deleteApiV4ProjectsIdFeatureFlagsUserListsIid" classname="./tests/e2e/runner/run-generated-raw-rest-client-test.ts" time="0.012" line="268" col="15">
        </testcase>
        <testcase name="gitlab 19.3.1 generated raw REST-client E2E &gt; negative: deleteApiV4ProjectsIdFork" classname="./tests/e2e/runner/run-generated-raw-rest-client-test.ts" time="0.008" line="268" col="15">
        </testcase>
        <testcase name="gitlab 19.3.1 generated raw REST-client E2E &gt; negative: deleteApiV4ProjectsIdFreezePeriodsFreezePeriodId" classname="./tests/e2e/runner/run-generated-raw-rest-client-test.ts" time="0.011" line="268" col="15">
        </testcase>
        <testcase name="gitlab 19.3.1 generated raw REST-client E2E &gt; negative: deleteApiV4ProjectsIdHooksHookId" classname="./tests/e2e/runner/run-generated-raw-rest-client-test.ts" time="0.010" line="268" col="15">
        </testcase>
        <testcase name="gitlab 19.3.1 generated raw REST-client E2E &gt; negative: deleteApiV4ProjectsIdHooksHookIdCustomHeadersKey" classname="./tests/e2e/runner/run-generated-raw-rest-client-test.ts" time="0.011" line="268" col="15">
        </testcase>
        <testcase name="gitlab 19.3.1 generated raw REST-client E2E &gt; negative: deleteApiV4ProjectsIdHooksHookIdUrlVariablesKey" classname="./tests/e2e/runner/run-generated-raw-rest-client-test.ts" time="0.008" line="268" col="15">
        </testcase>
        <testcase name="gitlab 19.3.1 generated raw REST-client E2E &gt; negative: deleteApiV4ProjectsIdIntegrationsSlug" classname="./tests/e2e/runner/run-generated-raw-rest-client-test.ts" time="0.008" line="268" col="15">
        </testcase>
        <testcase name="gitlab 19.3.1 generated raw REST-client E2E &gt; negative: deleteApiV4ProjectsIdInvitationsEmail" classname="./tests/e2e/runner/run-generated-raw-rest-client-test.ts" time="0.008" line="268" col="15">
        </testcase>
        <testcase name="gitlab 19.3.1 generated raw REST-client E2E &gt; negative: deleteApiV4ProjectsIdIssuesIssueIid" classname="./tests/e2e/runner/run-generated-raw-rest-client-test.ts" time="0.007" line="268" col="15">
        </testcase>
        <testcase name="gitlab 19.3.1 generated raw REST-client E2E &gt; negative: deleteApiV4ProjectsIdIssuesIssueIidAwardEmojiAwardId" classname="./tests/e2e/runner/run-generated-raw-rest-client-test.ts" time="0.010" line="268" col="15">
        </testcase>
        <testcase name="gitlab 19.3.1 generated raw REST-client E2E &gt; negative: deleteApiV4ProjectsIdIssuesIssueIidLinksIssueLinkId" classname="./tests/e2e/runner/run-generated-raw-rest-client-test.ts" time="0.007" line="268" col="15">
        </testcase>
        <testcase name="gitlab 19.3.1 generated raw REST-client E2E &gt; negative: deleteApiV4ProjectsIdIssuesIssueIidMetricImagesMetricImageId" classname="./tests/e2e/runner/run-generated-raw-rest-client-test.ts" time="0.008" line="268" col="15">
        </testcase>
        <testcase name="gitlab 19.3.1 generated raw REST-client E2E &gt; negative: deleteApiV4ProjectsIdIssuesIssueIidNotesNoteIdAwardEmojiAwardId" classname="./tests/e2e/runner/run-generated-raw-rest-client-test.ts" time="0.013" line="268" col="15">
        </testcase>
        <testcase name="gitlab 19.3.1 generated raw REST-client E2E &gt; negative: deleteApiV4ProjectsIdJobTokenScopeAllowlistTargetProjectId" classname="./tests/e2e/runner/run-generated-raw-rest-client-test.ts" time="0.010" line="268" col="15">
        </testcase>
        <testcase name="gitlab 19.3.1 generated raw REST-client E2E &gt; negative: deleteApiV4ProjectsIdJobTokenScopeGroupsAllowlistTargetGroupId" classname="./tests/e2e/runner/run-generated-raw-rest-client-test.ts" time="0.010" line="268" col="15">
        </testcase>
        <testcase name="gitlab 19.3.1 generated raw REST-client E2E &gt; negative: deleteApiV4ProjectsIdJobsJobIdArtifacts" classname="./tests/e2e/runner/run-generated-raw-rest-client-test.ts" time="0.009" line="268" col="15">
        </testcase>
        <testcase name="gitlab 19.3.1 generated raw REST-client E2E &gt; negative: deleteApiV4ProjectsIdMembersUserId" classname="./tests/e2e/runner/run-generated-raw-rest-client-test.ts" time="0.007" line="268" col="15">
        </testcase>
        <testcase name="gitlab 19.3.1 generated raw REST-client E2E &gt; negative: deleteApiV4ProjectsIdMergeRequestsMergeRequestIid" classname="./tests/e2e/runner/run-generated-raw-rest-client-test.ts" time="0.010" line="268" col="15">
        </testcase>
        <testcase name="gitlab 19.3.1 generated raw REST-client E2E &gt; negative: deleteApiV4ProjectsIdMergeRequestsMergeRequestIidAwardEmojiAwardId" classname="./tests/e2e/runner/run-generated-raw-rest-client-test.ts" time="0.011" line="268" col="15">
        </testcase>
        <testcase name="gitlab 19.3.1 generated raw REST-client E2E &gt; negative: deleteApiV4ProjectsIdMergeRequestsMergeRequestIidContextCommits" classname="./tests/e2e/runner/run-generated-raw-rest-client-test.ts" time="0.008" line="268" col="15">
        </testcase>
        <testcase name="gitlab 19.3.1 generated raw REST-client E2E &gt; negative: deleteApiV4ProjectsIdMergeRequestsMergeRequestIidDraftNotesDraftNoteId" classname="./tests/e2e/runner/run-generated-raw-rest-client-test.ts" time="0.008" line="268" col="15">
        </testcase>
        <testcase name="gitlab 19.3.1 generated raw REST-client E2E &gt; negative: deleteApiV4ProjectsIdMergeRequestsMergeRequestIidNotesNoteIdAwardEmojiAwardId" classname="./tests/e2e/runner/run-generated-raw-rest-client-test.ts" time="0.009" line="268" col="15">
        </testcase>
        <testcase name="gitlab 19.3.1 generated raw REST-client E2E &gt; negative: deleteApiV4ProjectsIdPackagesConanV1ConansPackageNamePackageVersionPackageUsernamePackageChannel" classname="./tests/e2e/runner/run-generated-raw-rest-client-test.ts" time="0.009" line="268" col="15">
        </testcase>
        <testcase name="gitlab 19.3.1 generated raw REST-client E2E &gt; negative: deleteApiV4ProjectsIdPackagesConanV2ConansPackageNamePackageVersionPackageUsernamePackageChannelRevisionsRecipeRevision" classname="./tests/e2e/runner/run-generated-raw-rest-client-test.ts" time="0.008" line="268" col="15">
        </testcase>
        <testcase name="gitlab 19.3.1 generated raw REST-client E2E &gt; negative: deleteApiV4ProjectsIdPackagesConanV2ConansPackageNamePackageVersionPackageUsernamePackageChannelRevisionsRecipeRevisionPackagesConanPackageReferenceRevisionsPackageRevision" classname="./tests/e2e/runner/run-generated-raw-rest-client-test.ts" time="0.008" line="268" col="15">
        </testcase>
        <testcase name="gitlab 19.3.1 generated raw REST-client E2E &gt; negative: deleteApiV4ProjectsIdPackagesNpmPackage*packageNameDistTagsTag" classname="./tests/e2e/runner/run-generated-raw-rest-client-test.ts" time="0.008" line="268" col="15">
        </testcase>
        <testcase name="gitlab 19.3.1 generated raw REST-client E2E &gt; negative: deleteApiV4ProjectsIdPackagesNuget*packageName*packageVersion" classname="./tests/e2e/runner/run-generated-raw-rest-client-test.ts" time="0.008" line="268" col="15">
        </testcase>
        <testcase name="gitlab 19.3.1 generated raw REST-client E2E &gt; negative: deleteApiV4ProjectsIdPackagesPackageId" classname="./tests/e2e/runner/run-generated-raw-rest-client-test.ts" time="0.008" line="268" col="15">
        </testcase>
        <testcase name="gitlab 19.3.1 generated raw REST-client E2E &gt; negative: deleteApiV4ProjectsIdPackagesPackageIdPackageFilesPackageFileId" classname="./tests/e2e/runner/run-generated-raw-rest-client-test.ts" time="0.008" line="268" col="15">
        </testcase>
        <testcase name="gitlab 19.3.1 generated raw REST-client E2E &gt; negative: deleteApiV4ProjectsIdPackagesProtectionRulesPackageProtectionRuleId" classname="./tests/e2e/runner/run-generated-raw-rest-client-test.ts" time="0.009" line="268" col="15">
        </testcase>
        <testcase name="gitlab 19.3.1 generated raw REST-client E2E &gt; negative: deleteApiV4ProjectsIdPages" classname="./tests/e2e/runner/run-generated-raw-rest-client-test.ts" time="0.006" line="268" col="15">
        </testcase>
        <testcase name="gitlab 19.3.1 generated raw REST-client E2E &gt; negative: deleteApiV4ProjectsIdPagesDomainsDomain" classname="./tests/e2e/runner/run-generated-raw-rest-client-test.ts" time="0.007" line="268" col="15">
        </testcase>
        <testcase name="gitlab 19.3.1 generated raw REST-client E2E &gt; negative: deleteApiV4ProjectsIdPipelineSchedulesPipelineScheduleId" classname="./tests/e2e/runner/run-generated-raw-rest-client-test.ts" time="0.011" line="268" col="15">
        </testcase>
        <testcase name="gitlab 19.3.1 generated raw REST-client E2E &gt; negative: deleteApiV4ProjectsIdPipelineSchedulesPipelineScheduleIdVariablesKey" classname="./tests/e2e/runner/run-generated-raw-rest-client-test.ts" time="0.047" line="268" col="15">
        </testcase>
        <testcase name="gitlab 19.3.1 generated raw REST-client E2E &gt; negative: deleteApiV4ProjectsIdPipelinesPipelineId" classname="./tests/e2e/runner/run-generated-raw-rest-client-test.ts" time="0.010" line="268" col="15">
        </testcase>
        <testcase name="gitlab 19.3.1 generated raw REST-client E2E &gt; negative: deleteApiV4ProjectsIdProtectedBranchesName" classname="./tests/e2e/runner/run-generated-raw-rest-client-test.ts" time="0.010" line="268" col="15">
        </testcase>
        <testcase name="gitlab 19.3.1 generated raw REST-client E2E &gt; negative: deleteApiV4ProjectsIdProtectedTagsName" classname="./tests/e2e/runner/run-generated-raw-rest-client-test.ts" time="0.012" line="268" col="15">
        </testcase>
        <testcase name="gitlab 19.3.1 generated raw REST-client E2E &gt; negative: deleteApiV4ProjectsIdRegistryProtectionRepositoryRulesProtectionRuleId" classname="./tests/e2e/runner/run-generated-raw-rest-client-test.ts" time="0.010" line="268" col="15">
        </testcase>
        <testcase name="gitlab 19.3.1 generated raw REST-client E2E &gt; negative: deleteApiV4ProjectsIdRegistryProtectionTagRulesProtectionRuleId" classname="./tests/e2e/runner/run-generated-raw-rest-client-test.ts" time="0.010" line="268" col="15">
        </testcase>
        <testcase name="gitlab 19.3.1 generated raw REST-client E2E &gt; negative: deleteApiV4ProjectsIdRegistryRepositoriesRepositoryId" classname="./tests/e2e/runner/run-generated-raw-rest-client-test.ts" time="0.014" line="268" col="15">
        </testcase>
        <testcase name="gitlab 19.3.1 generated raw REST-client E2E &gt; negative: deleteApiV4ProjectsIdRegistryRepositoriesRepositoryIdTags" classname="./tests/e2e/runner/run-generated-raw-rest-client-test.ts" time="0.010" line="268" col="15">
        </testcase>
        <testcase name="gitlab 19.3.1 generated raw REST-client E2E &gt; negative: deleteApiV4ProjectsIdRegistryRepositoriesRepositoryIdTagsTagName" classname="./tests/e2e/runner/run-generated-raw-rest-client-test.ts" time="0.011" line="268" col="15">
        </testcase>
        <testcase name="gitlab 19.3.1 generated raw REST-client E2E &gt; negative: deleteApiV4ProjectsIdReleasesTagName" classname="./tests/e2e/runner/run-generated-raw-rest-client-test.ts" time="0.010" line="268" col="15">
        </testcase>
        <testcase name="gitlab 19.3.1 generated raw REST-client E2E &gt; negative: deleteApiV4ProjectsIdReleasesTagNameAssetsLinksLinkId" classname="./tests/e2e/runner/run-generated-raw-rest-client-test.ts" time="0.009" line="268" col="15">
        </testcase>
        <testcase name="gitlab 19.3.1 generated raw REST-client E2E &gt; negative: deleteApiV4ProjectsIdRemoteMirrorsMirrorId" classname="./tests/e2e/runner/run-generated-raw-rest-client-test.ts" time="0.011" line="268" col="15">
        </testcase>
        <testcase name="gitlab 19.3.1 generated raw REST-client E2E &gt; negative: deleteApiV4ProjectsIdRepositoryBranchesBranch" classname="./tests/e2e/runner/run-generated-raw-rest-client-test.ts" time="0.010" line="268" col="15">
        </testcase>
        <testcase name="gitlab 19.3.1 generated raw REST-client E2E &gt; negative: deleteApiV4ProjectsIdRepositoryFilesFilePath" classname="./tests/e2e/runner/run-generated-raw-rest-client-test.ts" time="0.012" line="268" col="15">
        </testcase>
        <testcase name="gitlab 19.3.1 generated raw REST-client E2E &gt; negative: deleteApiV4ProjectsIdRepositoryMergedBranches" classname="./tests/e2e/runner/run-generated-raw-rest-client-test.ts" time="0.010" line="268" col="15">
        </testcase>
        <testcase name="gitlab 19.3.1 generated raw REST-client E2E &gt; negative: deleteApiV4ProjectsIdRepositoryTagsTagName" classname="./tests/e2e/runner/run-generated-raw-rest-client-test.ts" time="0.009" line="268" col="15">
        </testcase>
        <testcase name="gitlab 19.3.1 generated raw REST-client E2E &gt; negative: deleteApiV4ProjectsIdRunnersRunnerId" classname="./tests/e2e/runner/run-generated-raw-rest-client-test.ts" time="0.008" line="268" col="15">
        </testcase>
        <testcase name="gitlab 19.3.1 generated raw REST-client E2E &gt; negative: deleteApiV4ProjectsIdSecureFilesSecureFileId" classname="./tests/e2e/runner/run-generated-raw-rest-client-test.ts" time="0.007" line="268" col="15">
        </testcase>
        <testcase name="gitlab 19.3.1 generated raw REST-client E2E &gt; negative: deleteApiV4ProjectsIdServicesSlug" classname="./tests/e2e/runner/run-generated-raw-rest-client-test.ts" time="0.011" line="268" col="15">
        </testcase>
        <testcase name="gitlab 19.3.1 generated raw REST-client E2E &gt; negative: deleteApiV4ProjectsIdShareGroupId" classname="./tests/e2e/runner/run-generated-raw-rest-client-test.ts" time="0.008" line="268" col="15">
        </testcase>
        <testcase name="gitlab 19.3.1 generated raw REST-client E2E &gt; negative: deleteApiV4ProjectsIdSnippetsSnippetId" classname="./tests/e2e/runner/run-generated-raw-rest-client-test.ts" time="0.009" line="268" col="15">
        </testcase>
        <testcase name="gitlab 19.3.1 generated raw REST-client E2E &gt; negative: deleteApiV4ProjectsIdSnippetsSnippetIdAwardEmojiAwardId" classname="./tests/e2e/runner/run-generated-raw-rest-client-test.ts" time="0.009" line="268" col="15">
        </testcase>
        <testcase name="gitlab 19.3.1 generated raw REST-client E2E &gt; negative: deleteApiV4ProjectsIdSnippetsSnippetIdNotesNoteIdAwardEmojiAwardId" classname="./tests/e2e/runner/run-generated-raw-rest-client-test.ts" time="0.009" line="268" col="15">
        </testcase>
        <testcase name="gitlab 19.3.1 generated raw REST-client E2E &gt; negative: deleteApiV4ProjectsIdTerraformStateName" classname="./tests/e2e/runner/run-generated-raw-rest-client-test.ts" time="0.011" line="268" col="15">
        </testcase>
        <testcase name="gitlab 19.3.1 generated raw REST-client E2E &gt; negative: deleteApiV4ProjectsIdTerraformStateNameLock" classname="./tests/e2e/runner/run-generated-raw-rest-client-test.ts" time="0.009" line="268" col="15">
        </testcase>
        <testcase name="gitlab 19.3.1 generated raw REST-client E2E &gt; negative: deleteApiV4ProjectsIdTerraformStateNameVersionsSerial" classname="./tests/e2e/runner/run-generated-raw-rest-client-test.ts" time="0.009" line="268" col="15">
        </testcase>
        <testcase name="gitlab 19.3.1 generated raw REST-client E2E &gt; negative: deleteApiV4ProjectsIdTerraformStateProtectionRulesTerraformStateProtectionRuleId" classname="./tests/e2e/runner/run-generated-raw-rest-client-test.ts" time="0.009" line="268" col="15">
        </testcase>
        <testcase name="gitlab 19.3.1 generated raw REST-client E2E &gt; negative: deleteApiV4ProjectsIdTriggersTriggerId" classname="./tests/e2e/runner/run-generated-raw-rest-client-test.ts" time="0.008" line="268" col="15">
        </testcase>
        <testcase name="gitlab 19.3.1 generated raw REST-client E2E &gt; negative: deleteApiV4ProjectsIdUploadsSecretFilename" classname="./tests/e2e/runner/run-generated-raw-rest-client-test.ts" time="0.007" line="268" col="15">
        </testcase>
        <testcase name="gitlab 19.3.1 generated raw REST-client E2E &gt; negative: deleteApiV4ProjectsIdUploadsUploadId" classname="./tests/e2e/runner/run-generated-raw-rest-client-test.ts" time="0.010" line="268" col="15">
        </testcase>
        <testcase name="gitlab 19.3.1 generated raw REST-client E2E &gt; negative: deleteApiV4ProjectsIdVariablesKey" classname="./tests/e2e/runner/run-generated-raw-rest-client-test.ts" time="0.008" line="268" col="15">
        </testcase>
        <testcase name="gitlab 19.3.1 generated raw REST-client E2E &gt; negative: deleteApiV4ProjectsIdWikisSlug" classname="./tests/e2e/runner/run-generated-raw-rest-client-test.ts" time="0.009" line="268" col="15">
        </testcase>
        <testcase name="gitlab 19.3.1 generated raw REST-client E2E &gt; negative: deleteApiV4Runners" classname="./tests/e2e/runner/run-generated-raw-rest-client-test.ts" time="0.008" line="268" col="15">
        </testcase>
        <testcase name="gitlab 19.3.1 generated raw REST-client E2E &gt; negative: deleteApiV4RunnersId" classname="./tests/e2e/runner/run-generated-raw-rest-client-test.ts" time="0.007" line="268" col="15">
        </testcase>
        <testcase name="gitlab 19.3.1 generated raw REST-client E2E &gt; negative: deleteApiV4RunnersManagers" classname="./tests/e2e/runner/run-generated-raw-rest-client-test.ts" time="0.009" line="268" col="15">
        </testcase>
        <testcase name="gitlab 19.3.1 generated raw REST-client E2E &gt; negative: deleteApiV4SnippetsId" classname="./tests/e2e/runner/run-generated-raw-rest-client-test.ts" time="0.009" line="268" col="15">
        </testcase>
        <testcase name="gitlab 19.3.1 generated raw REST-client E2E &gt; negative: deleteApiV4TopicsId" classname="./tests/e2e/runner/run-generated-raw-rest-client-test.ts" time="0.009" line="268" col="15">
        </testcase>
        <testcase name="gitlab 19.3.1 generated raw REST-client E2E &gt; negative: getApiV4AdminBatchedBackgroundMigrations" classname="./tests/e2e/runner/run-generated-raw-rest-client-test.ts" time="0.009" line="268" col="15">
        </testcase>
        <testcase name="gitlab 19.3.1 generated raw REST-client E2E &gt; negative: getApiV4AdminBatchedBackgroundMigrationsId" classname="./tests/e2e/runner/run-generated-raw-rest-client-test.ts" time="0.009" line="268" col="15">
        </testcase>
        <testcase name="gitlab 19.3.1 generated raw REST-client E2E &gt; negative: getApiV4AdminBatchedBackgroundOperations" classname="./tests/e2e/runner/run-generated-raw-rest-client-test.ts" time="0.008" line="268" col="15">
        </testcase>
        <testcase name="gitlab 19.3.1 generated raw REST-client E2E &gt; negative: getApiV4AdminBatchedBackgroundOperationsId" classname="./tests/e2e/runner/run-generated-raw-rest-client-test.ts" time="0.008" line="268" col="15">
        </testcase>
        <testcase name="gitlab 19.3.1 generated raw REST-client E2E &gt; negative: getApiV4AdminCiVariables" classname="./tests/e2e/runner/run-generated-raw-rest-client-test.ts" time="0.007" line="268" col="15">
        </testcase>
        <testcase name="gitlab 19.3.1 generated raw REST-client E2E &gt; negative: getApiV4AdminCiVariablesKey" classname="./tests/e2e/runner/run-generated-raw-rest-client-test.ts" time="0.009" line="268" col="15">
        </testcase>
        <testcase name="gitlab 19.3.1 generated raw REST-client E2E &gt; negative: getApiV4AdminClusters" classname="./tests/e2e/runner/run-generated-raw-rest-client-test.ts" time="0.007" line="268" col="15">
        </testcase>
        <testcase name="gitlab 19.3.1 generated raw REST-client E2E &gt; negative: getApiV4AdminClustersClusterId" classname="./tests/e2e/runner/run-generated-raw-rest-client-test.ts" time="0.008" line="268" col="15">
        </testcase>
        <testcase name="gitlab 19.3.1 generated raw REST-client E2E &gt; negative: getApiV4AdminDatabasesDatabaseNameDictionaryTablesTableName" classname="./tests/e2e/runner/run-generated-raw-rest-client-test.ts" time="0.007" line="268" col="15">
        </testcase>
        <testcase name="gitlab 19.3.1 generated raw REST-client E2E &gt; negative: getApiV4AdminMigrationsPending" classname="./tests/e2e/runner/run-generated-raw-rest-client-test.ts" time="0.007" line="268" col="15">
        </testcase>
        <testcase name="gitlab 19.3.1 generated raw REST-client E2E &gt; negative: getApiV4ApplicationAppearance" classname="./tests/e2e/runner/run-generated-raw-rest-client-test.ts" time="0.007" line="268" col="15">
        </testcase>
        <testcase name="gitlab 19.3.1 generated raw REST-client E2E &gt; negative: getApiV4ApplicationPlanLimits" classname="./tests/e2e/runner/run-generated-raw-rest-client-test.ts" time="0.007" line="268" col="15">
        </testcase>
        <testcase name="gitlab 19.3.1 generated raw REST-client E2E &gt; negative: getApiV4ApplicationStatistics" classname="./tests/e2e/runner/run-generated-raw-rest-client-test.ts" time="0.011" line="268" col="15">
        </testcase>
        <testcase name="gitlab 19.3.1 generated raw REST-client E2E &gt; negative: getApiV4Applications" classname="./tests/e2e/runner/run-generated-raw-rest-client-test.ts" time="0.008" line="268" col="15">
        </testcase>
        <testcase name="gitlab 19.3.1 generated raw REST-client E2E &gt; negative: getApiV4Avatar" classname="./tests/e2e/runner/run-generated-raw-rest-client-test.ts" time="0.008" line="268" col="15">
        </testcase>
        <testcase name="gitlab 19.3.1 generated raw REST-client E2E &gt; negative: getApiV4BroadcastMessagesId" classname="./tests/e2e/runner/run-generated-raw-rest-client-test.ts" time="0.008" line="268" col="15">
        </testcase>
        <testcase name="gitlab 19.3.1 generated raw REST-client E2E &gt; negative: getApiV4BulkImports" classname="./tests/e2e/runner/run-generated-raw-rest-client-test.ts" time="0.007" line="268" col="15">
        </testcase>
        <testcase name="gitlab 19.3.1 generated raw REST-client E2E &gt; negative: getApiV4BulkImportsEntities" classname="./tests/e2e/runner/run-generated-raw-rest-client-test.ts" time="0.007" line="268" col="15">
        </testcase>
        <testcase name="gitlab 19.3.1 generated raw REST-client E2E &gt; negative: getApiV4BulkImportsImportId" classname="./tests/e2e/runner/run-generated-raw-rest-client-test.ts" time="0.010" line="268" col="15">
        </testcase>
        <testcase name="gitlab 19.3.1 generated raw REST-client E2E &gt; negative: getApiV4BulkImportsImportIdEntities" classname="./tests/e2e/runner/run-generated-raw-rest-client-test.ts" time="0.008" line="268" col="15">
        </testcase>
        <testcase name="gitlab 19.3.1 generated raw REST-client E2E &gt; negative: getApiV4BulkImportsImportIdEntitiesEntityId" classname="./tests/e2e/runner/run-generated-raw-rest-client-test.ts" time="0.007" line="268" col="15">
        </testcase>
        <testcase name="gitlab 19.3.1 generated raw REST-client E2E &gt; negative: getApiV4BulkImportsImportIdEntitiesEntityIdFailures" classname="./tests/e2e/runner/run-generated-raw-rest-client-test.ts" time="0.007" line="268" col="15">
        </testcase>
        <testcase name="gitlab 19.3.1 generated raw REST-client E2E &gt; negative: getApiV4DatabasesDatabaseNameDictionaryTables" classname="./tests/e2e/runner/run-generated-raw-rest-client-test.ts" time="0.008" line="268" col="15">
        </testcase>
        <testcase name="gitlab 19.3.1 generated raw REST-client E2E &gt; negative: getApiV4DeployKeys" classname="./tests/e2e/runner/run-generated-raw-rest-client-test.ts" time="0.007" line="268" col="15">
        </testcase>
        <testcase name="gitlab 19.3.1 generated raw REST-client E2E &gt; negative: getApiV4DeployTokens" classname="./tests/e2e/runner/run-generated-raw-rest-client-test.ts" time="0.010" line="268" col="15">
        </testcase>
        <testcase name="gitlab 19.3.1 generated raw REST-client E2E &gt; negative: getApiV4DiscoverCertBasedClusters" classname="./tests/e2e/runner/run-generated-raw-rest-client-test.ts" time="0.009" line="268" col="15">
        </testcase>
        <testcase name="gitlab 19.3.1 generated raw REST-client E2E &gt; negative: getApiV4Events" classname="./tests/e2e/runner/run-generated-raw-rest-client-test.ts" time="0.009" line="268" col="15">
        </testcase>
        <testcase name="gitlab 19.3.1 generated raw REST-client E2E &gt; negative: getApiV4FeatureFlagsUnleashProjectId" classname="./tests/e2e/runner/run-generated-raw-rest-client-test.ts" time="0.008" line="268" col="15">
        </testcase>
        <testcase name="gitlab 19.3.1 generated raw REST-client E2E &gt; negative: getApiV4FeatureFlagsUnleashProjectIdClientFeatures" classname="./tests/e2e/runner/run-generated-raw-rest-client-test.ts" time="0.008" line="268" col="15">
        </testcase>
        <testcase name="gitlab 19.3.1 generated raw REST-client E2E &gt; negative: getApiV4FeatureFlagsUnleashProjectIdFeatures" classname="./tests/e2e/runner/run-generated-raw-rest-client-test.ts" time="0.009" line="268" col="15">
        </testcase>
        <testcase name="gitlab 19.3.1 generated raw REST-client E2E &gt; negative: getApiV4Features" classname="./tests/e2e/runner/run-generated-raw-rest-client-test.ts" time="0.008" line="268" col="15">
        </testcase>
        <testcase name="gitlab 19.3.1 generated raw REST-client E2E &gt; negative: getApiV4FeaturesDefinitions" classname="./tests/e2e/runner/run-generated-raw-rest-client-test.ts" time="0.008" line="268" col="15">
        </testcase>
        <testcase name="gitlab 19.3.1 generated raw REST-client E2E &gt; negative: getApiV4GeoProxy" classname="./tests/e2e/runner/run-generated-raw-rest-client-test.ts" time="0.037" line="268" col="15">
        </testcase>
        <testcase name="gitlab 19.3.1 generated raw REST-client E2E &gt; negative: getApiV4GeoRepositoriesGlRepositoryPipelineRefs" classname="./tests/e2e/runner/run-generated-raw-rest-client-test.ts" time="0.009" line="268" col="15">
        </testcase>
        <testcase name="gitlab 19.3.1 generated raw REST-client E2E &gt; negative: getApiV4GeoRetrieveReplicableNameReplicableId" classname="./tests/e2e/runner/run-generated-raw-rest-client-test.ts" time="0.008" line="268" col="15">
        </testcase>
        <testcase name="gitlab 19.3.1 generated raw REST-client E2E &gt; negative: getApiV4GroupIdPackagesComposer*packageName" classname="./tests/e2e/runner/run-generated-raw-rest-client-test.ts" time="0.009" line="268" col="15">
        </testcase>
        <testcase name="gitlab 19.3.1 generated raw REST-client E2E &gt; negative: getApiV4GroupIdPackagesComposerP2*packageName" classname="./tests/e2e/runner/run-generated-raw-rest-client-test.ts" time="0.008" line="268" col="15">
        </testcase>
        <testcase name="gitlab 19.3.1 generated raw REST-client E2E &gt; negative: getApiV4GroupIdPackagesComposerPSha" classname="./tests/e2e/runner/run-generated-raw-rest-client-test.ts" time="0.009" line="268" col="15">
        </testcase>
        <testcase name="gitlab 19.3.1 generated raw REST-client E2E &gt; negative: getApiV4GroupIdPackagesComposerPackages" classname="./tests/e2e/runner/run-generated-raw-rest-client-test.ts" time="0.011" line="268" col="15">
        </testcase>
        <testcase name="gitlab 19.3.1 generated raw REST-client E2E &gt; negative: getApiV4GroupsId" classname="./tests/e2e/runner/run-generated-raw-rest-client-test.ts" time="0.009" line="268" col="15">
        </testcase>
        <testcase name="gitlab 19.3.1 generated raw REST-client E2E &gt; negative: getApiV4GroupsId(-)search" classname="./tests/e2e/runner/run-generated-raw-rest-client-test.ts" time="0.007" line="268" col="15">
        </testcase>
        <testcase name="gitlab 19.3.1 generated raw REST-client E2E &gt; negative: getApiV4GroupsIdAccessRequests" classname="./tests/e2e/runner/run-generated-raw-rest-client-test.ts" time="0.007" line="268" col="15">
        </testcase>
        <testcase name="gitlab 19.3.1 generated raw REST-client E2E &gt; negative: getApiV4GroupsIdAuditEvents" classname="./tests/e2e/runner/run-generated-raw-rest-client-test.ts" time="0.008" line="268" col="15">
        </testcase>
        <testcase name="gitlab 19.3.1 generated raw REST-client E2E &gt; negative: getApiV4GroupsIdAuditEventsAuditEventId" classname="./tests/e2e/runner/run-generated-raw-rest-client-test.ts" time="0.009" line="268" col="15">
        </testcase>
        <testcase name="gitlab 19.3.1 generated raw REST-client E2E &gt; negative: getApiV4GroupsIdAvatar" classname="./tests/e2e/runner/run-generated-raw-rest-client-test.ts" time="0.009" line="268" col="15">
        </testcase>
        <testcase name="gitlab 19.3.1 generated raw REST-client E2E &gt; negative: getApiV4GroupsIdBadges" classname="./tests/e2e/runner/run-generated-raw-rest-client-test.ts" time="0.008" line="268" col="15">
        </testcase>
        <testcase name="gitlab 19.3.1 generated raw REST-client E2E &gt; negative: getApiV4GroupsIdBadgesBadgeId" classname="./tests/e2e/runner/run-generated-raw-rest-client-test.ts" time="0.008" line="268" col="15">
        </testcase>
        <testcase name="gitlab 19.3.1 generated raw REST-client E2E &gt; negative: getApiV4GroupsIdBadgesRender" classname="./tests/e2e/runner/run-generated-raw-rest-client-test.ts" time="0.008" line="268" col="15">
        </testcase>
        <testcase name="gitlab 19.3.1 generated raw REST-client E2E &gt; negative: getApiV4GroupsIdBillableMembers" classname="./tests/e2e/runner/run-generated-raw-rest-client-test.ts" time="0.008" line="268" col="15">
        </testcase>
        <testcase name="gitlab 19.3.1 generated raw REST-client E2E &gt; negative: getApiV4GroupsIdBillableMembersUserIdIndirect" classname="./tests/e2e/runner/run-generated-raw-rest-client-test.ts" time="0.010" line="268" col="15">
        </testcase>
        <testcase name="gitlab 19.3.1 generated raw REST-client E2E &gt; negative: getApiV4GroupsIdBillableMembersUserIdMemberships" classname="./tests/e2e/runner/run-generated-raw-rest-client-test.ts" time="0.008" line="268" col="15">
        </testcase>
        <testcase name="gitlab 19.3.1 generated raw REST-client E2E &gt; negative: getApiV4GroupsIdClusters" classname="./tests/e2e/runner/run-generated-raw-rest-client-test.ts" time="0.008" line="268" col="15">
        </testcase>
        <testcase name="gitlab 19.3.1 generated raw REST-client E2E &gt; negative: getApiV4GroupsIdClustersClusterId" classname="./tests/e2e/runner/run-generated-raw-rest-client-test.ts" time="0.008" line="268" col="15">
        </testcase>
        <testcase name="gitlab 19.3.1 generated raw REST-client E2E &gt; negative: getApiV4GroupsIdCustomAttributes" classname="./tests/e2e/runner/run-generated-raw-rest-client-test.ts" time="0.009" line="268" col="15">
        </testcase>
        <testcase name="gitlab 19.3.1 generated raw REST-client E2E &gt; negative: getApiV4GroupsIdCustomAttributesKey" classname="./tests/e2e/runner/run-generated-raw-rest-client-test.ts" time="0.008" line="268" col="15">
        </testcase>
        <testcase name="gitlab 19.3.1 generated raw REST-client E2E &gt; negative: getApiV4GroupsIdDebianDistributions" classname="./tests/e2e/runner/run-generated-raw-rest-client-test.ts" time="0.009" line="268" col="15">
        </testcase>
        <testcase name="gitlab 19.3.1 generated raw REST-client E2E &gt; negative: getApiV4GroupsIdDebianDistributionsCodename" classname="./tests/e2e/runner/run-generated-raw-rest-client-test.ts" time="0.008" line="268" col="15">
        </testcase>
        <testcase name="gitlab 19.3.1 generated raw REST-client E2E &gt; negative: getApiV4GroupsIdDebianDistributionsCodenameKeyAsc" classname="./tests/e2e/runner/run-generated-raw-rest-client-test.ts" time="0.009" line="268" col="15">
        </testcase>
        <testcase name="gitlab 19.3.1 generated raw REST-client E2E &gt; negative: getApiV4GroupsIdDeployTokens" classname="./tests/e2e/runner/run-generated-raw-rest-client-test.ts" time="0.008" line="268" col="15">
        </testcase>
        <testcase name="gitlab 19.3.1 generated raw REST-client E2E &gt; negative: getApiV4GroupsIdDeployTokensTokenId" classname="./tests/e2e/runner/run-generated-raw-rest-client-test.ts" time="0.011" line="268" col="15">
        </testcase>
        <testcase name="gitlab 19.3.1 generated raw REST-client E2E &gt; negative: getApiV4GroupsIdDescendantGroups" classname="./tests/e2e/runner/run-generated-raw-rest-client-test.ts" time="0.011" line="268" col="15">
        </testcase>
        <testcase name="gitlab 19.3.1 generated raw REST-client E2E &gt; negative: getApiV4GroupsIdEpicsEpicIidAwardEmoji" classname="./tests/e2e/runner/run-generated-raw-rest-client-test.ts" time="0.011" line="268" col="15">
        </testcase>
        <testcase name="gitlab 19.3.1 generated raw REST-client E2E &gt; negative: getApiV4GroupsIdEpicsEpicIidAwardEmojiAwardId" classname="./tests/e2e/runner/run-generated-raw-rest-client-test.ts" time="0.011" line="268" col="15">
        </testcase>
        <testcase name="gitlab 19.3.1 generated raw REST-client E2E &gt; negative: getApiV4GroupsIdEpicsEpicIidNotesNoteIdAwardEmoji" classname="./tests/e2e/runner/run-generated-raw-rest-client-test.ts" time="0.010" line="268" col="15">
        </testcase>
        <testcase name="gitlab 19.3.1 generated raw REST-client E2E &gt; negative: getApiV4GroupsIdEpicsEpicIidNotesNoteIdAwardEmojiAwardId" classname="./tests/e2e/runner/run-generated-raw-rest-client-test.ts" time="0.010" line="268" col="15">
        </testcase>
        <testcase name="gitlab 19.3.1 generated raw REST-client E2E &gt; negative: getApiV4GroupsIdExportDownload" classname="./tests/e2e/runner/run-generated-raw-rest-client-test.ts" time="0.008" line="268" col="15">
        </testcase>
        <testcase name="gitlab 19.3.1 generated raw REST-client E2E &gt; negative: getApiV4GroupsIdExportRelationsDownload" classname="./tests/e2e/runner/run-generated-raw-rest-client-test.ts" time="0.008" line="268" col="15">
        </testcase>
        <testcase name="gitlab 19.3.1 generated raw REST-client E2E &gt; negative: getApiV4GroupsIdExportRelationsStatus" classname="./tests/e2e/runner/run-generated-raw-rest-client-test.ts" time="0.008" line="268" col="15">
        </testcase>
        <testcase name="gitlab 19.3.1 generated raw REST-client E2E &gt; negative: getApiV4GroupsIdGroupsShared" classname="./tests/e2e/runner/run-generated-raw-rest-client-test.ts" time="0.014" line="268" col="15">
        </testcase>
        <testcase name="gitlab 19.3.1 generated raw REST-client E2E &gt; negative: getApiV4GroupsIdIntegrations" classname="./tests/e2e/runner/run-generated-raw-rest-client-test.ts" time="0.009" line="268" col="15">
        </testcase>
        <testcase name="gitlab 19.3.1 generated raw REST-client E2E &gt; negative: getApiV4GroupsIdIntegrationsSlug" classname="./tests/e2e/runner/run-generated-raw-rest-client-test.ts" time="0.010" line="268" col="15">
        </testcase>
        <testcase name="gitlab 19.3.1 generated raw REST-client E2E &gt; negative: getApiV4GroupsIdInvitations" classname="./tests/e2e/runner/run-generated-raw-rest-client-test.ts" time="0.008" line="268" col="15">
        </testcase>
        <testcase name="gitlab 19.3.1 generated raw REST-client E2E &gt; negative: getApiV4GroupsIdInvitedGroups" classname="./tests/e2e/runner/run-generated-raw-rest-client-test.ts" time="0.012" line="268" col="15">
        </testcase>
        <testcase name="gitlab 19.3.1 generated raw REST-client E2E &gt; negative: getApiV4GroupsIdIssues" classname="./tests/e2e/runner/run-generated-raw-rest-client-test.ts" time="0.011" line="268" col="15">
        </testcase>
        <testcase name="gitlab 19.3.1 generated raw REST-client E2E &gt; negative: getApiV4GroupsIdIssuesStatistics" classname="./tests/e2e/runner/run-generated-raw-rest-client-test.ts" time="0.011" line="268" col="15">
        </testcase>
        <testcase name="gitlab 19.3.1 generated raw REST-client E2E &gt; negative: getApiV4GroupsIdMembers" classname="./tests/e2e/runner/run-generated-raw-rest-client-test.ts" time="0.009" line="268" col="15">
        </testcase>
        <testcase name="gitlab 19.3.1 generated raw REST-client E2E &gt; negative: getApiV4GroupsIdMembersAll" classname="./tests/e2e/runner/run-generated-raw-rest-client-test.ts" time="0.007" line="268" col="15">
        </testcase>
        <testcase name="gitlab 19.3.1 generated raw REST-client E2E &gt; negative: getApiV4GroupsIdMembersAllUserId" classname="./tests/e2e/runner/run-generated-raw-rest-client-test.ts" time="0.009" line="268" col="15">
        </testcase>
        <testcase name="gitlab 19.3.1 generated raw REST-client E2E &gt; negative: getApiV4GroupsIdMembersUserId" classname="./tests/e2e/runner/run-generated-raw-rest-client-test.ts" time="0.008" line="268" col="15">
        </testcase>
        <testcase name="gitlab 19.3.1 generated raw REST-client E2E &gt; negative: getApiV4GroupsIdMergeRequests" classname="./tests/e2e/runner/run-generated-raw-rest-client-test.ts" time="0.011" line="268" col="15">
        </testcase>
        <testcase name="gitlab 19.3.1 generated raw REST-client E2E &gt; negative: getApiV4GroupsIdPackages" classname="./tests/e2e/runner/run-generated-raw-rest-client-test.ts" time="0.009" line="268" col="15">
        </testcase>
        <testcase name="gitlab 19.3.1 generated raw REST-client E2E &gt; negative: getApiV4GroupsIdPackagesDebianDists*distributionComponentBinaryArchitectureByHashSha256FileSha256" classname="./tests/e2e/runner/run-generated-raw-rest-client-test.ts" time="0.011" line="268" col="15">
        </testcase>
        <testcase name="gitlab 19.3.1 generated raw REST-client E2E &gt; negative: getApiV4GroupsIdPackagesDebianDists*distributionComponentBinaryArchitecturePackages" classname="./tests/e2e/runner/run-generated-raw-rest-client-test.ts" time="0.010" line="268" col="15">
        </testcase>
        <testcase name="gitlab 19.3.1 generated raw REST-client E2E &gt; negative: getApiV4GroupsIdPackagesDebianDists*distributionComponentDebianInstallerBinaryArchitectureByHashSha256FileSha256" classname="./tests/e2e/runner/run-generated-raw-rest-client-test.ts" time="0.012" line="268" col="15">
        </testcase>
        <testcase name="gitlab 19.3.1 generated raw REST-client E2E &gt; negative: getApiV4GroupsIdPackagesDebianDists*distributionComponentDebianInstallerBinaryArchitecturePackages" classname="./tests/e2e/runner/run-generated-raw-rest-client-test.ts" time="0.011" line="268" col="15">
        </testcase>
        <testcase name="gitlab 19.3.1 generated raw REST-client E2E &gt; negative: getApiV4GroupsIdPackagesDebianDists*distributionComponentSourceByHashSha256FileSha256" classname="./tests/e2e/runner/run-generated-raw-rest-client-test.ts" time="0.011" line="268" col="15">
        </testcase>
        <testcase name="gitlab 19.3.1 generated raw REST-client E2E &gt; negative: getApiV4GroupsIdPackagesDebianDists*distributionComponentSourceSources" classname="./tests/e2e/runner/run-generated-raw-rest-client-test.ts" time="0.011" line="268" col="15">
        </testcase>
        <testcase name="gitlab 19.3.1 generated raw REST-client E2E &gt; negative: getApiV4GroupsIdPackagesDebianDists*distributionInrelease" classname="./tests/e2e/runner/run-generated-raw-rest-client-test.ts" time="0.010" line="268" col="15">
        </testcase>
        <testcase name="gitlab 19.3.1 generated raw REST-client E2E &gt; negative: getApiV4GroupsIdPackagesDebianDists*distributionRelease" classname="./tests/e2e/runner/run-generated-raw-rest-client-test.ts" time="0.012" line="268" col="15">
        </testcase>
        <testcase name="gitlab 19.3.1 generated raw REST-client E2E &gt; negative: getApiV4GroupsIdPackagesDebianDists*distributionReleaseGpg" classname="./tests/e2e/runner/run-generated-raw-rest-client-test.ts" time="0.009" line="268" col="15">
        </testcase>
        <testcase name="gitlab 19.3.1 generated raw REST-client E2E &gt; negative: getApiV4GroupsIdPackagesDebianPoolDistributionProjectIdLetterPackageNamePackageVersionFileName" classname="./tests/e2e/runner/run-generated-raw-rest-client-test.ts" time="0.009" line="268" col="15">
        </testcase>
        <testcase name="gitlab 19.3.1 generated raw REST-client E2E &gt; negative: getApiV4GroupsIdPackagesMaven*pathFileName" classname="./tests/e2e/runner/run-generated-raw-rest-client-test.ts" time="0.013" line="268" col="15">
        </testcase>
        <testcase name="gitlab 19.3.1 generated raw REST-client E2E &gt; negative: getApiV4GroupsIdPackagesNpm*packageName" classname="./tests/e2e/runner/run-generated-raw-rest-client-test.ts" time="0.010" line="268" col="15">
        </testcase>
        <testcase name="gitlab 19.3.1 generated raw REST-client E2E &gt; negative: getApiV4GroupsIdPackagesNpmPackage*packageNameDistTags" classname="./tests/e2e/runner/run-generated-raw-rest-client-test.ts" time="0.011" line="268" col="15">
        </testcase>
        <testcase name="gitlab 19.3.1 generated raw REST-client E2E &gt; negative: getApiV4GroupsIdPackagesNugetIndex" classname="./tests/e2e/runner/run-generated-raw-rest-client-test.ts" time="0.010" line="268" col="15">
        </testcase>
        <testcase name="gitlab 19.3.1 generated raw REST-client E2E &gt; negative: getApiV4GroupsIdPackagesNugetMetadata*packageName*packageVersion" classname="./tests/e2e/runner/run-generated-raw-rest-client-test.ts" time="0.008" line="268" col="15">
        </testcase>
        <testcase name="gitlab 19.3.1 generated raw REST-client E2E &gt; negative: getApiV4GroupsIdPackagesNugetMetadata*packageNameIndex" classname="./tests/e2e/runner/run-generated-raw-rest-client-test.ts" time="0.009" line="268" col="15">
        </testcase>
        <testcase name="gitlab 19.3.1 generated raw REST-client E2E &gt; negative: getApiV4GroupsIdPackagesNugetQuery" classname="./tests/e2e/runner/run-generated-raw-rest-client-test.ts" time="0.008" line="268" col="15">
        </testcase>
        <testcase name="gitlab 19.3.1 generated raw REST-client E2E &gt; negative: getApiV4GroupsIdPackagesNugetSymbolfiles*fileName*signature*sameFileName" classname="./tests/e2e/runner/run-generated-raw-rest-client-test.ts" time="0.009" line="268" col="15">
        </testcase>
        <testcase name="gitlab 19.3.1 generated raw REST-client E2E &gt; negative: getApiV4GroupsIdPackagesNugetV2" classname="./tests/e2e/runner/run-generated-raw-rest-client-test.ts" time="0.013" line="268" col="15">
        </testcase>
        <testcase name="gitlab 19.3.1 generated raw REST-client E2E &gt; negative: getApiV4GroupsIdPackagesPypiFilesSha256*fileIdentifier" classname="./tests/e2e/runner/run-generated-raw-rest-client-test.ts" time="0.010" line="268" col="15">
        </testcase>
        <testcase name="gitlab 19.3.1 generated raw REST-client E2E &gt; negative: getApiV4GroupsIdPackagesPypiSimple" classname="./tests/e2e/runner/run-generated-raw-rest-client-test.ts" time="0.009" line="268" col="15">
        </testcase>
        <testcase name="gitlab 19.3.1 generated raw REST-client E2E &gt; negative: getApiV4GroupsIdPackagesPypiSimple*packageName" classname="./tests/e2e/runner/run-generated-raw-rest-client-test.ts" time="0.008" line="268" col="15">
        </testcase>
        <testcase name="gitlab 19.3.1 generated raw REST-client E2E &gt; negative: getApiV4GroupsIdPendingMembers" classname="./tests/e2e/runner/run-generated-raw-rest-client-test.ts" time="0.008" line="268" col="15">
        </testcase>
        <testcase name="gitlab 19.3.1 generated raw REST-client E2E &gt; negative: getApiV4GroupsIdPlaceholderReassignments" classname="./tests/e2e/runner/run-generated-raw-rest-client-test.ts" time="0.010" line="268" col="15">
        </testcase>
        <testcase name="gitlab 19.3.1 generated raw REST-client E2E &gt; negative: getApiV4GroupsIdProjects" classname="./tests/e2e/runner/run-generated-raw-rest-client-test.ts" time="0.010" line="268" col="15">
        </testcase>
        <testcase name="gitlab 19.3.1 generated raw REST-client E2E &gt; negative: getApiV4GroupsIdProjectsShared" classname="./tests/e2e/runner/run-generated-raw-rest-client-test.ts" time="0.010" line="268" col="15">
        </testcase>
        <testcase name="gitlab 19.3.1 generated raw REST-client E2E &gt; negative: getApiV4GroupsIdProvisionedUsers" classname="./tests/e2e/runner/run-generated-raw-rest-client-test.ts" time="0.009" line="268" col="15">
        </testcase>
        <testcase name="gitlab 19.3.1 generated raw REST-client E2E &gt; negative: getApiV4GroupsIdRegistryRepositories" classname="./tests/e2e/runner/run-generated-raw-rest-client-test.ts" time="0.009" line="268" col="15">
        </testcase>
        <testcase name="gitlab 19.3.1 generated raw REST-client E2E &gt; negative: getApiV4GroupsIdReleases" classname="./tests/e2e/runner/run-generated-raw-rest-client-test.ts" time="0.009" line="268" col="15">
        </testcase>
        <testcase name="gitlab 19.3.1 generated raw REST-client E2E &gt; negative: getApiV4GroupsIdRunners" classname="./tests/e2e/runner/run-generated-raw-rest-client-test.ts" time="0.007" line="268" col="15">
        </testcase>
        <testcase name="gitlab 19.3.1 generated raw REST-client E2E &gt; negative: getApiV4GroupsIdSamlUsers" classname="./tests/e2e/runner/run-generated-raw-rest-client-test.ts" time="0.009" line="268" col="15">
        </testcase>
        <testcase name="gitlab 19.3.1 generated raw REST-client E2E &gt; negative: getApiV4GroupsIdSshCertificates" classname="./tests/e2e/runner/run-generated-raw-rest-client-test.ts" time="0.009" line="268" col="15">
        </testcase>
        <testcase name="gitlab 19.3.1 generated raw REST-client E2E &gt; negative: getApiV4GroupsIdSubgroups" classname="./tests/e2e/runner/run-generated-raw-rest-client-test.ts" time="0.010" line="268" col="15">
        </testcase>
        <testcase name="gitlab 19.3.1 generated raw REST-client E2E &gt; negative: getApiV4GroupsIdTransferLocations" classname="./tests/e2e/runner/run-generated-raw-rest-client-test.ts" time="0.008" line="268" col="15">
        </testcase>
        <testcase name="gitlab 19.3.1 generated raw REST-client E2E &gt; negative: getApiV4GroupsIdUploads" classname="./tests/e2e/runner/run-generated-raw-rest-client-test.ts" time="0.009" line="268" col="15">
        </testcase>
        <testcase name="gitlab 19.3.1 generated raw REST-client E2E &gt; negative: getApiV4GroupsIdUploadsSecretFilename" classname="./tests/e2e/runner/run-generated-raw-rest-client-test.ts" time="0.008" line="268" col="15">
        </testcase>
        <testcase name="gitlab 19.3.1 generated raw REST-client E2E &gt; negative: getApiV4GroupsIdUploadsUploadId" classname="./tests/e2e/runner/run-generated-raw-rest-client-test.ts" time="0.009" line="268" col="15">
        </testcase>
        <testcase name="gitlab 19.3.1 generated raw REST-client E2E &gt; negative: getApiV4GroupsIdVariables" classname="./tests/e2e/runner/run-generated-raw-rest-client-test.ts" time="0.007" line="268" col="15">
        </testcase>
        <testcase name="gitlab 19.3.1 generated raw REST-client E2E &gt; negative: getApiV4GroupsIdVariablesKey" classname="./tests/e2e/runner/run-generated-raw-rest-client-test.ts" time="0.009" line="268" col="15">
        </testcase>
        <testcase name="gitlab 19.3.1 generated raw REST-client E2E &gt; negative: getApiV4GroupsIdWikis" classname="./tests/e2e/runner/run-generated-raw-rest-client-test.ts" time="0.009" line="268" col="15">
        </testcase>
        <testcase name="gitlab 19.3.1 generated raw REST-client E2E &gt; negative: getApiV4GroupsIdWikisSlug" classname="./tests/e2e/runner/run-generated-raw-rest-client-test.ts" time="0.009" line="268" col="15">
        </testcase>
        <testcase name="gitlab 19.3.1 generated raw REST-client E2E &gt; negative: getApiV4Hooks" classname="./tests/e2e/runner/run-generated-raw-rest-client-test.ts" time="0.007" line="268" col="15">
        </testcase>
        <testcase name="gitlab 19.3.1 generated raw REST-client E2E &gt; negative: getApiV4HooksHookId" classname="./tests/e2e/runner/run-generated-raw-rest-client-test.ts" time="0.008" line="268" col="15">
        </testcase>
[...]
        </testcase>
        <testcase name="gitlab 19.3.1 generated raw REST-client E2E &gt; negative: putApiV4ProjectsIdPackagesNugetAuthorize" classname="./tests/e2e/runner/run-generated-raw-rest-client-test.ts" time="0.028" line="268" col="15">
        </testcase>
        <testcase name="gitlab 19.3.1 generated raw REST-client E2E &gt; negative: putApiV4ProjectsIdPackagesNugetSymbolpackage" classname="./tests/e2e/runner/run-generated-raw-rest-client-test.ts" time="0.051" line="268" col="15">
        </testcase>
        <testcase name="gitlab 19.3.1 generated raw REST-client E2E &gt; negative: putApiV4ProjectsIdPackagesNugetSymbolpackageAuthorize" classname="./tests/e2e/runner/run-generated-raw-rest-client-test.ts" time="0.036" line="268" col="15">
        </testcase>
        <testcase name="gitlab 19.3.1 generated raw REST-client E2E &gt; negative: putApiV4ProjectsIdPackagesNugetV2" classname="./tests/e2e/runner/run-generated-raw-rest-client-test.ts" time="0.050" line="268" col="15">
        </testcase>
        <testcase name="gitlab 19.3.1 generated raw REST-client E2E &gt; negative: putApiV4ProjectsIdPackagesNugetV2Authorize" classname="./tests/e2e/runner/run-generated-raw-rest-client-test.ts" time="0.030" line="268" col="15">
        </testcase>
        <testcase name="gitlab 19.3.1 generated raw REST-client E2E &gt; negative: putApiV4ProjectsIdPackagesTerraformModulesModuleNameModuleSystem*moduleVersionFile" classname="./tests/e2e/runner/run-generated-raw-rest-client-test.ts" time="0.012" line="268" col="15">
        </testcase>
        <testcase name="gitlab 19.3.1 generated raw REST-client E2E &gt; negative: putApiV4ProjectsIdPackagesTerraformModulesModuleNameModuleSystem*moduleVersionFileAuthorize" classname="./tests/e2e/runner/run-generated-raw-rest-client-test.ts" time="0.007" line="268" col="15">
        </testcase>
        <testcase name="gitlab 19.3.1 generated raw REST-client E2E &gt; negative: putApiV4ProjectsIdPagesDomainsDomain" classname="./tests/e2e/runner/run-generated-raw-rest-client-test.ts" time="0.008" line="268" col="15">
        </testcase>
        <testcase name="gitlab 19.3.1 generated raw REST-client E2E &gt; negative: putApiV4ProjectsIdPagesDomainsDomainVerify" classname="./tests/e2e/runner/run-generated-raw-rest-client-test.ts" time="0.007" line="268" col="15">
        </testcase>
        <testcase name="gitlab 19.3.1 generated raw REST-client E2E &gt; negative: putApiV4ProjectsIdPipelineSchedulesPipelineScheduleId" classname="./tests/e2e/runner/run-generated-raw-rest-client-test.ts" time="0.006" line="268" col="15">
        </testcase>
        <testcase name="gitlab 19.3.1 generated raw REST-client E2E &gt; negative: putApiV4ProjectsIdPipelineSchedulesPipelineScheduleIdVariablesKey" classname="./tests/e2e/runner/run-generated-raw-rest-client-test.ts" time="0.006" line="268" col="15">
        </testcase>
        <testcase name="gitlab 19.3.1 generated raw REST-client E2E &gt; negative: putApiV4ProjectsIdPipelinesPipelineIdMetadata" classname="./tests/e2e/runner/run-generated-raw-rest-client-test.ts" time="0.007" line="268" col="15">
        </testcase>
        <testcase name="gitlab 19.3.1 generated raw REST-client E2E &gt; negative: putApiV4ProjectsIdReleasesTagName" classname="./tests/e2e/runner/run-generated-raw-rest-client-test.ts" time="0.009" line="268" col="15">
        </testcase>
        <testcase name="gitlab 19.3.1 generated raw REST-client E2E &gt; negative: putApiV4ProjectsIdReleasesTagNameAssetsLinksLinkId" classname="./tests/e2e/runner/run-generated-raw-rest-client-test.ts" time="0.007" line="268" col="15">
        </testcase>
        <testcase name="gitlab 19.3.1 generated raw REST-client E2E &gt; negative: putApiV4ProjectsIdRemoteMirrorsMirrorId" classname="./tests/e2e/runner/run-generated-raw-rest-client-test.ts" time="0.008" line="268" col="15">
        </testcase>
        <testcase name="gitlab 19.3.1 generated raw REST-client E2E &gt; negative: putApiV4ProjectsIdRepositoryBranchesBranchProtect" classname="./tests/e2e/runner/run-generated-raw-rest-client-test.ts" time="0.008" line="268" col="15">
        </testcase>
        <testcase name="gitlab 19.3.1 generated raw REST-client E2E &gt; negative: putApiV4ProjectsIdRepositoryBranchesBranchUnprotect" classname="./tests/e2e/runner/run-generated-raw-rest-client-test.ts" time="0.008" line="268" col="15">
        </testcase>
        <testcase name="gitlab 19.3.1 generated raw REST-client E2E &gt; negative: putApiV4ProjectsIdRepositoryFilesFilePath" classname="./tests/e2e/runner/run-generated-raw-rest-client-test.ts" time="0.015" line="268" col="15">
        </testcase>
        <testcase name="gitlab 19.3.1 generated raw REST-client E2E &gt; negative: putApiV4ProjectsIdRepositorySubmodulesSubmodule" classname="./tests/e2e/runner/run-generated-raw-rest-client-test.ts" time="0.007" line="268" col="15">
        </testcase>
        <testcase name="gitlab 19.3.1 generated raw REST-client E2E &gt; negative: putApiV4ProjectsIdResourceGroupsKey" classname="./tests/e2e/runner/run-generated-raw-rest-client-test.ts" time="0.022" line="268" col="15">
        </testcase>
        <testcase name="gitlab 19.3.1 generated raw REST-client E2E &gt; negative: putApiV4ProjectsIdServicesAppleAppStore" classname="./tests/e2e/runner/run-generated-raw-rest-client-test.ts" time="0.011" line="268" col="15">
        </testcase>
        <testcase name="gitlab 19.3.1 generated raw REST-client E2E &gt; negative: putApiV4ProjectsIdServicesAsana" classname="./tests/e2e/runner/run-generated-raw-rest-client-test.ts" time="0.016" line="268" col="15">
        </testcase>
        <testcase name="gitlab 19.3.1 generated raw REST-client E2E &gt; negative: putApiV4ProjectsIdServicesAssembla" classname="./tests/e2e/runner/run-generated-raw-rest-client-test.ts" time="0.009" line="268" col="15">
        </testcase>
        <testcase name="gitlab 19.3.1 generated raw REST-client E2E &gt; negative: putApiV4ProjectsIdServicesBamboo" classname="./tests/e2e/runner/run-generated-raw-rest-client-test.ts" time="0.010" line="268" col="15">
        </testcase>
        <testcase name="gitlab 19.3.1 generated raw REST-client E2E &gt; negative: putApiV4ProjectsIdServicesBugzilla" classname="./tests/e2e/runner/run-generated-raw-rest-client-test.ts" time="0.009" line="268" col="15">
        </testcase>
        <testcase name="gitlab 19.3.1 generated raw REST-client E2E &gt; negative: putApiV4ProjectsIdServicesBuildkite" classname="./tests/e2e/runner/run-generated-raw-rest-client-test.ts" time="0.008" line="268" col="15">
        </testcase>
        <testcase name="gitlab 19.3.1 generated raw REST-client E2E &gt; negative: putApiV4ProjectsIdServicesCampfire" classname="./tests/e2e/runner/run-generated-raw-rest-client-test.ts" time="0.008" line="268" col="15">
        </testcase>
        <testcase name="gitlab 19.3.1 generated raw REST-client E2E &gt; negative: putApiV4ProjectsIdServicesClickup" classname="./tests/e2e/runner/run-generated-raw-rest-client-test.ts" time="0.008" line="268" col="15">
        </testcase>
        <testcase name="gitlab 19.3.1 generated raw REST-client E2E &gt; negative: putApiV4ProjectsIdServicesConfluence" classname="./tests/e2e/runner/run-generated-raw-rest-client-test.ts" time="0.008" line="268" col="15">
        </testcase>
        <testcase name="gitlab 19.3.1 generated raw REST-client E2E &gt; negative: putApiV4ProjectsIdServicesCustomIssueTracker" classname="./tests/e2e/runner/run-generated-raw-rest-client-test.ts" time="0.008" line="268" col="15">
        </testcase>
        <testcase name="gitlab 19.3.1 generated raw REST-client E2E &gt; negative: putApiV4ProjectsIdServicesDatadog" classname="./tests/e2e/runner/run-generated-raw-rest-client-test.ts" time="0.007" line="268" col="15">
        </testcase>
        <testcase name="gitlab 19.3.1 generated raw REST-client E2E &gt; negative: putApiV4ProjectsIdServicesDiffblueCover" classname="./tests/e2e/runner/run-generated-raw-rest-client-test.ts" time="0.008" line="268" col="15">
        </testcase>
        <testcase name="gitlab 19.3.1 generated raw REST-client E2E &gt; negative: putApiV4ProjectsIdServicesDiscord" classname="./tests/e2e/runner/run-generated-raw-rest-client-test.ts" time="0.009" line="268" col="15">
        </testcase>
        <testcase name="gitlab 19.3.1 generated raw REST-client E2E &gt; negative: putApiV4ProjectsIdServicesDroneCi" classname="./tests/e2e/runner/run-generated-raw-rest-client-test.ts" time="0.009" line="268" col="15">
        </testcase>
        <testcase name="gitlab 19.3.1 generated raw REST-client E2E &gt; negative: putApiV4ProjectsIdServicesEmailsOnPush" classname="./tests/e2e/runner/run-generated-raw-rest-client-test.ts" time="0.008" line="268" col="15">
        </testcase>
        <testcase name="gitlab 19.3.1 generated raw REST-client E2E &gt; negative: putApiV4ProjectsIdServicesEwm" classname="./tests/e2e/runner/run-generated-raw-rest-client-test.ts" time="0.008" line="268" col="15">
        </testcase>
        <testcase name="gitlab 19.3.1 generated raw REST-client E2E &gt; negative: putApiV4ProjectsIdServicesExternalWiki" classname="./tests/e2e/runner/run-generated-raw-rest-client-test.ts" time="0.007" line="268" col="15">
        </testcase>
        <testcase name="gitlab 19.3.1 generated raw REST-client E2E &gt; negative: putApiV4ProjectsIdServicesGitGuardian" classname="./tests/e2e/runner/run-generated-raw-rest-client-test.ts" time="0.008" line="268" col="15">
        </testcase>
        <testcase name="gitlab 19.3.1 generated raw REST-client E2E &gt; negative: putApiV4ProjectsIdServicesGithub" classname="./tests/e2e/runner/run-generated-raw-rest-client-test.ts" time="0.009" line="268" col="15">
        </testcase>
        <testcase name="gitlab 19.3.1 generated raw REST-client E2E &gt; negative: putApiV4ProjectsIdServicesGitlabSlackApplication" classname="./tests/e2e/runner/run-generated-raw-rest-client-test.ts" time="0.007" line="268" col="15">
        </testcase>
        <testcase name="gitlab 19.3.1 generated raw REST-client E2E &gt; negative: putApiV4ProjectsIdServicesGoogleCloudPlatformArtifactRegistry" classname="./tests/e2e/runner/run-generated-raw-rest-client-test.ts" time="0.008" line="268" col="15">
        </testcase>
        <testcase name="gitlab 19.3.1 generated raw REST-client E2E &gt; negative: putApiV4ProjectsIdServicesGoogleCloudPlatformWorkloadIdentityFederation" classname="./tests/e2e/runner/run-generated-raw-rest-client-test.ts" time="0.009" line="268" col="15">
        </testcase>
        <testcase name="gitlab 19.3.1 generated raw REST-client E2E &gt; negative: putApiV4ProjectsIdServicesGooglePlay" classname="./tests/e2e/runner/run-generated-raw-rest-client-test.ts" time="0.007" line="268" col="15">
        </testcase>
        <testcase name="gitlab 19.3.1 generated raw REST-client E2E &gt; negative: putApiV4ProjectsIdServicesHangoutsChat" classname="./tests/e2e/runner/run-generated-raw-rest-client-test.ts" time="0.009" line="268" col="15">
        </testcase>
        <testcase name="gitlab 19.3.1 generated raw REST-client E2E &gt; negative: putApiV4ProjectsIdServicesHarbor" classname="./tests/e2e/runner/run-generated-raw-rest-client-test.ts" time="0.008" line="268" col="15">
        </testcase>
        <testcase name="gitlab 19.3.1 generated raw REST-client E2E &gt; negative: putApiV4ProjectsIdServicesIrker" classname="./tests/e2e/runner/run-generated-raw-rest-client-test.ts" time="0.007" line="268" col="15">
        </testcase>
        <testcase name="gitlab 19.3.1 generated raw REST-client E2E &gt; negative: putApiV4ProjectsIdServicesJenkins" classname="./tests/e2e/runner/run-generated-raw-rest-client-test.ts" time="0.007" line="268" col="15">
        </testcase>
        <testcase name="gitlab 19.3.1 generated raw REST-client E2E &gt; negative: putApiV4ProjectsIdServicesJira" classname="./tests/e2e/runner/run-generated-raw-rest-client-test.ts" time="0.009" line="268" col="15">
        </testcase>
        <testcase name="gitlab 19.3.1 generated raw REST-client E2E &gt; negative: putApiV4ProjectsIdServicesJiraCloudApp" classname="./tests/e2e/runner/run-generated-raw-rest-client-test.ts" time="0.008" line="268" col="15">
        </testcase>
        <testcase name="gitlab 19.3.1 generated raw REST-client E2E &gt; negative: putApiV4ProjectsIdServicesLinear" classname="./tests/e2e/runner/run-generated-raw-rest-client-test.ts" time="0.008" line="268" col="15">
        </testcase>
        <testcase name="gitlab 19.3.1 generated raw REST-client E2E &gt; negative: putApiV4ProjectsIdServicesMatrix" classname="./tests/e2e/runner/run-generated-raw-rest-client-test.ts" time="0.007" line="268" col="15">
        </testcase>
        <testcase name="gitlab 19.3.1 generated raw REST-client E2E &gt; negative: putApiV4ProjectsIdServicesMattermost" classname="./tests/e2e/runner/run-generated-raw-rest-client-test.ts" time="0.008" line="268" col="15">
        </testcase>
        <testcase name="gitlab 19.3.1 generated raw REST-client E2E &gt; negative: putApiV4ProjectsIdServicesMattermostSlashCommands" classname="./tests/e2e/runner/run-generated-raw-rest-client-test.ts" time="0.007" line="268" col="15">
        </testcase>
        <testcase name="gitlab 19.3.1 generated raw REST-client E2E &gt; negative: putApiV4ProjectsIdServicesMicrosoftTeams" classname="./tests/e2e/runner/run-generated-raw-rest-client-test.ts" time="0.007" line="268" col="15">
        </testcase>
        <testcase name="gitlab 19.3.1 generated raw REST-client E2E &gt; negative: putApiV4ProjectsIdServicesMockCi" classname="./tests/e2e/runner/run-generated-raw-rest-client-test.ts" time="0.007" line="268" col="15">
        </testcase>
        <testcase name="gitlab 19.3.1 generated raw REST-client E2E &gt; negative: putApiV4ProjectsIdServicesMockMonitoring" classname="./tests/e2e/runner/run-generated-raw-rest-client-test.ts" time="0.007" line="268" col="15">
        </testcase>
        <testcase name="gitlab 19.3.1 generated raw REST-client E2E &gt; negative: putApiV4ProjectsIdServicesPackagist" classname="./tests/e2e/runner/run-generated-raw-rest-client-test.ts" time="0.007" line="268" col="15">
        </testcase>
        <testcase name="gitlab 19.3.1 generated raw REST-client E2E &gt; negative: putApiV4ProjectsIdServicesPhorge" classname="./tests/e2e/runner/run-generated-raw-rest-client-test.ts" time="0.009" line="268" col="15">
        </testcase>
        <testcase name="gitlab 19.3.1 generated raw REST-client E2E &gt; negative: putApiV4ProjectsIdServicesPipelinesEmail" classname="./tests/e2e/runner/run-generated-raw-rest-client-test.ts" time="0.007" line="268" col="15">
        </testcase>
        <testcase name="gitlab 19.3.1 generated raw REST-client E2E &gt; negative: putApiV4ProjectsIdServicesPivotaltracker" classname="./tests/e2e/runner/run-generated-raw-rest-client-test.ts" time="0.007" line="268" col="15">
        </testcase>
        <testcase name="gitlab 19.3.1 generated raw REST-client E2E &gt; negative: putApiV4ProjectsIdServicesPumble" classname="./tests/e2e/runner/run-generated-raw-rest-client-test.ts" time="0.007" line="268" col="15">
        </testcase>
        <testcase name="gitlab 19.3.1 generated raw REST-client E2E &gt; negative: putApiV4ProjectsIdServicesPushover" classname="./tests/e2e/runner/run-generated-raw-rest-client-test.ts" time="0.006" line="268" col="15">
        </testcase>
        <testcase name="gitlab 19.3.1 generated raw REST-client E2E &gt; negative: putApiV4ProjectsIdServicesRedmine" classname="./tests/e2e/runner/run-generated-raw-rest-client-test.ts" time="0.008" line="268" col="15">
        </testcase>
        <testcase name="gitlab 19.3.1 generated raw REST-client E2E &gt; negative: putApiV4ProjectsIdServicesSlack" classname="./tests/e2e/runner/run-generated-raw-rest-client-test.ts" time="0.008" line="268" col="15">
        </testcase>
        <testcase name="gitlab 19.3.1 generated raw REST-client E2E &gt; negative: putApiV4ProjectsIdServicesSquashTm" classname="./tests/e2e/runner/run-generated-raw-rest-client-test.ts" time="0.008" line="268" col="15">
        </testcase>
        <testcase name="gitlab 19.3.1 generated raw REST-client E2E &gt; negative: putApiV4ProjectsIdServicesTeamcity" classname="./tests/e2e/runner/run-generated-raw-rest-client-test.ts" time="0.007" line="268" col="15">
        </testcase>
        <testcase name="gitlab 19.3.1 generated raw REST-client E2E &gt; negative: putApiV4ProjectsIdServicesTelegram" classname="./tests/e2e/runner/run-generated-raw-rest-client-test.ts" time="0.008" line="268" col="15">
        </testcase>
        <testcase name="gitlab 19.3.1 generated raw REST-client E2E &gt; negative: putApiV4ProjectsIdServicesUnifyCircuit" classname="./tests/e2e/runner/run-generated-raw-rest-client-test.ts" time="0.007" line="268" col="15">
        </testcase>
        <testcase name="gitlab 19.3.1 generated raw REST-client E2E &gt; negative: putApiV4ProjectsIdServicesWebexTeams" classname="./tests/e2e/runner/run-generated-raw-rest-client-test.ts" time="0.008" line="268" col="15">
        </testcase>
        <testcase name="gitlab 19.3.1 generated raw REST-client E2E &gt; negative: putApiV4ProjectsIdServicesYoutrack" classname="./tests/e2e/runner/run-generated-raw-rest-client-test.ts" time="0.007" line="268" col="15">
        </testcase>
        <testcase name="gitlab 19.3.1 generated raw REST-client E2E &gt; negative: putApiV4ProjectsIdServicesZentao" classname="./tests/e2e/runner/run-generated-raw-rest-client-test.ts" time="0.008" line="268" col="15">
        </testcase>
        <testcase name="gitlab 19.3.1 generated raw REST-client E2E &gt; negative: putApiV4ProjectsIdSnippetsSnippetId" classname="./tests/e2e/runner/run-generated-raw-rest-client-test.ts" time="0.008" line="268" col="15">
        </testcase>
        <testcase name="gitlab 19.3.1 generated raw REST-client E2E &gt; negative: putApiV4ProjectsIdTransfer" classname="./tests/e2e/runner/run-generated-raw-rest-client-test.ts" time="0.007" line="268" col="15">
        </testcase>
        <testcase name="gitlab 19.3.1 generated raw REST-client E2E &gt; negative: putApiV4ProjectsIdTriggersTriggerId" classname="./tests/e2e/runner/run-generated-raw-rest-client-test.ts" time="0.007" line="268" col="15">
        </testcase>
        <testcase name="gitlab 19.3.1 generated raw REST-client E2E &gt; negative: putApiV4ProjectsIdVariablesKey" classname="./tests/e2e/runner/run-generated-raw-rest-client-test.ts" time="0.007" line="268" col="15">
        </testcase>
        <testcase name="gitlab 19.3.1 generated raw REST-client E2E &gt; negative: putApiV4ProjectsIdWikisSlug" classname="./tests/e2e/runner/run-generated-raw-rest-client-test.ts" time="0.009" line="268" col="15">
        </testcase>
        <testcase name="gitlab 19.3.1 generated raw REST-client E2E &gt; negative: putApiV4RunnersId" classname="./tests/e2e/runner/run-generated-raw-rest-client-test.ts" time="0.008" line="268" col="15">
        </testcase>
        <testcase name="gitlab 19.3.1 generated raw REST-client E2E &gt; negative: putApiV4SnippetsId" classname="./tests/e2e/runner/run-generated-raw-rest-client-test.ts" time="0.008" line="268" col="15">
        </testcase>
        <testcase name="gitlab 19.3.1 generated raw REST-client E2E &gt; negative: putApiV4SuggestionsBatchApply" classname="./tests/e2e/runner/run-generated-raw-rest-client-test.ts" time="0.008" line="268" col="15">
        </testcase>
        <testcase name="gitlab 19.3.1 generated raw REST-client E2E &gt; negative: putApiV4SuggestionsIdApply" classname="./tests/e2e/runner/run-generated-raw-rest-client-test.ts" time="0.007" line="268" col="15">
        </testcase>
        <testcase name="gitlab 19.3.1 generated raw REST-client E2E &gt; negative: putApiV4TopicsId" classname="./tests/e2e/runner/run-generated-raw-rest-client-test.ts" time="0.008" line="268" col="15">
        </testcase>
    </testsuite>
</testsuites>
