<?xml version="1.0" encoding="UTF-8"?>
<testsuites name="deno test" tests="544" failures="0" errors="0" time="9.454">
    <testsuite name="./tests/e2e/generated/raw-rest-client-tests/gitea/1.27.2/generated-raw-rest-client-e2e_test.ts" tests="1" disabled="0" errors="0" failures="0">
        <testcase name="gitea 1.27.2 generated raw REST-client E2E" classname="./tests/e2e/generated/raw-rest-client-tests/gitea/1.27.2/generated-raw-rest-client-e2e_test.ts" time="9.435" line="5" col="6">
        </testcase>
    </testsuite>
    <testsuite name="./tests/e2e/runner/run-generated-raw-rest-client-test.ts" tests="543" disabled="0" errors="0" failures="0">
        <testcase name="gitea 1.27.2 generated raw REST-client E2E &gt; sandbox identity and fixtures: getVersion" classname="./tests/e2e/runner/run-generated-raw-rest-client-test.ts" time="0.012" line="261" col="17">
        </testcase>
        <testcase name="gitea 1.27.2 generated raw REST-client E2E &gt; sandbox identity and fixtures: userGetCurrent" classname="./tests/e2e/runner/run-generated-raw-rest-client-test.ts" time="0.004" line="261" col="17">
        </testcase>
        <testcase name="gitea 1.27.2 generated raw REST-client E2E &gt; sandbox identity and fixtures: adminEditUser" classname="./tests/e2e/runner/run-generated-raw-rest-client-test.ts" time="0.004" line="261" col="17">
        </testcase>
        <testcase name="gitea 1.27.2 generated raw REST-client E2E &gt; sandbox identity and fixtures: adminCreateUser" classname="./tests/e2e/runner/run-generated-raw-rest-client-test.ts" time="0.018" line="261" col="17">
        </testcase>
        <testcase name="gitea 1.27.2 generated raw REST-client E2E &gt; sandbox identity and fixtures: userCreateToken" classname="./tests/e2e/runner/run-generated-raw-rest-client-test.ts" time="0.015" line="261" col="17">
        </testcase>
        <testcase name="gitea 1.27.2 generated raw REST-client E2E &gt; sandbox identity and fixtures: createCurrentUserRepo" classname="./tests/e2e/runner/run-generated-raw-rest-client-test.ts" time="0.119" line="261" col="17">
        </testcase>
        <testcase name="gitea 1.27.2 generated raw REST-client E2E &gt; sandbox identity and fixtures: repoEdit" classname="./tests/e2e/runner/run-generated-raw-rest-client-test.ts" time="0.006" line="261" col="17">
        </testcase>
        <testcase name="gitea 1.27.2 generated raw REST-client E2E &gt; sandbox identity and fixtures: repoGetBranch" classname="./tests/e2e/runner/run-generated-raw-rest-client-test.ts" time="0.008" line="261" col="17">
        </testcase>
        <testcase name="gitea 1.27.2 generated raw REST-client E2E &gt; sandbox identity and fixtures: orgCreate" classname="./tests/e2e/runner/run-generated-raw-rest-client-test.ts" time="0.007" line="261" col="17">
        </testcase>
        <testcase name="gitea 1.27.2 generated raw REST-client E2E &gt; sandbox identity and fixtures: createOrgRepo" classname="./tests/e2e/runner/run-generated-raw-rest-client-test.ts" time="0.119" line="261" col="17">
        </testcase>
        <testcase name="gitea 1.27.2 generated raw REST-client E2E &gt; instance and current-user read APIs: adminCronList" classname="./tests/e2e/runner/run-generated-raw-rest-client-test.ts" time="0.004" line="261" col="17">
        </testcase>
        <testcase name="gitea 1.27.2 generated raw REST-client E2E &gt; instance and current-user read APIs: adminGetAllEmails" classname="./tests/e2e/runner/run-generated-raw-rest-client-test.ts" time="0.003" line="261" col="17">
        </testcase>
        <testcase name="gitea 1.27.2 generated raw REST-client E2E &gt; instance and current-user read APIs: adminSearchEmails" classname="./tests/e2e/runner/run-generated-raw-rest-client-test.ts" time="0.004" line="261" col="17">
        </testcase>
        <testcase name="gitea 1.27.2 generated raw REST-client E2E &gt; instance and current-user read APIs: adminGetAllOrgs" classname="./tests/e2e/runner/run-generated-raw-rest-client-test.ts" time="0.003" line="261" col="17">
        </testcase>
        <testcase name="gitea 1.27.2 generated raw REST-client E2E &gt; instance and current-user read APIs: adminSearchUsers" classname="./tests/e2e/runner/run-generated-raw-rest-client-test.ts" time="0.003" line="261" col="17">
        </testcase>
        <testcase name="gitea 1.27.2 generated raw REST-client E2E &gt; instance and current-user read APIs: adminUnadoptedList" classname="./tests/e2e/runner/run-generated-raw-rest-client-test.ts" time="0.004" line="261" col="17">
        </testcase>
        <testcase name="gitea 1.27.2 generated raw REST-client E2E &gt; instance and current-user read APIs: listGitignoresTemplates" classname="./tests/e2e/runner/run-generated-raw-rest-client-test.ts" time="0.003" line="261" col="17">
        </testcase>
        <testcase name="gitea 1.27.2 generated raw REST-client E2E &gt; instance and current-user read APIs: listLabelTemplates" classname="./tests/e2e/runner/run-generated-raw-rest-client-test.ts" time="0.003" line="261" col="17">
        </testcase>
        <testcase name="gitea 1.27.2 generated raw REST-client E2E &gt; instance and current-user read APIs: listLicenseTemplates" classname="./tests/e2e/runner/run-generated-raw-rest-client-test.ts" time="0.003" line="261" col="17">
        </testcase>
        <testcase name="gitea 1.27.2 generated raw REST-client E2E &gt; instance and current-user read APIs: getGeneralAPISettings" classname="./tests/e2e/runner/run-generated-raw-rest-client-test.ts" time="0.003" line="261" col="17">
        </testcase>
        <testcase name="gitea 1.27.2 generated raw REST-client E2E &gt; instance and current-user read APIs: getGeneralAttachmentSettings" classname="./tests/e2e/runner/run-generated-raw-rest-client-test.ts" time="0.003" line="261" col="17">
        </testcase>
        <testcase name="gitea 1.27.2 generated raw REST-client E2E &gt; instance and current-user read APIs: getGeneralRepositorySettings" classname="./tests/e2e/runner/run-generated-raw-rest-client-test.ts" time="0.003" line="261" col="17">
        </testcase>
        <testcase name="gitea 1.27.2 generated raw REST-client E2E &gt; instance and current-user read APIs: getGeneralUISettings" classname="./tests/e2e/runner/run-generated-raw-rest-client-test.ts" time="0.003" line="261" col="17">
        </testcase>
        <testcase name="gitea 1.27.2 generated raw REST-client E2E &gt; instance and current-user read APIs: orgGetAll" classname="./tests/e2e/runner/run-generated-raw-rest-client-test.ts" time="0.003" line="261" col="17">
        </testcase>
        <testcase name="gitea 1.27.2 generated raw REST-client E2E &gt; instance and current-user read APIs: notifyGetList" classname="./tests/e2e/runner/run-generated-raw-rest-client-test.ts" time="0.003" line="261" col="17">
        </testcase>
        <testcase name="gitea 1.27.2 generated raw REST-client E2E &gt; instance and current-user read APIs: notifyNewAvailable" classname="./tests/e2e/runner/run-generated-raw-rest-client-test.ts" time="0.003" line="261" col="17">
        </testcase>
        <testcase name="gitea 1.27.2 generated raw REST-client E2E &gt; instance and current-user read APIs: userCurrentListFollowers" classname="./tests/e2e/runner/run-generated-raw-rest-client-test.ts" time="0.003" line="261" col="17">
        </testcase>
        <testcase name="gitea 1.27.2 generated raw REST-client E2E &gt; instance and current-user read APIs: userCurrentListFollowing" classname="./tests/e2e/runner/run-generated-raw-rest-client-test.ts" time="0.003" line="261" col="17">
        </testcase>
        <testcase name="gitea 1.27.2 generated raw REST-client E2E &gt; instance and current-user read APIs: userCurrentListGPGKeys" classname="./tests/e2e/runner/run-generated-raw-rest-client-test.ts" time="0.003" line="261" col="17">
        </testcase>
        <testcase name="gitea 1.27.2 generated raw REST-client E2E &gt; instance and current-user read APIs: userCurrentListKeys" classname="./tests/e2e/runner/run-generated-raw-rest-client-test.ts" time="0.003" line="261" col="17">
        </testcase>
        <testcase name="gitea 1.27.2 generated raw REST-client E2E &gt; instance and current-user read APIs: userListEmails" classname="./tests/e2e/runner/run-generated-raw-rest-client-test.ts" time="0.003" line="261" col="17">
        </testcase>
        <testcase name="gitea 1.27.2 generated raw REST-client E2E &gt; instance and current-user read APIs: orgListCurrentUserOrgs" classname="./tests/e2e/runner/run-generated-raw-rest-client-test.ts" time="0.003" line="261" col="17">
        </testcase>
        <testcase name="gitea 1.27.2 generated raw REST-client E2E &gt; instance and current-user read APIs: userCurrentListRepos" classname="./tests/e2e/runner/run-generated-raw-rest-client-test.ts" time="0.004" line="261" col="17">
        </testcase>
        <testcase name="gitea 1.27.2 generated raw REST-client E2E &gt; instance and current-user read APIs: userCurrentListStarred" classname="./tests/e2e/runner/run-generated-raw-rest-client-test.ts" time="0.003" line="261" col="17">
        </testcase>
        <testcase name="gitea 1.27.2 generated raw REST-client E2E &gt; instance and current-user read APIs: userGetStopWatches" classname="./tests/e2e/runner/run-generated-raw-rest-client-test.ts" time="0.003" line="261" col="17">
        </testcase>
        <testcase name="gitea 1.27.2 generated raw REST-client E2E &gt; instance and current-user read APIs: userCurrentListSubscriptions" classname="./tests/e2e/runner/run-generated-raw-rest-client-test.ts" time="0.005" line="261" col="17">
        </testcase>
        <testcase name="gitea 1.27.2 generated raw REST-client E2E &gt; instance and current-user read APIs: userListTeams" classname="./tests/e2e/runner/run-generated-raw-rest-client-test.ts" time="0.003" line="261" col="17">
        </testcase>
        <testcase name="gitea 1.27.2 generated raw REST-client E2E &gt; instance and current-user read APIs: userCurrentTrackedTimes" classname="./tests/e2e/runner/run-generated-raw-rest-client-test.ts" time="0.003" line="261" col="17">
        </testcase>
        <testcase name="gitea 1.27.2 generated raw REST-client E2E &gt; instance and current-user read APIs: userSearch" classname="./tests/e2e/runner/run-generated-raw-rest-client-test.ts" time="0.003" line="261" col="17">
        </testcase>
        <testcase name="gitea 1.27.2 generated raw REST-client E2E &gt; instance and current-user read APIs: getUserSettings" classname="./tests/e2e/runner/run-generated-raw-rest-client-test.ts" time="0.003" line="261" col="17">
        </testcase>
        <testcase name="gitea 1.27.2 generated raw REST-client E2E &gt; instance and current-user read APIs: userGetOauth2Application" classname="./tests/e2e/runner/run-generated-raw-rest-client-test.ts" time="0.003" line="261" col="17">
        </testcase>
        <testcase name="gitea 1.27.2 generated raw REST-client E2E &gt; instance and current-user read APIs: userListBlocks" classname="./tests/e2e/runner/run-generated-raw-rest-client-test.ts" time="0.003" line="261" col="17">
        </testcase>
        <testcase name="gitea 1.27.2 generated raw REST-client E2E &gt; instance and current-user read APIs: adminListHooks" classname="./tests/e2e/runner/run-generated-raw-rest-client-test.ts" time="0.003" line="261" col="17">
        </testcase>
        <testcase name="gitea 1.27.2 generated raw REST-client E2E &gt; instance and current-user read APIs: userListHooks" classname="./tests/e2e/runner/run-generated-raw-rest-client-test.ts" time="0.002" line="261" col="17">
        </testcase>
        <testcase name="gitea 1.27.2 generated raw REST-client E2E &gt; instance and current-user read APIs: getGitignoreTemplateInfo" classname="./tests/e2e/runner/run-generated-raw-rest-client-test.ts" time="0.003" line="261" col="17">
        </testcase>
        <testcase name="gitea 1.27.2 generated raw REST-client E2E &gt; instance and current-user read APIs: getLicenseTemplateInfo" classname="./tests/e2e/runner/run-generated-raw-rest-client-test.ts" time="0.003" line="261" col="17">
        </testcase>
        <testcase name="gitea 1.27.2 generated raw REST-client E2E &gt; instance and current-user read APIs: getLabelTemplateInfo" classname="./tests/e2e/runner/run-generated-raw-rest-client-test.ts" time="0.003" line="261" col="17">
        </testcase>
        <testcase name="gitea 1.27.2 generated raw REST-client E2E &gt; instance and current-user read APIs: renderMarkdown" classname="./tests/e2e/runner/run-generated-raw-rest-client-test.ts" time="0.007" line="261" col="17">
        </testcase>
        <testcase name="gitea 1.27.2 generated raw REST-client E2E &gt; instance and current-user read APIs: renderMarkdownRaw" classname="./tests/e2e/runner/run-generated-raw-rest-client-test.ts" time="0.004" line="261" col="17">
        </testcase>
        <testcase name="gitea 1.27.2 generated raw REST-client E2E &gt; instance and current-user read APIs: renderMarkup" classname="./tests/e2e/runner/run-generated-raw-rest-client-test.ts" time="0.003" line="261" col="17">
        </testcase>
        <testcase name="gitea 1.27.2 generated raw REST-client E2E &gt; instance and current-user read APIs: notifyReadList" classname="./tests/e2e/runner/run-generated-raw-rest-client-test.ts" time="0.003" line="261" col="17">
        </testcase>
        <testcase name="gitea 1.27.2 generated raw REST-client E2E &gt; instance and current-user read APIs: updateUserSettings" classname="./tests/e2e/runner/run-generated-raw-rest-client-test.ts" time="0.004" line="261" col="17">
        </testcase>
        <testcase name="gitea 1.27.2 generated raw REST-client E2E &gt; repository read APIs: repoGet" classname="./tests/e2e/runner/run-generated-raw-rest-client-test.ts" time="0.003" line="261" col="17">
        </testcase>
        <testcase name="gitea 1.27.2 generated raw REST-client E2E &gt; repository read APIs: repoGetAssignees" classname="./tests/e2e/runner/run-generated-raw-rest-client-test.ts" time="0.003" line="261" col="17">
        </testcase>
        <testcase name="gitea 1.27.2 generated raw REST-client E2E &gt; repository read APIs: repoListActivityFeeds" classname="./tests/e2e/runner/run-generated-raw-rest-client-test.ts" time="0.003" line="261" col="17">
        </testcase>
        <testcase name="gitea 1.27.2 generated raw REST-client E2E &gt; repository read APIs: repoListBranchProtection" classname="./tests/e2e/runner/run-generated-raw-rest-client-test.ts" time="0.003" line="261" col="17">
        </testcase>
        <testcase name="gitea 1.27.2 generated raw REST-client E2E &gt; repository read APIs: repoListBranches" classname="./tests/e2e/runner/run-generated-raw-rest-client-test.ts" time="0.006" line="261" col="17">
        </testcase>
        <testcase name="gitea 1.27.2 generated raw REST-client E2E &gt; repository read APIs: repoListCollaborators" classname="./tests/e2e/runner/run-generated-raw-rest-client-test.ts" time="0.003" line="261" col="17">
        </testcase>
        <testcase name="gitea 1.27.2 generated raw REST-client E2E &gt; repository read APIs: repoGetAllCommits" classname="./tests/e2e/runner/run-generated-raw-rest-client-test.ts" time="0.007" line="261" col="17">
        </testcase>
        <testcase name="gitea 1.27.2 generated raw REST-client E2E &gt; repository read APIs: repoGetContentsList" classname="./tests/e2e/runner/run-generated-raw-rest-client-test.ts" time="0.007" line="261" col="17">
        </testcase>
        <testcase name="gitea 1.27.2 generated raw REST-client E2E &gt; repository read APIs: listForks" classname="./tests/e2e/runner/run-generated-raw-rest-client-test.ts" time="0.004" line="261" col="17">
        </testcase>
        <testcase name="gitea 1.27.2 generated raw REST-client E2E &gt; repository read APIs: repoListAllGitRefs" classname="./tests/e2e/runner/run-generated-raw-rest-client-test.ts" time="0.005" line="261" col="17">
        </testcase>
        <testcase name="gitea 1.27.2 generated raw REST-client E2E &gt; repository read APIs: repoListHooks" classname="./tests/e2e/runner/run-generated-raw-rest-client-test.ts" time="0.003" line="261" col="17">
        </testcase>
        <testcase name="gitea 1.27.2 generated raw REST-client E2E &gt; repository read APIs: repoListGitHooks" classname="./tests/e2e/runner/run-generated-raw-rest-client-test.ts" time="0.004" line="261" col="17">
        </testcase>
        <testcase name="gitea 1.27.2 generated raw REST-client E2E &gt; repository read APIs: repoGetIssueConfig" classname="./tests/e2e/runner/run-generated-raw-rest-client-test.ts" time="0.004" line="261" col="17">
        </testcase>
        <testcase name="gitea 1.27.2 generated raw REST-client E2E &gt; repository read APIs: repoValidateIssueConfig" classname="./tests/e2e/runner/run-generated-raw-rest-client-test.ts" time="0.004" line="261" col="17">
        </testcase>
        <testcase name="gitea 1.27.2 generated raw REST-client E2E &gt; repository read APIs: repoGetIssueTemplates" classname="./tests/e2e/runner/run-generated-raw-rest-client-test.ts" time="0.005" line="261" col="17">
        </testcase>
        <testcase name="gitea 1.27.2 generated raw REST-client E2E &gt; repository read APIs: issueListIssues" classname="./tests/e2e/runner/run-generated-raw-rest-client-test.ts" time="0.004" line="261" col="17">
        </testcase>
        <testcase name="gitea 1.27.2 generated raw REST-client E2E &gt; repository read APIs: issueGetRepoComments" classname="./tests/e2e/runner/run-generated-raw-rest-client-test.ts" time="0.004" line="261" col="17">
        </testcase>
        <testcase name="gitea 1.27.2 generated raw REST-client E2E &gt; repository read APIs: repoListPinnedIssues" classname="./tests/e2e/runner/run-generated-raw-rest-client-test.ts" time="0.003" line="261" col="17">
        </testcase>
        <testcase name="gitea 1.27.2 generated raw REST-client E2E &gt; repository read APIs: repoListKeys" classname="./tests/e2e/runner/run-generated-raw-rest-client-test.ts" time="0.004" line="261" col="17">
        </testcase>
        <testcase name="gitea 1.27.2 generated raw REST-client E2E &gt; repository read APIs: issueListLabels" classname="./tests/e2e/runner/run-generated-raw-rest-client-test.ts" time="0.006" line="261" col="17">
        </testcase>
        <testcase name="gitea 1.27.2 generated raw REST-client E2E &gt; repository read APIs: repoGetLanguages" classname="./tests/e2e/runner/run-generated-raw-rest-client-test.ts" time="0.004" line="261" col="17">
        </testcase>
        <testcase name="gitea 1.27.2 generated raw REST-client E2E &gt; repository read APIs: repoGetLicenses" classname="./tests/e2e/runner/run-generated-raw-rest-client-test.ts" time="0.003" line="261" col="17">
        </testcase>
        <testcase name="gitea 1.27.2 generated raw REST-client E2E &gt; repository read APIs: issueGetMilestonesList" classname="./tests/e2e/runner/run-generated-raw-rest-client-test.ts" time="0.004" line="261" col="17">
        </testcase>
        <testcase name="gitea 1.27.2 generated raw REST-client E2E &gt; repository read APIs: repoNewPinAllowed" classname="./tests/e2e/runner/run-generated-raw-rest-client-test.ts" time="0.004" line="261" col="17">
        </testcase>
        <testcase name="gitea 1.27.2 generated raw REST-client E2E &gt; repository read APIs: notifyGetRepoList" classname="./tests/e2e/runner/run-generated-raw-rest-client-test.ts" time="0.004" line="261" col="17">
        </testcase>
        <testcase name="gitea 1.27.2 generated raw REST-client E2E &gt; repository read APIs: repoListPullRequests" classname="./tests/e2e/runner/run-generated-raw-rest-client-test.ts" time="0.004" line="261" col="17">
        </testcase>
        <testcase name="gitea 1.27.2 generated raw REST-client E2E &gt; repository read APIs: repoListPinnedPullRequests" classname="./tests/e2e/runner/run-generated-raw-rest-client-test.ts" time="0.003" line="261" col="17">
        </testcase>
        <testcase name="gitea 1.27.2 generated raw REST-client E2E &gt; repository read APIs: repoListPushMirrors" classname="./tests/e2e/runner/run-generated-raw-rest-client-test.ts" time="0.003" line="261" col="17">
        </testcase>
        <testcase name="gitea 1.27.2 generated raw REST-client E2E &gt; repository read APIs: repoListReleases" classname="./tests/e2e/runner/run-generated-raw-rest-client-test.ts" time="0.003" line="261" col="17">
        </testcase>
        <testcase name="gitea 1.27.2 generated raw REST-client E2E &gt; repository read APIs: repoGetReviewers" classname="./tests/e2e/runner/run-generated-raw-rest-client-test.ts" time="0.004" line="261" col="17">
        </testcase>
        <testcase name="gitea 1.27.2 generated raw REST-client E2E &gt; repository read APIs: repoListStargazers" classname="./tests/e2e/runner/run-generated-raw-rest-client-test.ts" time="0.003" line="261" col="17">
        </testcase>
        <testcase name="gitea 1.27.2 generated raw REST-client E2E &gt; repository read APIs: repoListSubscribers" classname="./tests/e2e/runner/run-generated-raw-rest-client-test.ts" time="0.003" line="261" col="17">
        </testcase>
        <testcase name="gitea 1.27.2 generated raw REST-client E2E &gt; repository read APIs: repoListTagProtection" classname="./tests/e2e/runner/run-generated-raw-rest-client-test.ts" time="0.003" line="261" col="17">
        </testcase>
        <testcase name="gitea 1.27.2 generated raw REST-client E2E &gt; repository read APIs: repoListTags" classname="./tests/e2e/runner/run-generated-raw-rest-client-test.ts" time="0.004" line="261" col="17">
        </testcase>
        <testcase name="gitea 1.27.2 generated raw REST-client E2E &gt; repository read APIs: repoTrackedTimes" classname="./tests/e2e/runner/run-generated-raw-rest-client-test.ts" time="0.004" line="261" col="17">
        </testcase>
        <testcase name="gitea 1.27.2 generated raw REST-client E2E &gt; repository read APIs: repoListTopics" classname="./tests/e2e/runner/run-generated-raw-rest-client-test.ts" time="0.003" line="261" col="17">
        </testcase>
        <testcase name="gitea 1.27.2 generated raw REST-client E2E &gt; repository read APIs: getArtifacts" classname="./tests/e2e/runner/run-generated-raw-rest-client-test.ts" time="0.003" line="261" col="17">
        </testcase>
        <testcase name="gitea 1.27.2 generated raw REST-client E2E &gt; repository read APIs: listWorkflowJobs" classname="./tests/e2e/runner/run-generated-raw-rest-client-test.ts" time="0.003" line="261" col="17">
        </testcase>
        <testcase name="gitea 1.27.2 generated raw REST-client E2E &gt; repository read APIs: getRepoRunners" classname="./tests/e2e/runner/run-generated-raw-rest-client-test.ts" time="0.003" line="261" col="17">
        </testcase>
        <testcase name="gitea 1.27.2 generated raw REST-client E2E &gt; repository read APIs: getWorkflowRuns" classname="./tests/e2e/runner/run-generated-raw-rest-client-test.ts" time="0.003" line="261" col="17">
        </testcase>
        <testcase name="gitea 1.27.2 generated raw REST-client E2E &gt; repository read APIs: repoListActionsSecrets" classname="./tests/e2e/runner/run-generated-raw-rest-client-test.ts" time="0.002" line="261" col="17">
        </testcase>
        <testcase name="gitea 1.27.2 generated raw REST-client E2E &gt; repository read APIs: getRepoVariablesList" classname="./tests/e2e/runner/run-generated-raw-rest-client-test.ts" time="0.003" line="261" col="17">
        </testcase>
        <testcase name="gitea 1.27.2 generated raw REST-client E2E &gt; repository read APIs: ActionsListRepositoryWorkflows" classname="./tests/e2e/runner/run-generated-raw-rest-client-test.ts" time="0.003" line="261" col="17">
        </testcase>
        <testcase name="gitea 1.27.2 generated raw REST-client E2E &gt; repository read APIs: ListActionTasks" classname="./tests/e2e/runner/run-generated-raw-rest-client-test.ts" time="0.003" line="261" col="17">
        </testcase>
        <testcase name="gitea 1.27.2 generated raw REST-client E2E &gt; repository read APIs: repoGetByID" classname="./tests/e2e/runner/run-generated-raw-rest-client-test.ts" time="0.003" line="261" col="17">
        </testcase>
        <testcase name="gitea 1.27.2 generated raw REST-client E2E &gt; repository read APIs: repoGetCombinedStatusByRef" classname="./tests/e2e/runner/run-generated-raw-rest-client-test.ts" time="0.006" line="261" col="17">
        </testcase>
        <testcase name="gitea 1.27.2 generated raw REST-client E2E &gt; repository read APIs: repoListStatusesByRef" classname="./tests/e2e/runner/run-generated-raw-rest-client-test.ts" time="0.005" line="261" col="17">
        </testcase>
        <testcase name="gitea 1.27.2 generated raw REST-client E2E &gt; repository read APIs: repoListGitRefs" classname="./tests/e2e/runner/run-generated-raw-rest-client-test.ts" time="0.004" line="261" col="17">
        </testcase>
        <testcase name="gitea 1.27.2 generated raw REST-client E2E &gt; repository read APIs: repoGetContents" classname="./tests/e2e/runner/run-generated-raw-rest-client-test.ts" time="0.005" line="261" col="17">
        </testcase>
        <testcase name="gitea 1.27.2 generated raw REST-client E2E &gt; repository read APIs: repoGetRawFile" classname="./tests/e2e/runner/run-generated-raw-rest-client-test.ts" time="0.004" line="261" col="17">
        </testcase>
        <testcase name="gitea 1.27.2 generated raw REST-client E2E &gt; repository read APIs: repoGetRawFileOrLFS" classname="./tests/e2e/runner/run-generated-raw-rest-client-test.ts" time="0.005" line="261" col="17">
        </testcase>
        <testcase name="gitea 1.27.2 generated raw REST-client E2E &gt; repository read APIs: repoGetArchive" classname="./tests/e2e/runner/run-generated-raw-rest-client-test.ts" time="0.005" line="261" col="17">
        </testcase>
        <testcase name="gitea 1.27.2 generated raw REST-client E2E &gt; repository read APIs: repoGetSingleCommit" classname="./tests/e2e/runner/run-generated-raw-rest-client-test.ts" time="0.006" line="261" col="17">
        </testcase>
        <testcase name="gitea 1.27.2 generated raw REST-client E2E &gt; repository read APIs: GetTree" classname="./tests/e2e/runner/run-generated-raw-rest-client-test.ts" time="0.004" line="261" col="17">
        </testcase>
        <testcase name="gitea 1.27.2 generated raw REST-client E2E &gt; repository read APIs: GetBlob" classname="./tests/e2e/runner/run-generated-raw-rest-client-test.ts" time="0.004" line="261" col="17">
        </testcase>
        <testcase name="gitea 1.27.2 generated raw REST-client E2E &gt; repository read APIs: repoDownloadCommitDiffOrPatch" classname="./tests/e2e/runner/run-generated-raw-rest-client-test.ts" time="0.004" line="261" col="17">
        </testcase>
        <testcase name="gitea 1.27.2 generated raw REST-client E2E &gt; repository read APIs: repoListStatuses" classname="./tests/e2e/runner/run-generated-raw-rest-client-test.ts" time="0.003" line="261" col="17">
        </testcase>
        <testcase name="gitea 1.27.2 generated raw REST-client E2E &gt; repository read APIs: repoCreateStatus" classname="./tests/e2e/runner/run-generated-raw-rest-client-test.ts" time="0.006" line="261" col="17">
        </testcase>
        <testcase name="gitea 1.27.2 generated raw REST-client E2E &gt; repository read APIs: notifyReadRepoList" classname="./tests/e2e/runner/run-generated-raw-rest-client-test.ts" time="0.003" line="261" col="17">
        </testcase>
        <testcase name="gitea 1.27.2 generated raw REST-client E2E &gt; repository read APIs: repoSearch" classname="./tests/e2e/runner/run-generated-raw-rest-client-test.ts" time="0.004" line="261" col="17">
        </testcase>
        <testcase name="gitea 1.27.2 generated raw REST-client E2E &gt; repository read APIs: issueSearchIssues" classname="./tests/e2e/runner/run-generated-raw-rest-client-test.ts" time="0.003" line="261" col="17">
        </testcase>
        <testcase name="gitea 1.27.2 generated raw REST-client E2E &gt; repository read APIs: topicSearch" classname="./tests/e2e/runner/run-generated-raw-rest-client-test.ts" time="0.004" line="261" col="17">
        </testcase>
        <testcase name="gitea 1.27.2 generated raw REST-client E2E &gt; repository read APIs: repoGetContentsExt" classname="./tests/e2e/runner/run-generated-raw-rest-client-test.ts" time="0.004" line="261" col="17">
        </testcase>
        <testcase name="gitea 1.27.2 generated raw REST-client E2E &gt; repository read APIs: repoGetFileContents" classname="./tests/e2e/runner/run-generated-raw-rest-client-test.ts" time="0.004" line="261" col="17">
        </testcase>
        <testcase name="gitea 1.27.2 generated raw REST-client E2E &gt; repository read APIs: repoGetFileContentsPost" classname="./tests/e2e/runner/run-generated-raw-rest-client-test.ts" time="0.004" line="261" col="17">
        </testcase>
        <testcase name="gitea 1.27.2 generated raw REST-client E2E &gt; social and permissions: repoAddCollaborator" classname="./tests/e2e/runner/run-generated-raw-rest-client-test.ts" time="0.004" line="261" col="17">
        </testcase>
        <testcase name="gitea 1.27.2 generated raw REST-client E2E &gt; social and permissions: repoCheckCollaborator" classname="./tests/e2e/runner/run-generated-raw-rest-client-test.ts" time="0.003" line="261" col="17">
        </testcase>
        <testcase name="gitea 1.27.2 generated raw REST-client E2E &gt; social and permissions: repoGetRepoPermissions" classname="./tests/e2e/runner/run-generated-raw-rest-client-test.ts" time="0.003" line="261" col="17">
        </testcase>
        <testcase name="gitea 1.27.2 generated raw REST-client E2E &gt; social and permissions: repoCheckAssignee" classname="./tests/e2e/runner/run-generated-raw-rest-client-test.ts" time="0.003" line="261" col="17">
        </testcase>
        <testcase name="gitea 1.27.2 generated raw REST-client E2E &gt; social and permissions: userCurrentPutFollow" classname="./tests/e2e/runner/run-generated-raw-rest-client-test.ts" time="0.003" line="261" col="17">
        </testcase>
        <testcase name="gitea 1.27.2 generated raw REST-client E2E &gt; social and permissions: userCurrentCheckFollowing" classname="./tests/e2e/runner/run-generated-raw-rest-client-test.ts" time="0.003" line="261" col="17">
        </testcase>
        <testcase name="gitea 1.27.2 generated raw REST-client E2E &gt; social and permissions: userCheckFollowing" classname="./tests/e2e/runner/run-generated-raw-rest-client-test.ts" time="0.003" line="261" col="17">
        </testcase>
        <testcase name="gitea 1.27.2 generated raw REST-client E2E &gt; social and permissions: userCurrentDeleteFollow" classname="./tests/e2e/runner/run-generated-raw-rest-client-test.ts" time="0.004" line="261" col="17">
        </testcase>
        <testcase name="gitea 1.27.2 generated raw REST-client E2E &gt; social and permissions: userCurrentPutStar" classname="./tests/e2e/runner/run-generated-raw-rest-client-test.ts" time="0.003" line="261" col="17">
        </testcase>
        <testcase name="gitea 1.27.2 generated raw REST-client E2E &gt; social and permissions: userCurrentCheckStarring" classname="./tests/e2e/runner/run-generated-raw-rest-client-test.ts" time="0.003" line="261" col="17">
        </testcase>
        <testcase name="gitea 1.27.2 generated raw REST-client E2E &gt; social and permissions: userCurrentDeleteStar" classname="./tests/e2e/runner/run-generated-raw-rest-client-test.ts" time="0.004" line="261" col="17">
        </testcase>
        <testcase name="gitea 1.27.2 generated raw REST-client E2E &gt; social and permissions: userCurrentPutSubscription" classname="./tests/e2e/runner/run-generated-raw-rest-client-test.ts" time="0.003" line="261" col="17">
        </testcase>
        <testcase name="gitea 1.27.2 generated raw REST-client E2E &gt; social and permissions: userCurrentCheckSubscription" classname="./tests/e2e/runner/run-generated-raw-rest-client-test.ts" time="0.004" line="261" col="17">
        </testcase>
        <testcase name="gitea 1.27.2 generated raw REST-client E2E &gt; social and permissions: userCurrentDeleteSubscription" classname="./tests/e2e/runner/run-generated-raw-rest-client-test.ts" time="0.003" line="261" col="17">
        </testcase>
        <testcase name="gitea 1.27.2 generated raw REST-client E2E &gt; social and permissions: userGet" classname="./tests/e2e/runner/run-generated-raw-rest-client-test.ts" time="0.003" line="261" col="17">
        </testcase>
        <testcase name="gitea 1.27.2 generated raw REST-client E2E &gt; social and permissions: userListActivityFeeds" classname="./tests/e2e/runner/run-generated-raw-rest-client-test.ts" time="0.003" line="261" col="17">
        </testcase>
        <testcase name="gitea 1.27.2 generated raw REST-client E2E &gt; social and permissions: userListFollowers" classname="./tests/e2e/runner/run-generated-raw-rest-client-test.ts" time="0.004" line="261" col="17">
        </testcase>
        <testcase name="gitea 1.27.2 generated raw REST-client E2E &gt; social and permissions: userListFollowing" classname="./tests/e2e/runner/run-generated-raw-rest-client-test.ts" time="0.004" line="261" col="17">
        </testcase>
        <testcase name="gitea 1.27.2 generated raw REST-client E2E &gt; social and permissions: userListGPGKeys" classname="./tests/e2e/runner/run-generated-raw-rest-client-test.ts" time="0.003" line="261" col="17">
        </testcase>
        <testcase name="gitea 1.27.2 generated raw REST-client E2E &gt; social and permissions: userGetHeatmapData" classname="./tests/e2e/runner/run-generated-raw-rest-client-test.ts" time="0.003" line="261" col="17">
        </testcase>
        <testcase name="gitea 1.27.2 generated raw REST-client E2E &gt; social and permissions: userListKeys" classname="./tests/e2e/runner/run-generated-raw-rest-client-test.ts" time="0.003" line="261" col="17">
        </testcase>
        <testcase name="gitea 1.27.2 generated raw REST-client E2E &gt; social and permissions: orgListUserOrgs" classname="./tests/e2e/runner/run-generated-raw-rest-client-test.ts" time="0.003" line="261" col="17">
        </testcase>
        <testcase name="gitea 1.27.2 generated raw REST-client E2E &gt; social and permissions: userListRepos" classname="./tests/e2e/runner/run-generated-raw-rest-client-test.ts" time="0.004" line="261" col="17">
        </testcase>
        <testcase name="gitea 1.27.2 generated raw REST-client E2E &gt; social and permissions: userListStarred" classname="./tests/e2e/runner/run-generated-raw-rest-client-test.ts" time="0.003" line="261" col="17">
        </testcase>
        <testcase name="gitea 1.27.2 generated raw REST-client E2E &gt; social and permissions: userListSubscriptions" classname="./tests/e2e/runner/run-generated-raw-rest-client-test.ts" time="0.004" line="261" col="17">
        </testcase>
        <testcase name="gitea 1.27.2 generated raw REST-client E2E &gt; social and permissions: userBlockUser" classname="./tests/e2e/runner/run-generated-raw-rest-client-test.ts" time="0.005" line="261" col="17">
        </testcase>
        <testcase name="gitea 1.27.2 generated raw REST-client E2E &gt; social and permissions: userCheckUserBlock" classname="./tests/e2e/runner/run-generated-raw-rest-client-test.ts" time="0.003" line="261" col="17">
        </testcase>
        <testcase name="gitea 1.27.2 generated raw REST-client E2E &gt; social and permissions: userUnblockUser" classname="./tests/e2e/runner/run-generated-raw-rest-client-test.ts" time="0.003" line="261" col="17">
        </testcase>
        <testcase name="gitea 1.27.2 generated raw REST-client E2E &gt; social and permissions: repoDeleteCollaborator" classname="./tests/e2e/runner/run-generated-raw-rest-client-test.ts" time="0.003" line="261" col="17">
        </testcase>
        <testcase name="gitea 1.27.2 generated raw REST-client E2E &gt; organization APIs: orgGet" classname="./tests/e2e/runner/run-generated-raw-rest-client-test.ts" time="0.006" line="261" col="17">
        </testcase>
        <testcase name="gitea 1.27.2 generated raw REST-client E2E &gt; organization APIs: orgListActivityFeeds" classname="./tests/e2e/runner/run-generated-raw-rest-client-test.ts" time="0.005" line="261" col="17">
        </testcase>
        <testcase name="gitea 1.27.2 generated raw REST-client E2E &gt; organization APIs: orgListHooks" classname="./tests/e2e/runner/run-generated-raw-rest-client-test.ts" time="0.003" line="261" col="17">
        </testcase>
        <testcase name="gitea 1.27.2 generated raw REST-client E2E &gt; organization APIs: orgListLabels" classname="./tests/e2e/runner/run-generated-raw-rest-client-test.ts" time="0.003" line="261" col="17">
        </testcase>
        <testcase name="gitea 1.27.2 generated raw REST-client E2E &gt; organization APIs: orgListMembers" classname="./tests/e2e/runner/run-generated-raw-rest-client-test.ts" time="0.004" line="261" col="17">
        </testcase>
        <testcase name="gitea 1.27.2 generated raw REST-client E2E &gt; organization APIs: orgListPublicMembers" classname="./tests/e2e/runner/run-generated-raw-rest-client-test.ts" time="0.003" line="261" col="17">
        </testcase>
        <testcase name="gitea 1.27.2 generated raw REST-client E2E &gt; organization APIs: orgListRepos" classname="./tests/e2e/runner/run-generated-raw-rest-client-test.ts" time="0.003" line="261" col="17">
        </testcase>
        <testcase name="gitea 1.27.2 generated raw REST-client E2E &gt; organization APIs: orgListTeams" classname="./tests/e2e/runner/run-generated-raw-rest-client-test.ts" time="0.004" line="261" col="17">
        </testcase>
        <testcase name="gitea 1.27.2 generated raw REST-client E2E &gt; organization APIs: teamSearch" classname="./tests/e2e/runner/run-generated-raw-rest-client-test.ts" time="0.003" line="261" col="17">
        </testcase>
        <testcase name="gitea 1.27.2 generated raw REST-client E2E &gt; organization APIs: organizationListBlocks" classname="./tests/e2e/runner/run-generated-raw-rest-client-test.ts" time="0.003" line="261" col="17">
        </testcase>
        <testcase name="gitea 1.27.2 generated raw REST-client E2E &gt; organization APIs: getOrgWorkflowJobs" classname="./tests/e2e/runner/run-generated-raw-rest-client-test.ts" time="0.003" line="261" col="17">
        </testcase>
        <testcase name="gitea 1.27.2 generated raw REST-client E2E &gt; organization APIs: getOrgRunners" classname="./tests/e2e/runner/run-generated-raw-rest-client-test.ts" time="0.004" line="261" col="17">
        </testcase>
        <testcase name="gitea 1.27.2 generated raw REST-client E2E &gt; organization APIs: getOrgWorkflowRuns" classname="./tests/e2e/runner/run-generated-raw-rest-client-test.ts" time="0.003" line="261" col="17">
        </testcase>
        <testcase name="gitea 1.27.2 generated raw REST-client E2E &gt; organization APIs: orgListActionsSecrets" classname="./tests/e2e/runner/run-generated-raw-rest-client-test.ts" time="0.003" line="261" col="17">
        </testcase>
        <testcase name="gitea 1.27.2 generated raw REST-client E2E &gt; organization APIs: getOrgVariablesList" classname="./tests/e2e/runner/run-generated-raw-rest-client-test.ts" time="0.003" line="261" col="17">
        </testcase>
        <testcase name="gitea 1.27.2 generated raw REST-client E2E &gt; organization APIs: orgEdit" classname="./tests/e2e/runner/run-generated-raw-rest-client-test.ts" time="0.003" line="261" col="17">
        </testcase>
        <testcase name="gitea 1.27.2 generated raw REST-client E2E &gt; organization APIs: orgIsMember" classname="./tests/e2e/runner/run-generated-raw-rest-client-test.ts" time="0.003" line="261" col="17">
        </testcase>
        <testcase name="gitea 1.27.2 generated raw REST-client E2E &gt; organization APIs: orgPublicizeMember" classname="./tests/e2e/runner/run-generated-raw-rest-client-test.ts" time="0.003" line="261" col="17">
        </testcase>
        <testcase name="gitea 1.27.2 generated raw REST-client E2E &gt; organization APIs: orgIsPublicMember" classname="./tests/e2e/runner/run-generated-raw-rest-client-test.ts" time="0.003" line="261" col="17">
        </testcase>
        <testcase name="gitea 1.27.2 generated raw REST-client E2E &gt; organization APIs: orgConcealMember" classname="./tests/e2e/runner/run-generated-raw-rest-client-test.ts" time="0.003" line="261" col="17">
        </testcase>
        <testcase name="gitea 1.27.2 generated raw REST-client E2E &gt; organization APIs: orgGetUserPermissions" classname="./tests/e2e/runner/run-generated-raw-rest-client-test.ts" time="0.003" line="261" col="17">
        </testcase>
        <testcase name="gitea 1.27.2 generated raw REST-client E2E &gt; organization APIs: organizationBlockUser" classname="./tests/e2e/runner/run-generated-raw-rest-client-test.ts" time="0.004" line="261" col="17">
        </testcase>
        <testcase name="gitea 1.27.2 generated raw REST-client E2E &gt; organization APIs: organizationCheckUserBlock" classname="./tests/e2e/runner/run-generated-raw-rest-client-test.ts" time="0.003" line="261" col="17">
        </testcase>
        <testcase name="gitea 1.27.2 generated raw REST-client E2E &gt; organization APIs: organizationUnblockUser" classname="./tests/e2e/runner/run-generated-raw-rest-client-test.ts" time="0.003" line="261" col="17">
        </testcase>
        <testcase name="gitea 1.27.2 generated raw REST-client E2E &gt; organization APIs: orgCreateTeam" classname="./tests/e2e/runner/run-generated-raw-rest-client-test.ts" time="0.003" line="261" col="17">
        </testcase>
        <testcase name="gitea 1.27.2 generated raw REST-client E2E &gt; organization APIs: orgGetTeam" classname="./tests/e2e/runner/run-generated-raw-rest-client-test.ts" time="0.003" line="261" col="17">
        </testcase>
        <testcase name="gitea 1.27.2 generated raw REST-client E2E &gt; organization APIs: orgEditTeam" classname="./tests/e2e/runner/run-generated-raw-rest-client-test.ts" time="0.003" line="261" col="17">
        </testcase>
        <testcase name="gitea 1.27.2 generated raw REST-client E2E &gt; organization APIs: orgAddTeamMember" classname="./tests/e2e/runner/run-generated-raw-rest-client-test.ts" time="0.003" line="261" col="17">
        </testcase>
        <testcase name="gitea 1.27.2 generated raw REST-client E2E &gt; organization APIs: orgListTeamMembers" classname="./tests/e2e/runner/run-generated-raw-rest-client-test.ts" time="0.003" line="261" col="17">
        </testcase>
        <testcase name="gitea 1.27.2 generated raw REST-client E2E &gt; organization APIs: orgListTeamMember" classname="./tests/e2e/runner/run-generated-raw-rest-client-test.ts" time="0.003" line="261" col="17">
        </testcase>
        <testcase name="gitea 1.27.2 generated raw REST-client E2E &gt; organization APIs: orgAddTeamRepository" classname="./tests/e2e/runner/run-generated-raw-rest-client-test.ts" time="0.004" line="261" col="17">
        </testcase>
        <testcase name="gitea 1.27.2 generated raw REST-client E2E &gt; organization APIs: orgListTeamRepos" classname="./tests/e2e/runner/run-generated-raw-rest-client-test.ts" time="0.004" line="261" col="17">
        </testcase>
        <testcase name="gitea 1.27.2 generated raw REST-client E2E &gt; organization APIs: orgListTeamRepo" classname="./tests/e2e/runner/run-generated-raw-rest-client-test.ts" time="0.003" line="261" col="17">
        </testcase>
        <testcase name="gitea 1.27.2 generated raw REST-client E2E &gt; organization APIs: orgListTeamActivityFeeds" classname="./tests/e2e/runner/run-generated-raw-rest-client-test.ts" time="0.003" line="261" col="17">
        </testcase>
        <testcase name="gitea 1.27.2 generated raw REST-client E2E &gt; organization APIs: repoListTeams" classname="./tests/e2e/runner/run-generated-raw-rest-client-test.ts" time="0.003" line="261" col="17">
        </testcase>
        <testcase name="gitea 1.27.2 generated raw REST-client E2E &gt; organization APIs: repoCheckTeam" classname="./tests/e2e/runner/run-generated-raw-rest-client-test.ts" time="0.003" line="261" col="17">
        </testcase>
        <testcase name="gitea 1.27.2 generated raw REST-client E2E &gt; organization APIs: repoDeleteTeam" classname="./tests/e2e/runner/run-generated-raw-rest-client-test.ts" time="0.004" line="261" col="17">
        </testcase>
        <testcase name="gitea 1.27.2 generated raw REST-client E2E &gt; organization APIs: repoAddTeam" classname="./tests/e2e/runner/run-generated-raw-rest-client-test.ts" time="0.003" line="261" col="17">
        </testcase>
        <testcase name="gitea 1.27.2 generated raw REST-client E2E &gt; organization APIs: orgRemoveTeamRepository" classname="./tests/e2e/runner/run-generated-raw-rest-client-test.ts" time="0.004" line="261" col="17">
        </testcase>
        <testcase name="gitea 1.27.2 generated raw REST-client E2E &gt; organization APIs: orgRemoveTeamMember" classname="./tests/e2e/runner/run-generated-raw-rest-client-test.ts" time="0.004" line="261" col="17">
        </testcase>
        <testcase name="gitea 1.27.2 generated raw REST-client E2E &gt; organization APIs: orgDeleteTeam" classname="./tests/e2e/runner/run-generated-raw-rest-client-test.ts" time="0.003" line="261" col="17">
        </testcase>
        <testcase name="gitea 1.27.2 generated raw REST-client E2E &gt; user Actions configuration: userCreateRunnerRegistrationToken" classname="./tests/e2e/runner/run-generated-raw-rest-client-test.ts" time="0.003" line="261" col="17">
        </testcase>
        <testcase name="gitea 1.27.2 generated raw REST-client E2E &gt; user Actions configuration: getUserVariablesList" classname="./tests/e2e/runner/run-generated-raw-rest-client-test.ts" time="0.003" line="261" col="17">
        </testcase>
        <testcase name="gitea 1.27.2 generated raw REST-client E2E &gt; user Actions configuration: createUserVariable" classname="./tests/e2e/runner/run-generated-raw-rest-client-test.ts" time="0.003" line="261" col="17">
        </testcase>
        <testcase name="gitea 1.27.2 generated raw REST-client E2E &gt; user Actions configuration: getUserVariable" classname="./tests/e2e/runner/run-generated-raw-rest-client-test.ts" time="0.003" line="261" col="17">
        </testcase>
        <testcase name="gitea 1.27.2 generated raw REST-client E2E &gt; user Actions configuration: updateUserVariable" classname="./tests/e2e/runner/run-generated-raw-rest-client-test.ts" time="0.002" line="261" col="17">
        </testcase>
        <testcase name="gitea 1.27.2 generated raw REST-client E2E &gt; user Actions configuration: getUserVariable" classname="./tests/e2e/runner/run-generated-raw-rest-client-test.ts" time="0.003" line="261" col="17">
        </testcase>
        <testcase name="gitea 1.27.2 generated raw REST-client E2E &gt; user Actions configuration: deleteUserVariable" classname="./tests/e2e/runner/run-generated-raw-rest-client-test.ts" time="0.003" line="261" col="17">
        </testcase>
        <testcase name="gitea 1.27.2 generated raw REST-client E2E &gt; user Actions configuration: updateUserSecret" classname="./tests/e2e/runner/run-generated-raw-rest-client-test.ts" time="0.003" line="261" col="17">
        </testcase>
        <testcase name="gitea 1.27.2 generated raw REST-client E2E &gt; user Actions configuration: deleteUserSecret" classname="./tests/e2e/runner/run-generated-raw-rest-client-test.ts" time="0.003" line="261" col="17">
        </testcase>
        <testcase name="gitea 1.27.2 generated raw REST-client E2E &gt; org Actions configuration: orgCreateRunnerRegistrationToken" classname="./tests/e2e/runner/run-generated-raw-rest-client-test.ts" time="0.003" line="261" col="17">
        </testcase>
        <testcase name="gitea 1.27.2 generated raw REST-client E2E &gt; org Actions configuration: getOrgVariablesList" classname="./tests/e2e/runner/run-generated-raw-rest-client-test.ts" time="0.003" line="261" col="17">
        </testcase>
        <testcase name="gitea 1.27.2 generated raw REST-client E2E &gt; org Actions configuration: orgListActionsSecrets" classname="./tests/e2e/runner/run-generated-raw-rest-client-test.ts" time="0.002" line="261" col="17">
        </testcase>
        <testcase name="gitea 1.27.2 generated raw REST-client E2E &gt; org Actions configuration: createOrgVariable" classname="./tests/e2e/runner/run-generated-raw-rest-client-test.ts" time="0.003" line="261" col="17">
        </testcase>
        <testcase name="gitea 1.27.2 generated raw REST-client E2E &gt; org Actions configuration: getOrgVariable" classname="./tests/e2e/runner/run-generated-raw-rest-client-test.ts" time="0.003" line="261" col="17">
        </testcase>
        <testcase name="gitea 1.27.2 generated raw REST-client E2E &gt; org Actions configuration: updateOrgVariable" classname="./tests/e2e/runner/run-generated-raw-rest-client-test.ts" time="0.003" line="261" col="17">
        </testcase>
        <testcase name="gitea 1.27.2 generated raw REST-client E2E &gt; org Actions configuration: getOrgVariable" classname="./tests/e2e/runner/run-generated-raw-rest-client-test.ts" time="0.003" line="261" col="17">
        </testcase>
        <testcase name="gitea 1.27.2 generated raw REST-client E2E &gt; org Actions configuration: deleteOrgVariable" classname="./tests/e2e/runner/run-generated-raw-rest-client-test.ts" time="0.003" line="261" col="17">
        </testcase>
        <testcase name="gitea 1.27.2 generated raw REST-client E2E &gt; org Actions configuration: updateOrgSecret" classname="./tests/e2e/runner/run-generated-raw-rest-client-test.ts" time="0.003" line="261" col="17">
        </testcase>
        <testcase name="gitea 1.27.2 generated raw REST-client E2E &gt; org Actions configuration: deleteOrgSecret" classname="./tests/e2e/runner/run-generated-raw-rest-client-test.ts" time="0.003" line="261" col="17">
        </testcase>
        <testcase name="gitea 1.27.2 generated raw REST-client E2E &gt; repo Actions configuration: repoCreateRunnerRegistrationToken" classname="./tests/e2e/runner/run-generated-raw-rest-client-test.ts" time="0.003" line="261" col="17">
        </testcase>
        <testcase name="gitea 1.27.2 generated raw REST-client E2E &gt; repo Actions configuration: getRepoVariablesList" classname="./tests/e2e/runner/run-generated-raw-rest-client-test.ts" time="0.003" line="261" col="17">
        </testcase>
        <testcase name="gitea 1.27.2 generated raw REST-client E2E &gt; repo Actions configuration: repoListActionsSecrets" classname="./tests/e2e/runner/run-generated-raw-rest-client-test.ts" time="0.004" line="261" col="17">
        </testcase>
        <testcase name="gitea 1.27.2 generated raw REST-client E2E &gt; repo Actions configuration: createRepoVariable" classname="./tests/e2e/runner/run-generated-raw-rest-client-test.ts" time="0.003" line="261" col="17">
        </testcase>
        <testcase name="gitea 1.27.2 generated raw REST-client E2E &gt; repo Actions configuration: getRepoVariable" classname="./tests/e2e/runner/run-generated-raw-rest-client-test.ts" time="0.003" line="261" col="17">
        </testcase>
        <testcase name="gitea 1.27.2 generated raw REST-client E2E &gt; repo Actions configuration: updateRepoVariable" classname="./tests/e2e/runner/run-generated-raw-rest-client-test.ts" time="0.003" line="261" col="17">
        </testcase>
        <testcase name="gitea 1.27.2 generated raw REST-client E2E &gt; repo Actions configuration: getRepoVariable" classname="./tests/e2e/runner/run-generated-raw-rest-client-test.ts" time="0.003" line="261" col="17">
        </testcase>
        <testcase name="gitea 1.27.2 generated raw REST-client E2E &gt; repo Actions configuration: deleteRepoVariable" classname="./tests/e2e/runner/run-generated-raw-rest-client-test.ts" time="0.003" line="261" col="17">
        </testcase>
        <testcase name="gitea 1.27.2 generated raw REST-client E2E &gt; repo Actions configuration: updateRepoSecret" classname="./tests/e2e/runner/run-generated-raw-rest-client-test.ts" time="0.003" line="261" col="17">
        </testcase>
        <testcase name="gitea 1.27.2 generated raw REST-client E2E &gt; repo Actions configuration: deleteRepoSecret" classname="./tests/e2e/runner/run-generated-raw-rest-client-test.ts" time="0.003" line="261" col="17">
        </testcase>
        <testcase name="gitea 1.27.2 generated raw REST-client E2E &gt; Actions instance and user reads: listAdminWorkflowJobs" classname="./tests/e2e/runner/run-generated-raw-rest-client-test.ts" time="0.003" line="261" col="17">
        </testcase>
        <testcase name="gitea 1.27.2 generated raw REST-client E2E &gt; Actions instance and user reads: getAdminRunners" classname="./tests/e2e/runner/run-generated-raw-rest-client-test.ts" time="0.002" line="261" col="17">
        </testcase>
        <testcase name="gitea 1.27.2 generated raw REST-client E2E &gt; Actions instance and user reads: listAdminWorkflowRuns" classname="./tests/e2e/runner/run-generated-raw-rest-client-test.ts" time="0.002" line="261" col="17">
        </testcase>
        <testcase name="gitea 1.27.2 generated raw REST-client E2E &gt; Actions instance and user reads: getUserWorkflowJobs" classname="./tests/e2e/runner/run-generated-raw-rest-client-test.ts" time="0.003" line="261" col="17">
        </testcase>
        <testcase name="gitea 1.27.2 generated raw REST-client E2E &gt; Actions instance and user reads: getUserRunners" classname="./tests/e2e/runner/run-generated-raw-rest-client-test.ts" time="0.003" line="261" col="17">
        </testcase>
        <testcase name="gitea 1.27.2 generated raw REST-client E2E &gt; Actions instance and user reads: getUserWorkflowRuns" classname="./tests/e2e/runner/run-generated-raw-rest-client-test.ts" time="0.003" line="261" col="17">
        </testcase>
        <testcase name="gitea 1.27.2 generated raw REST-client E2E &gt; Actions instance and user reads: adminCreateRunnerRegistrationToken" classname="./tests/e2e/runner/run-generated-raw-rest-client-test.ts" time="0.002" line="261" col="17">
        </testcase>
        <testcase name="gitea 1.27.2 generated raw REST-client E2E &gt; issue label CRUD: issueCreateLabel" classname="./tests/e2e/runner/run-generated-raw-rest-client-test.ts" time="0.003" line="261" col="17">
        </testcase>
        <testcase name="gitea 1.27.2 generated raw REST-client E2E &gt; issue label CRUD: issueListLabels" classname="./tests/e2e/runner/run-generated-raw-rest-client-test.ts" time="0.003" line="261" col="17">
        </testcase>
        <testcase name="gitea 1.27.2 generated raw REST-client E2E &gt; issue label CRUD: issueGetLabel" classname="./tests/e2e/runner/run-generated-raw-rest-client-test.ts" time="0.003" line="261" col="17">
        </testcase>
        <testcase name="gitea 1.27.2 generated raw REST-client E2E &gt; issue label CRUD: issueEditLabel" classname="./tests/e2e/runner/run-generated-raw-rest-client-test.ts" time="0.003" line="261" col="17">
        </testcase>
        <testcase name="gitea 1.27.2 generated raw REST-client E2E &gt; org label CRUD: orgCreateLabel" classname="./tests/e2e/runner/run-generated-raw-rest-client-test.ts" time="0.003" line="261" col="17">
        </testcase>
        <testcase name="gitea 1.27.2 generated raw REST-client E2E &gt; org label CRUD: orgListLabels" classname="./tests/e2e/runner/run-generated-raw-rest-client-test.ts" time="0.003" line="261" col="17">
        </testcase>
        <testcase name="gitea 1.27.2 generated raw REST-client E2E &gt; org label CRUD: orgGetLabel" classname="./tests/e2e/runner/run-generated-raw-rest-client-test.ts" time="0.003" line="261" col="17">
        </testcase>
        <testcase name="gitea 1.27.2 generated raw REST-client E2E &gt; org label CRUD: orgEditLabel" classname="./tests/e2e/runner/run-generated-raw-rest-client-test.ts" time="0.003" line="261" col="17">
        </testcase>
        <testcase name="gitea 1.27.2 generated raw REST-client E2E &gt; milestone CRUD: issueCreateMilestone" classname="./tests/e2e/runner/run-generated-raw-rest-client-test.ts" time="0.003" line="261" col="17">
        </testcase>
        <testcase name="gitea 1.27.2 generated raw REST-client E2E &gt; milestone CRUD: issueGetMilestonesList" classname="./tests/e2e/runner/run-generated-raw-rest-client-test.ts" time="0.003" line="261" col="17">
        </testcase>
        <testcase name="gitea 1.27.2 generated raw REST-client E2E &gt; milestone CRUD: issueGetMilestone" classname="./tests/e2e/runner/run-generated-raw-rest-client-test.ts" time="0.003" line="261" col="17">
        </testcase>
        <testcase name="gitea 1.27.2 generated raw REST-client E2E &gt; milestone CRUD: issueEditMilestone" classname="./tests/e2e/runner/run-generated-raw-rest-client-test.ts" time="0.003" line="261" col="17">
        </testcase>
        <testcase name="gitea 1.27.2 generated raw REST-client E2E &gt; issue lifecycle: issueCreateIssue" classname="./tests/e2e/runner/run-generated-raw-rest-client-test.ts" time="0.010" line="261" col="17">
        </testcase>
        <testcase name="gitea 1.27.2 generated raw REST-client E2E &gt; issue lifecycle: issueCreateIssue" classname="./tests/e2e/runner/run-generated-raw-rest-client-test.ts" time="0.006" line="261" col="17">
        </testcase>
        <testcase name="gitea 1.27.2 generated raw REST-client E2E &gt; issue lifecycle: issueGetIssue" classname="./tests/e2e/runner/run-generated-raw-rest-client-test.ts" time="0.004" line="261" col="17">
        </testcase>
        <testcase name="gitea 1.27.2 generated raw REST-client E2E &gt; issue lifecycle: issueGetComments" classname="./tests/e2e/runner/run-generated-raw-rest-client-test.ts" time="0.003" line="261" col="17">
        </testcase>
        <testcase name="gitea 1.27.2 generated raw REST-client E2E &gt; issue lifecycle: issueGetCommentsAndTimeline" classname="./tests/e2e/runner/run-generated-raw-rest-client-test.ts" time="0.004" line="261" col="17">
        </testcase>
        <testcase name="gitea 1.27.2 generated raw REST-client E2E &gt; issue lifecycle: issueGetLabels" classname="./tests/e2e/runner/run-generated-raw-rest-client-test.ts" time="0.003" line="261" col="17">
        </testcase>
        <testcase name="gitea 1.27.2 generated raw REST-client E2E &gt; issue lifecycle: issueListBlocks" classname="./tests/e2e/runner/run-generated-raw-rest-client-test.ts" time="0.004" line="261" col="17">
        </testcase>
        <testcase name="gitea 1.27.2 generated raw REST-client E2E &gt; issue lifecycle: issueListIssueDependencies" classname="./tests/e2e/runner/run-generated-raw-rest-client-test.ts" time="0.003" line="261" col="17">
        </testcase>
        <testcase name="gitea 1.27.2 generated raw REST-client E2E &gt; issue lifecycle: issueGetIssueReactions" classname="./tests/e2e/runner/run-generated-raw-rest-client-test.ts" time="0.003" line="261" col="17">
        </testcase>
        <testcase name="gitea 1.27.2 generated raw REST-client E2E &gt; issue lifecycle: issueSubscriptions" classname="./tests/e2e/runner/run-generated-raw-rest-client-test.ts" time="0.003" line="261" col="17">
        </testcase>
        <testcase name="gitea 1.27.2 generated raw REST-client E2E &gt; issue lifecycle: issueTrackedTimes" classname="./tests/e2e/runner/run-generated-raw-rest-client-test.ts" time="0.002" line="261" col="17">
        </testcase>
        <testcase name="gitea 1.27.2 generated raw REST-client E2E &gt; issue lifecycle: issueListIssueAttachments" classname="./tests/e2e/runner/run-generated-raw-rest-client-test.ts" time="0.003" line="261" col="17">
        </testcase>
        <testcase name="gitea 1.27.2 generated raw REST-client E2E &gt; issue lifecycle: issueEditIssue" classname="./tests/e2e/runner/run-generated-raw-rest-client-test.ts" time="0.006" line="261" col="17">
        </testcase>
        <testcase name="gitea 1.27.2 generated raw REST-client E2E &gt; issue lifecycle: issueAddAssignees" classname="./tests/e2e/runner/run-generated-raw-rest-client-test.ts" time="0.006" line="261" col="17">
        </testcase>
        <testcase name="gitea 1.27.2 generated raw REST-client E2E &gt; issue lifecycle: issueCheckAssignee" classname="./tests/e2e/runner/run-generated-raw-rest-client-test.ts" time="0.003" line="261" col="17">
        </testcase>
        <testcase name="gitea 1.27.2 generated raw REST-client E2E &gt; issue lifecycle: issueRemoveAssignees" classname="./tests/e2e/runner/run-generated-raw-rest-client-test.ts" time="0.006" line="261" col="17">
        </testcase>
        <testcase name="gitea 1.27.2 generated raw REST-client E2E &gt; issue lifecycle: issueEditIssueDeadline" classname="./tests/e2e/runner/run-generated-raw-rest-client-test.ts" time="0.004" line="261" col="17">
        </testcase>
        <testcase name="gitea 1.27.2 generated raw REST-client E2E &gt; issue lifecycle: issueClearLabels" classname="./tests/e2e/runner/run-generated-raw-rest-client-test.ts" time="0.003" line="261" col="17">
        </testcase>
        <testcase name="gitea 1.27.2 generated raw REST-client E2E &gt; issue lifecycle: issueAddLabel" classname="./tests/e2e/runner/run-generated-raw-rest-client-test.ts" time="0.006" line="261" col="17">
        </testcase>
        <testcase name="gitea 1.27.2 generated raw REST-client E2E &gt; issue lifecycle: issueReplaceLabels" classname="./tests/e2e/runner/run-generated-raw-rest-client-test.ts" time="0.005" line="261" col="17">
        </testcase>
        <testcase name="gitea 1.27.2 generated raw REST-client E2E &gt; issue lifecycle: issueRemoveLabel" classname="./tests/e2e/runner/run-generated-raw-rest-client-test.ts" time="0.005" line="261" col="17">
        </testcase>
        <testcase name="gitea 1.27.2 generated raw REST-client E2E &gt; issue lifecycle: issuePostIssueReaction" classname="./tests/e2e/runner/run-generated-raw-rest-client-test.ts" time="0.004" line="261" col="17">
        </testcase>
        <testcase name="gitea 1.27.2 generated raw REST-client E2E &gt; issue lifecycle: issueDeleteIssueReaction" classname="./tests/e2e/runner/run-generated-raw-rest-client-test.ts" time="0.004" line="261" col="17">
        </testcase>
        <testcase name="gitea 1.27.2 generated raw REST-client E2E &gt; issue lifecycle: issueAddTime" classname="./tests/e2e/runner/run-generated-raw-rest-client-test.ts" time="0.004" line="261" col="17">
        </testcase>
        <testcase name="gitea 1.27.2 generated raw REST-client E2E &gt; issue lifecycle: userTrackedTimes" classname="./tests/e2e/runner/run-generated-raw-rest-client-test.ts" time="0.004" line="261" col="17">
        </testcase>
        <testcase name="gitea 1.27.2 generated raw REST-client E2E &gt; issue lifecycle: issueDeleteTime" classname="./tests/e2e/runner/run-generated-raw-rest-client-test.ts" time="0.003" line="261" col="17">
        </testcase>
        <testcase name="gitea 1.27.2 generated raw REST-client E2E &gt; issue lifecycle: issueStartStopWatch" classname="./tests/e2e/runner/run-generated-raw-rest-client-test.ts" time="0.004" line="261" col="17">
        </testcase>
        <testcase name="gitea 1.27.2 generated raw REST-client E2E &gt; issue lifecycle: issueStopStopWatch" classname="./tests/e2e/runner/run-generated-raw-rest-client-test.ts" time="0.003" line="261" col="17">
        </testcase>
        <testcase name="gitea 1.27.2 generated raw REST-client E2E &gt; issue lifecycle: issueStartStopWatch" classname="./tests/e2e/runner/run-generated-raw-rest-client-test.ts" time="0.003" line="261" col="17">
        </testcase>
        <testcase name="gitea 1.27.2 generated raw REST-client E2E &gt; issue lifecycle: issueDeleteStopWatch" classname="./tests/e2e/runner/run-generated-raw-rest-client-test.ts" time="0.004" line="261" col="17">
        </testcase>
        <testcase name="gitea 1.27.2 generated raw REST-client E2E &gt; issue lifecycle: issueAddTime" classname="./tests/e2e/runner/run-generated-raw-rest-client-test.ts" time="0.004" line="261" col="17">
        </testcase>
        <testcase name="gitea 1.27.2 generated raw REST-client E2E &gt; issue lifecycle: issueResetTime" classname="./tests/e2e/runner/run-generated-raw-rest-client-test.ts" time="0.003" line="261" col="17">
        </testcase>
        <testcase name="gitea 1.27.2 generated raw REST-client E2E &gt; issue lifecycle: pinIssue" classname="./tests/e2e/runner/run-generated-raw-rest-client-test.ts" time="0.003" line="261" col="17">
        </testcase>
        <testcase name="gitea 1.27.2 generated raw REST-client E2E &gt; issue lifecycle: moveIssuePin" classname="./tests/e2e/runner/run-generated-raw-rest-client-test.ts" time="0.003" line="261" col="17">
        </testcase>
        <testcase name="gitea 1.27.2 generated raw REST-client E2E &gt; issue lifecycle: unpinIssue" classname="./tests/e2e/runner/run-generated-raw-rest-client-test.ts" time="0.003" line="261" col="17">
        </testcase>
        <testcase name="gitea 1.27.2 generated raw REST-client E2E &gt; issue lifecycle: issueLockIssue" classname="./tests/e2e/runner/run-generated-raw-rest-client-test.ts" time="0.003" line="261" col="17">
        </testcase>
        <testcase name="gitea 1.27.2 generated raw REST-client E2E &gt; issue lifecycle: issueUnlockIssue" classname="./tests/e2e/runner/run-generated-raw-rest-client-test.ts" time="0.003" line="261" col="17">
        </testcase>
        <testcase name="gitea 1.27.2 generated raw REST-client E2E &gt; issue lifecycle: issueAddSubscription" classname="./tests/e2e/runner/run-generated-raw-rest-client-test.ts" time="0.003" line="261" col="17">
        </testcase>
        <testcase name="gitea 1.27.2 generated raw REST-client E2E &gt; issue lifecycle: issueCheckSubscription" classname="./tests/e2e/runner/run-generated-raw-rest-client-test.ts" time="0.003" line="261" col="17">
        </testcase>
        <testcase name="gitea 1.27.2 generated raw REST-client E2E &gt; issue lifecycle: issueDeleteSubscription" classname="./tests/e2e/runner/run-generated-raw-rest-client-test.ts" time="0.004" line="261" col="17">
        </testcase>
        <testcase name="gitea 1.27.2 generated raw REST-client E2E &gt; issue lifecycle: issueCreateIssueDependencies" classname="./tests/e2e/runner/run-generated-raw-rest-client-test.ts" time="0.003" line="261" col="17">
        </testcase>
        <testcase name="gitea 1.27.2 generated raw REST-client E2E &gt; issue lifecycle: issueRemoveIssueDependencies" classname="./tests/e2e/runner/run-generated-raw-rest-client-test.ts" time="0.004" line="261" col="17">
        </testcase>
        <testcase name="gitea 1.27.2 generated raw REST-client E2E &gt; issue lifecycle: issueCreateIssueBlocking" classname="./tests/e2e/runner/run-generated-raw-rest-client-test.ts" time="0.004" line="261" col="17">
        </testcase>
        <testcase name="gitea 1.27.2 generated raw REST-client E2E &gt; issue lifecycle: issueRemoveIssueBlocking" classname="./tests/e2e/runner/run-generated-raw-rest-client-test.ts" time="0.003" line="261" col="17">
        </testcase>
        <testcase name="gitea 1.27.2 generated raw REST-client E2E &gt; issue comments and attachments: issueCreateComment" classname="./tests/e2e/runner/run-generated-raw-rest-client-test.ts" time="0.007" line="261" col="17">
        </testcase>
        <testcase name="gitea 1.27.2 generated raw REST-client E2E &gt; issue comments and attachments: issueGetComment" classname="./tests/e2e/runner/run-generated-raw-rest-client-test.ts" time="0.004" line="261" col="17">
        </testcase>
        <testcase name="gitea 1.27.2 generated raw REST-client E2E &gt; issue comments and attachments: issueEditComment" classname="./tests/e2e/runner/run-generated-raw-rest-client-test.ts" time="0.007" line="261" col="17">
        </testcase>
        <testcase name="gitea 1.27.2 generated raw REST-client E2E &gt; issue comments and attachments: issueEditCommentDeprecated" classname="./tests/e2e/runner/run-generated-raw-rest-client-test.ts" time="0.008" line="261" col="17">
        </testcase>
        <testcase name="gitea 1.27.2 generated raw REST-client E2E &gt; issue comments and attachments: issuePostCommentReaction" classname="./tests/e2e/runner/run-generated-raw-rest-client-test.ts" time="0.003" line="261" col="17">
        </testcase>
        <testcase name="gitea 1.27.2 generated raw REST-client E2E &gt; issue comments and attachments: issueGetCommentReactions" classname="./tests/e2e/runner/run-generated-raw-rest-client-test.ts" time="0.004" line="261" col="17">
        </testcase>
        <testcase name="gitea 1.27.2 generated raw REST-client E2E &gt; issue comments and attachments: issueDeleteCommentReaction" classname="./tests/e2e/runner/run-generated-raw-rest-client-test.ts" time="0.003" line="261" col="17">
        </testcase>
        <testcase name="gitea 1.27.2 generated raw REST-client E2E &gt; issue comments and attachments: issueCreateIssueAttachment" classname="./tests/e2e/runner/run-generated-raw-rest-client-test.ts" time="0.008" line="261" col="17">
        </testcase>
        <testcase name="gitea 1.27.2 generated raw REST-client E2E &gt; issue comments and attachments: issueGetIssueAttachment" classname="./tests/e2e/runner/run-generated-raw-rest-client-test.ts" time="0.003" line="261" col="17">
        </testcase>
        <testcase name="gitea 1.27.2 generated raw REST-client E2E &gt; issue comments and attachments: issueEditIssueAttachment" classname="./tests/e2e/runner/run-generated-raw-rest-client-test.ts" time="0.003" line="261" col="17">
        </testcase>
        <testcase name="gitea 1.27.2 generated raw REST-client E2E &gt; issue comments and attachments: issueDeleteIssueAttachment" classname="./tests/e2e/runner/run-generated-raw-rest-client-test.ts" time="0.003" line="261" col="17">
        </testcase>
        <testcase name="gitea 1.27.2 generated raw REST-client E2E &gt; issue comments and attachments: issueCreateIssueCommentAttachment" classname="./tests/e2e/runner/run-generated-raw-rest-client-test.ts" time="0.008" line="261" col="17">
        </testcase>
        <testcase name="gitea 1.27.2 generated raw REST-client E2E &gt; issue comments and attachments: issueListIssueCommentAttachments" classname="./tests/e2e/runner/run-generated-raw-rest-client-test.ts" time="0.003" line="261" col="17">
        </testcase>
        <testcase name="gitea 1.27.2 generated raw REST-client E2E &gt; issue comments and attachments: issueGetIssueCommentAttachment" classname="./tests/e2e/runner/run-generated-raw-rest-client-test.ts" time="0.003" line="261" col="17">
        </testcase>
        <testcase name="gitea 1.27.2 generated raw REST-client E2E &gt; issue comments and attachments: issueEditIssueCommentAttachment" classname="./tests/e2e/runner/run-generated-raw-rest-client-test.ts" time="0.003" line="261" col="17">
        </testcase>
        <testcase name="gitea 1.27.2 generated raw REST-client E2E &gt; issue comments and attachments: issueDeleteIssueCommentAttachment" classname="./tests/e2e/runner/run-generated-raw-rest-client-test.ts" time="0.003" line="261" col="17">
        </testcase>
        <testcase name="gitea 1.27.2 generated raw REST-client E2E &gt; issue comments and attachments: issueDeleteCommentDeprecated" classname="./tests/e2e/runner/run-generated-raw-rest-client-test.ts" time="0.007" line="261" col="17">
        </testcase>
        <testcase name="gitea 1.27.2 generated raw REST-client E2E &gt; issue comments and attachments: issueCreateComment" classname="./tests/e2e/runner/run-generated-raw-rest-client-test.ts" time="0.008" line="261" col="17">
        </testcase>
        <testcase name="gitea 1.27.2 generated raw REST-client E2E &gt; issue comments and attachments: issueDeleteComment" classname="./tests/e2e/runner/run-generated-raw-rest-client-test.ts" time="0.007" line="261" col="17">
        </testcase>
        <testcase name="gitea 1.27.2 generated raw REST-client E2E &gt; admin webhook CRUD: adminCreateHook" classname="./tests/e2e/runner/run-generated-raw-rest-client-test.ts" time="0.003" line="261" col="17">
        </testcase>
        <testcase name="gitea 1.27.2 generated raw REST-client E2E &gt; admin webhook CRUD: adminGetHook" classname="./tests/e2e/runner/run-generated-raw-rest-client-test.ts" time="0.003" line="261" col="17">
        </testcase>
        <testcase name="gitea 1.27.2 generated raw REST-client E2E &gt; admin webhook CRUD: adminEditHook" classname="./tests/e2e/runner/run-generated-raw-rest-client-test.ts" time="0.003" line="261" col="17">
        </testcase>
        <testcase name="gitea 1.27.2 generated raw REST-client E2E &gt; admin webhook CRUD: adminDeleteHook" classname="./tests/e2e/runner/run-generated-raw-rest-client-test.ts" time="0.003" line="261" col="17">
        </testcase>
        <testcase name="gitea 1.27.2 generated raw REST-client E2E &gt; org webhook CRUD: orgCreateHook" classname="./tests/e2e/runner/run-generated-raw-rest-client-test.ts" time="0.003" line="261" col="17">
        </testcase>
        <testcase name="gitea 1.27.2 generated raw REST-client E2E &gt; org webhook CRUD: orgGetHook" classname="./tests/e2e/runner/run-generated-raw-rest-client-test.ts" time="0.003" line="261" col="17">
        </testcase>
        <testcase name="gitea 1.27.2 generated raw REST-client E2E &gt; org webhook CRUD: orgEditHook" classname="./tests/e2e/runner/run-generated-raw-rest-client-test.ts" time="0.003" line="261" col="17">
        </testcase>
        <testcase name="gitea 1.27.2 generated raw REST-client E2E &gt; org webhook CRUD: orgDeleteHook" classname="./tests/e2e/runner/run-generated-raw-rest-client-test.ts" time="0.003" line="261" col="17">
        </testcase>
        <testcase name="gitea 1.27.2 generated raw REST-client E2E &gt; repo webhook CRUD: repoCreateHook" classname="./tests/e2e/runner/run-generated-raw-rest-client-test.ts" time="0.003" line="261" col="17">
        </testcase>
        <testcase name="gitea 1.27.2 generated raw REST-client E2E &gt; repo webhook CRUD: repoGetHook" classname="./tests/e2e/runner/run-generated-raw-rest-client-test.ts" time="0.003" line="261" col="17">
        </testcase>
        <testcase name="gitea 1.27.2 generated raw REST-client E2E &gt; repo webhook CRUD: repoEditHook" classname="./tests/e2e/runner/run-generated-raw-rest-client-test.ts" time="0.003" line="261" col="17">
        </testcase>
        <testcase name="gitea 1.27.2 generated raw REST-client E2E &gt; repo webhook CRUD: repoTestHook" classname="./tests/e2e/runner/run-generated-raw-rest-client-test.ts" time="0.005" line="261" col="17">
        </testcase>
        <testcase name="gitea 1.27.2 generated raw REST-client E2E &gt; repo webhook CRUD: repoDeleteHook" classname="./tests/e2e/runner/run-generated-raw-rest-client-test.ts" time="0.002" line="261" col="17">
        </testcase>
        <testcase name="gitea 1.27.2 generated raw REST-client E2E &gt; user webhook CRUD: userCreateHook" classname="./tests/e2e/runner/run-generated-raw-rest-client-test.ts" time="0.002" line="261" col="17">
        </testcase>
        <testcase name="gitea 1.27.2 generated raw REST-client E2E &gt; user webhook CRUD: userGetHook" classname="./tests/e2e/runner/run-generated-raw-rest-client-test.ts" time="0.005" line="261" col="17">
        </testcase>
        <testcase name="gitea 1.27.2 generated raw REST-client E2E &gt; user webhook CRUD: userEditHook" classname="./tests/e2e/runner/run-generated-raw-rest-client-test.ts" time="0.003" line="261" col="17">
        </testcase>
        <testcase name="gitea 1.27.2 generated raw REST-client E2E &gt; user webhook CRUD: userDeleteHook" classname="./tests/e2e/runner/run-generated-raw-rest-client-test.ts" time="0.003" line="261" col="17">
        </testcase>
        <testcase name="gitea 1.27.2 generated raw REST-client E2E &gt; git file and branch lifecycle: repoCreateFile" classname="./tests/e2e/runner/run-generated-raw-rest-client-test.ts" time="0.108" line="261" col="17">
        </testcase>
        <testcase name="gitea 1.27.2 generated raw REST-client E2E &gt; git file and branch lifecycle: repoGetEditorConfig" classname="./tests/e2e/runner/run-generated-raw-rest-client-test.ts" time="0.005" line="261" col="17">
        </testcase>
        <testcase name="gitea 1.27.2 generated raw REST-client E2E &gt; git file and branch lifecycle: repoCreateFile" classname="./tests/e2e/runner/run-generated-raw-rest-client-test.ts" time="0.108" line="261" col="17">
        </testcase>
        <testcase name="gitea 1.27.2 generated raw REST-client E2E &gt; git file and branch lifecycle: repoUpdateFile" classname="./tests/e2e/runner/run-generated-raw-rest-client-test.ts" time="0.111" line="261" col="17">
        </testcase>
        <testcase name="gitea 1.27.2 generated raw REST-client E2E &gt; git file and branch lifecycle: repoDeleteFile" classname="./tests/e2e/runner/run-generated-raw-rest-client-test.ts" time="0.106" line="261" col="17">
        </testcase>
        <testcase name="gitea 1.27.2 generated raw REST-client E2E &gt; git file and branch lifecycle: repoChangeFiles" classname="./tests/e2e/runner/run-generated-raw-rest-client-test.ts" time="0.112" line="261" col="17">
        </testcase>
        <testcase name="gitea 1.27.2 generated raw REST-client E2E &gt; git file and branch lifecycle: repoApplyDiffPatch" classname="./tests/e2e/runner/run-generated-raw-rest-client-test.ts" time="0.109" line="261" col="17">
        </testcase>
        <testcase name="gitea 1.27.2 generated raw REST-client E2E &gt; git file and branch lifecycle: repoCreateBranch" classname="./tests/e2e/runner/run-generated-raw-rest-client-test.ts" time="0.103" line="261" col="17">
        </testcase>
        <testcase name="gitea 1.27.2 generated raw REST-client E2E &gt; git file and branch lifecycle: wait for created branch" classname="./tests/e2e/runner/run-generated-raw-rest-client-test.ts" time="0.005" line="261" col="17">
        </testcase>
        <testcase name="gitea 1.27.2 generated raw REST-client E2E &gt; git file and branch lifecycle: repoUpdateBranch" classname="./tests/e2e/runner/run-generated-raw-rest-client-test.ts" time="0.100" line="261" col="17">
        </testcase>
        <testcase name="gitea 1.27.2 generated raw REST-client E2E &gt; git file and branch lifecycle: repoRenameBranch" classname="./tests/e2e/runner/run-generated-raw-rest-client-test.ts" time="0.007" line="261" col="17">
        </testcase>
        <testcase name="gitea 1.27.2 generated raw REST-client E2E &gt; git file and branch lifecycle: repoCompareDiff" classname="./tests/e2e/runner/run-generated-raw-rest-client-test.ts" time="0.016" line="261" col="17">
        </testcase>
        <testcase name="gitea 1.27.2 generated raw REST-client E2E &gt; git file and branch lifecycle: repoDeleteBranch" classname="./tests/e2e/runner/run-generated-raw-rest-client-test.ts" time="0.007" line="261" col="17">
        </testcase>
        <testcase name="gitea 1.27.2 generated raw REST-client E2E &gt; git file and branch lifecycle: repoCreateBranchProtection" classname="./tests/e2e/runner/run-generated-raw-rest-client-test.ts" time="0.003" line="261" col="17">
        </testcase>
        <testcase name="gitea 1.27.2 generated raw REST-client E2E &gt; git file and branch lifecycle: repoGetBranchProtection" classname="./tests/e2e/runner/run-generated-raw-rest-client-test.ts" time="0.003" line="261" col="17">
        </testcase>
        <testcase name="gitea 1.27.2 generated raw REST-client E2E &gt; git file and branch lifecycle: repoEditBranchProtection" classname="./tests/e2e/runner/run-generated-raw-rest-client-test.ts" time="0.004" line="261" col="17">
        </testcase>
[...]
        </testcase>
        <testcase name="gitea 1.27.2 generated raw REST-client E2E &gt; repository fork migration mirror template and transfer: repoTransfer" classname="./tests/e2e/runner/run-generated-raw-rest-client-test.ts" time="0.004" line="261" col="17">
        </testcase>
        <testcase name="gitea 1.27.2 generated raw REST-client E2E &gt; repository fork migration mirror template and transfer: rejectRepoTransfer" classname="./tests/e2e/runner/run-generated-raw-rest-client-test.ts" time="0.004" line="261" col="17">
        </testcase>
        <testcase name="gitea 1.27.2 generated raw REST-client E2E &gt; repository fork migration mirror template and transfer: repoTransfer" classname="./tests/e2e/runner/run-generated-raw-rest-client-test.ts" time="0.004" line="261" col="17">
        </testcase>
        <testcase name="gitea 1.27.2 generated raw REST-client E2E &gt; repository fork migration mirror template and transfer: acceptRepoTransfer" classname="./tests/e2e/runner/run-generated-raw-rest-client-test.ts" time="0.006" line="261" col="17">
        </testcase>
        <testcase name="gitea 1.27.2 generated raw REST-client E2E &gt; repository fork migration mirror template and transfer: repoGet" classname="./tests/e2e/runner/run-generated-raw-rest-client-test.ts" time="0.003" line="261" col="17">
        </testcase>
        <testcase name="gitea 1.27.2 generated raw REST-client E2E &gt; repository fork migration mirror template and transfer: repoDelete" classname="./tests/e2e/runner/run-generated-raw-rest-client-test.ts" time="0.006" line="261" col="17">
        </testcase>
        <testcase name="gitea 1.27.2 generated raw REST-client E2E &gt; runner registration and management: adminCreateRunnerRegistrationToken" classname="./tests/e2e/runner/run-generated-raw-rest-client-test.ts" time="0.003" line="261" col="17">
        </testcase>
        <testcase name="gitea 1.27.2 generated raw REST-client E2E &gt; runner registration and management: $fixture/registerAdmin" classname="./tests/e2e/runner/run-generated-raw-rest-client-test.ts" time="0.003" line="261" col="17">
        </testcase>
        <testcase name="gitea 1.27.2 generated raw REST-client E2E &gt; runner registration and management: getAdminRunner" classname="./tests/e2e/runner/run-generated-raw-rest-client-test.ts" time="0.003" line="261" col="17">
        </testcase>
        <testcase name="gitea 1.27.2 generated raw REST-client E2E &gt; runner registration and management: updateAdminRunner" classname="./tests/e2e/runner/run-generated-raw-rest-client-test.ts" time="0.004" line="261" col="17">
        </testcase>
        <testcase name="gitea 1.27.2 generated raw REST-client E2E &gt; runner registration and management: deleteAdminRunner" classname="./tests/e2e/runner/run-generated-raw-rest-client-test.ts" time="0.003" line="261" col="17">
        </testcase>
        <testcase name="gitea 1.27.2 generated raw REST-client E2E &gt; runner registration and management: orgCreateRunnerRegistrationToken" classname="./tests/e2e/runner/run-generated-raw-rest-client-test.ts" time="0.003" line="261" col="17">
        </testcase>
        <testcase name="gitea 1.27.2 generated raw REST-client E2E &gt; runner registration and management: $fixture/registerOrg" classname="./tests/e2e/runner/run-generated-raw-rest-client-test.ts" time="0.003" line="261" col="17">
        </testcase>
        <testcase name="gitea 1.27.2 generated raw REST-client E2E &gt; runner registration and management: getOrgRunner" classname="./tests/e2e/runner/run-generated-raw-rest-client-test.ts" time="0.003" line="261" col="17">
        </testcase>
        <testcase name="gitea 1.27.2 generated raw REST-client E2E &gt; runner registration and management: updateOrgRunner" classname="./tests/e2e/runner/run-generated-raw-rest-client-test.ts" time="0.004" line="261" col="17">
        </testcase>
        <testcase name="gitea 1.27.2 generated raw REST-client E2E &gt; runner registration and management: deleteOrgRunner" classname="./tests/e2e/runner/run-generated-raw-rest-client-test.ts" time="0.003" line="261" col="17">
        </testcase>
        <testcase name="gitea 1.27.2 generated raw REST-client E2E &gt; runner registration and management: repoCreateRunnerRegistrationToken" classname="./tests/e2e/runner/run-generated-raw-rest-client-test.ts" time="0.003" line="261" col="17">
        </testcase>
        <testcase name="gitea 1.27.2 generated raw REST-client E2E &gt; runner registration and management: $fixture/registerRepo" classname="./tests/e2e/runner/run-generated-raw-rest-client-test.ts" time="0.003" line="261" col="17">
        </testcase>
        <testcase name="gitea 1.27.2 generated raw REST-client E2E &gt; runner registration and management: getRepoRunner" classname="./tests/e2e/runner/run-generated-raw-rest-client-test.ts" time="0.003" line="261" col="17">
        </testcase>
        <testcase name="gitea 1.27.2 generated raw REST-client E2E &gt; runner registration and management: updateRepoRunner" classname="./tests/e2e/runner/run-generated-raw-rest-client-test.ts" time="0.003" line="261" col="17">
        </testcase>
        <testcase name="gitea 1.27.2 generated raw REST-client E2E &gt; runner registration and management: deleteRepoRunner" classname="./tests/e2e/runner/run-generated-raw-rest-client-test.ts" time="0.004" line="261" col="17">
        </testcase>
        <testcase name="gitea 1.27.2 generated raw REST-client E2E &gt; runner registration and management: userCreateRunnerRegistrationToken" classname="./tests/e2e/runner/run-generated-raw-rest-client-test.ts" time="0.003" line="261" col="17">
        </testcase>
        <testcase name="gitea 1.27.2 generated raw REST-client E2E &gt; runner registration and management: $fixture/registerUser" classname="./tests/e2e/runner/run-generated-raw-rest-client-test.ts" time="0.003" line="261" col="17">
        </testcase>
        <testcase name="gitea 1.27.2 generated raw REST-client E2E &gt; runner registration and management: getUserRunner" classname="./tests/e2e/runner/run-generated-raw-rest-client-test.ts" time="0.003" line="261" col="17">
        </testcase>
        <testcase name="gitea 1.27.2 generated raw REST-client E2E &gt; runner registration and management: updateUserRunner" classname="./tests/e2e/runner/run-generated-raw-rest-client-test.ts" time="0.004" line="261" col="17">
        </testcase>
        <testcase name="gitea 1.27.2 generated raw REST-client E2E &gt; runner registration and management: deleteUserRunner" classname="./tests/e2e/runner/run-generated-raw-rest-client-test.ts" time="0.003" line="261" col="17">
        </testcase>
        <testcase name="gitea 1.27.2 generated raw REST-client E2E &gt; workflow lifecycle: repoCreateFile" classname="./tests/e2e/runner/run-generated-raw-rest-client-test.ts" time="0.115" line="261" col="17">
        </testcase>
        <testcase name="gitea 1.27.2 generated raw REST-client E2E &gt; workflow lifecycle: ActionsGetWorkflow" classname="./tests/e2e/runner/run-generated-raw-rest-client-test.ts" time="0.005" line="261" col="17">
        </testcase>
        <testcase name="gitea 1.27.2 generated raw REST-client E2E &gt; workflow lifecycle: ActionsDisableWorkflow" classname="./tests/e2e/runner/run-generated-raw-rest-client-test.ts" time="0.006" line="261" col="17">
        </testcase>
        <testcase name="gitea 1.27.2 generated raw REST-client E2E &gt; workflow lifecycle: ActionsEnableWorkflow" classname="./tests/e2e/runner/run-generated-raw-rest-client-test.ts" time="0.004" line="261" col="17">
        </testcase>
        <testcase name="gitea 1.27.2 generated raw REST-client E2E &gt; workflow lifecycle: ActionsDispatchWorkflow" classname="./tests/e2e/runner/run-generated-raw-rest-client-test.ts" time="0.014" line="261" col="17">
        </testcase>
        <testcase name="gitea 1.27.2 generated raw REST-client E2E &gt; workflow lifecycle: getWorkflowRuns" classname="./tests/e2e/runner/run-generated-raw-rest-client-test.ts" time="0.004" line="261" col="17">
        </testcase>
        <testcase name="gitea 1.27.2 generated raw REST-client E2E &gt; workflow lifecycle: GetWorkflowRun" classname="./tests/e2e/runner/run-generated-raw-rest-client-test.ts" time="0.004" line="261" col="17">
        </testcase>
        <testcase name="gitea 1.27.2 generated raw REST-client E2E &gt; workflow lifecycle: getWorkflowRunAttempt" classname="./tests/e2e/runner/run-generated-raw-rest-client-test.ts" time="0.003" line="261" col="17">
        </testcase>
        <testcase name="gitea 1.27.2 generated raw REST-client E2E &gt; workflow lifecycle: getArtifactsOfRun" classname="./tests/e2e/runner/run-generated-raw-rest-client-test.ts" time="0.004" line="261" col="17">
        </testcase>
        <testcase name="gitea 1.27.2 generated raw REST-client E2E &gt; workflow lifecycle: listWorkflowRunJobs" classname="./tests/e2e/runner/run-generated-raw-rest-client-test.ts" time="0.003" line="261" col="17">
        </testcase>
        <testcase name="gitea 1.27.2 generated raw REST-client E2E &gt; workflow lifecycle: listWorkflowRunAttemptJobs" classname="./tests/e2e/runner/run-generated-raw-rest-client-test.ts" time="0.004" line="261" col="17">
        </testcase>
        <testcase name="gitea 1.27.2 generated raw REST-client E2E &gt; workflow lifecycle: ActionsListWorkflowRuns" classname="./tests/e2e/runner/run-generated-raw-rest-client-test.ts" time="0.004" line="261" col="17">
        </testcase>
        <testcase name="gitea 1.27.2 generated raw REST-client E2E &gt; workflow lifecycle: getWorkflowJob" classname="./tests/e2e/runner/run-generated-raw-rest-client-test.ts" time="0.003" line="261" col="17">
        </testcase>
        <testcase name="gitea 1.27.2 generated raw REST-client E2E &gt; workflow lifecycle: GetWorkflowRun" classname="./tests/e2e/runner/run-generated-raw-rest-client-test.ts" time="0.259" line="261" col="17">
        </testcase>
        <testcase name="gitea 1.27.2 generated raw REST-client E2E &gt; workflow lifecycle: getArtifacts" classname="./tests/e2e/runner/run-generated-raw-rest-client-test.ts" time="0.004" line="261" col="17">
        </testcase>
        <testcase name="gitea 1.27.2 generated raw REST-client E2E &gt; workflow lifecycle: getArtifact" classname="./tests/e2e/runner/run-generated-raw-rest-client-test.ts" time="0.003" line="261" col="17">
        </testcase>
        <testcase name="gitea 1.27.2 generated raw REST-client E2E &gt; workflow lifecycle: downloadArtifact" classname="./tests/e2e/runner/run-generated-raw-rest-client-test.ts" time="0.003" line="261" col="17">
        </testcase>
        <testcase name="gitea 1.27.2 generated raw REST-client E2E &gt; workflow lifecycle: deleteArtifact" classname="./tests/e2e/runner/run-generated-raw-rest-client-test.ts" time="0.003" line="261" col="17">
        </testcase>
        <testcase name="gitea 1.27.2 generated raw REST-client E2E &gt; workflow lifecycle: downloadActionsRunJobLogs" classname="./tests/e2e/runner/run-generated-raw-rest-client-test.ts" time="0.003" line="261" col="17">
        </testcase>
        <testcase name="gitea 1.27.2 generated raw REST-client E2E &gt; workflow lifecycle: rerunWorkflowJob" classname="./tests/e2e/runner/run-generated-raw-rest-client-test.ts" time="0.013" line="261" col="17">
        </testcase>
        <testcase name="gitea 1.27.2 generated raw REST-client E2E &gt; workflow lifecycle: GetWorkflowRun" classname="./tests/e2e/runner/run-generated-raw-rest-client-test.ts" time="0.259" line="261" col="17">
        </testcase>
        <testcase name="gitea 1.27.2 generated raw REST-client E2E &gt; workflow lifecycle: rerunWorkflowRun" classname="./tests/e2e/runner/run-generated-raw-rest-client-test.ts" time="0.014" line="261" col="17">
        </testcase>
        <testcase name="gitea 1.27.2 generated raw REST-client E2E &gt; workflow lifecycle: GetWorkflowRun" classname="./tests/e2e/runner/run-generated-raw-rest-client-test.ts" time="0.259" line="261" col="17">
        </testcase>
        <testcase name="gitea 1.27.2 generated raw REST-client E2E &gt; workflow lifecycle: rerunFailedWorkflowRun" classname="./tests/e2e/runner/run-generated-raw-rest-client-test.ts" time="0.012" line="261" col="17">
        </testcase>
        <testcase name="gitea 1.27.2 generated raw REST-client E2E &gt; workflow lifecycle: GetWorkflowRun" classname="./tests/e2e/runner/run-generated-raw-rest-client-test.ts" time="0.259" line="261" col="17">
        </testcase>
        <testcase name="gitea 1.27.2 generated raw REST-client E2E &gt; workflow lifecycle: deleteActionRun" classname="./tests/e2e/runner/run-generated-raw-rest-client-test.ts" time="0.004" line="261" col="17">
        </testcase>
        <testcase name="gitea 1.27.2 generated raw REST-client E2E &gt; notification lifecycle: issueCreateComment" classname="./tests/e2e/runner/run-generated-raw-rest-client-test.ts" time="0.009" line="261" col="17">
        </testcase>
        <testcase name="gitea 1.27.2 generated raw REST-client E2E &gt; notification lifecycle: notifyGetList" classname="./tests/e2e/runner/run-generated-raw-rest-client-test.ts" time="0.004" line="261" col="17">
        </testcase>
        <testcase name="gitea 1.27.2 generated raw REST-client E2E &gt; notification lifecycle: notifyGetThread" classname="./tests/e2e/runner/run-generated-raw-rest-client-test.ts" time="0.005" line="261" col="17">
        </testcase>
        <testcase name="gitea 1.27.2 generated raw REST-client E2E &gt; notification lifecycle: notifyReadThread" classname="./tests/e2e/runner/run-generated-raw-rest-client-test.ts" time="0.005" line="261" col="17">
        </testcase>
        <testcase name="gitea 1.27.2 generated raw REST-client E2E &gt; secondary resources and administrative cleanup: adminAdoptRepository" classname="./tests/e2e/runner/run-generated-raw-rest-client-test.ts" time="0.007" line="261" col="17">
        </testcase>
        <testcase name="gitea 1.27.2 generated raw REST-client E2E &gt; secondary resources and administrative cleanup: repoGet" classname="./tests/e2e/runner/run-generated-raw-rest-client-test.ts" time="0.003" line="261" col="17">
        </testcase>
        <testcase name="gitea 1.27.2 generated raw REST-client E2E &gt; secondary resources and administrative cleanup: adminDeleteUnadoptedRepository" classname="./tests/e2e/runner/run-generated-raw-rest-client-test.ts" time="0.003" line="261" col="17">
        </testcase>
        <testcase name="gitea 1.27.2 generated raw REST-client E2E &gt; secondary resources and administrative cleanup: adminCronRun" classname="./tests/e2e/runner/run-generated-raw-rest-client-test.ts" time="0.003" line="261" col="17">
        </testcase>
        <testcase name="gitea 1.27.2 generated raw REST-client E2E &gt; secondary resources and administrative cleanup: adminCreateRepo" classname="./tests/e2e/runner/run-generated-raw-rest-client-test.ts" time="0.116" line="261" col="17">
        </testcase>
        <testcase name="gitea 1.27.2 generated raw REST-client E2E &gt; secondary resources and administrative cleanup: adminCreateOrg" classname="./tests/e2e/runner/run-generated-raw-rest-client-test.ts" time="0.006" line="261" col="17">
        </testcase>
        <testcase name="gitea 1.27.2 generated raw REST-client E2E &gt; secondary resources and administrative cleanup: createOrgRepoDeprecated" classname="./tests/e2e/runner/run-generated-raw-rest-client-test.ts" time="0.112" line="261" col="17">
        </testcase>
        <testcase name="gitea 1.27.2 generated raw REST-client E2E &gt; secondary resources and administrative cleanup: adminAddUserBadges" classname="./tests/e2e/runner/run-generated-raw-rest-client-test.ts" time="0.003" line="261" col="17">
        </testcase>
        <testcase name="gitea 1.27.2 generated raw REST-client E2E &gt; secondary resources and administrative cleanup: adminListUserBadges" classname="./tests/e2e/runner/run-generated-raw-rest-client-test.ts" time="0.004" line="261" col="17">
        </testcase>
        <testcase name="gitea 1.27.2 generated raw REST-client E2E &gt; secondary resources and administrative cleanup: adminDeleteUserBadges" classname="./tests/e2e/runner/run-generated-raw-rest-client-test.ts" time="0.003" line="261" col="17">
        </testcase>
        <testcase name="gitea 1.27.2 generated raw REST-client E2E &gt; secondary resources and administrative cleanup: orgDeleteMember" classname="./tests/e2e/runner/run-generated-raw-rest-client-test.ts" time="0.003" line="261" col="17">
        </testcase>
        <testcase name="gitea 1.27.2 generated raw REST-client E2E &gt; secondary resources and administrative cleanup: listPackages" classname="./tests/e2e/runner/run-generated-raw-rest-client-test.ts" time="0.003" line="261" col="17">
        </testcase>
        <testcase name="gitea 1.27.2 generated raw REST-client E2E &gt; secondary resources and administrative cleanup: adminRenameUser" classname="./tests/e2e/runner/run-generated-raw-rest-client-test.ts" time="0.003" line="261" col="17">
        </testcase>
        <testcase name="gitea 1.27.2 generated raw REST-client E2E &gt; secondary resources and administrative cleanup: renameOrg" classname="./tests/e2e/runner/run-generated-raw-rest-client-test.ts" time="0.003" line="261" col="17">
        </testcase>
        <testcase name="gitea 1.27.2 generated raw REST-client E2E &gt; secondary resources and administrative cleanup: orgDeleteRepos" classname="./tests/e2e/runner/run-generated-raw-rest-client-test.ts" time="0.003" line="261" col="17">
        </testcase>
        <testcase name="gitea 1.27.2 generated raw REST-client E2E &gt; secondary resources and administrative cleanup: orgDelete" classname="./tests/e2e/runner/run-generated-raw-rest-client-test.ts" time="0.003" line="261" col="17">
        </testcase>
        <testcase name="gitea 1.27.2 generated raw REST-client E2E &gt; secondary resources and administrative cleanup: issueDelete" classname="./tests/e2e/runner/run-generated-raw-rest-client-test.ts" time="0.004" line="261" col="17">
        </testcase>
        <testcase name="gitea 1.27.2 generated raw REST-client E2E &gt; secondary resources and administrative cleanup: issueDeleteLabel" classname="./tests/e2e/runner/run-generated-raw-rest-client-test.ts" time="0.003" line="261" col="17">
        </testcase>
        <testcase name="gitea 1.27.2 generated raw REST-client E2E &gt; secondary resources and administrative cleanup: orgDeleteLabel" classname="./tests/e2e/runner/run-generated-raw-rest-client-test.ts" time="0.003" line="261" col="17">
        </testcase>
        <testcase name="gitea 1.27.2 generated raw REST-client E2E &gt; secondary resources and administrative cleanup: issueDeleteMilestone" classname="./tests/e2e/runner/run-generated-raw-rest-client-test.ts" time="0.003" line="261" col="17">
        </testcase>
        <testcase name="gitea 1.27.2 generated raw REST-client E2E &gt; secondary resources and administrative cleanup: adminDeleteUser" classname="./tests/e2e/runner/run-generated-raw-rest-client-test.ts" time="0.006" line="261" col="17">
        </testcase>
        <testcase name="gitea 1.27.2 generated raw REST-client E2E &gt; negative: existing commit without a Git note returns not found" classname="./tests/e2e/runner/run-generated-raw-rest-client-test.ts" time="0.004" line="268" col="15">
        </testcase>
        <testcase name="gitea 1.27.2 generated raw REST-client E2E &gt; negative: repoSigningKeySSH: missing resource contract" classname="./tests/e2e/runner/run-generated-raw-rest-client-test.ts" time="0.005" line="268" col="15">
        </testcase>
        <testcase name="gitea 1.27.2 generated raw REST-client E2E &gt; negative: getSigningKeySSH: missing resource contract" classname="./tests/e2e/runner/run-generated-raw-rest-client-test.ts" time="0.006" line="268" col="15">
        </testcase>
    </testsuite>
</testsuites>
